#
# There is insufficient memory for the Java Runtime Environment to continue.
# Native memory allocation (malloc) failed to allocate 32744 bytes for ChunkPool::allocate
# Possible reasons:
#   The system is out of physical RAM or swap space
#   In 32 bit mode, the process size limit was hit
# Possible solutions:
#   Reduce memory load on the system
#   Increase physical memory or swap space
#   Check if swap backing store is full
#   Use 64 bit Java on a 64 bit OS
#   Decrease Java heap size (-Xmx/-Xms)
#   Decrease number of Java threads
#   Decrease Java thread stack sizes (-Xss)
#   Set larger code cache with -XX:ReservedCodeCacheSize=
# This output file may be truncated or incomplete.
#
#  Out of Memory Error (allocation.cpp:273), pid=3680, tid=9680
#
# JRE version: Java(TM) SE Runtime Environment (8.0_77-b03) (build 1.8.0_77-b03)
# Java VM: Java HotSpot(TM) 64-Bit Server VM (25.77-b03 mixed mode windows-amd64 compressed oops)
# Failed to write core dump. Minidumps are not enabled by default on client versions of Windows
#

---------------  T H R E A D  ---------------

Current thread (0x00000000178c4800):  JavaThread "C2 CompilerThread1" daemon [_thread_in_native, id=9680, stack(0x0000000018300000,0x0000000018400000)]

Stack: [0x0000000018300000,0x0000000018400000]
[error occurred during error reporting (printing stack bounds), id 0xc0000005]

Native frames: (J=compiled Java code, j=interpreted, Vv=VM code, C=native code)


Current CompileTask:
C2:   2411 1439       4      
[error occurred during error reporting (printing current compile task), id 0xe0000001]


---------------  P R O C E S S  ---------------

Java Threads: ( => current thread )
  0x0000000017966000 JavaThread "Service Thread" daemon [_thread_blocked, id=11536, stack(0x0000000018600000,0x0000000018700000)]
  0x00000000178d0000 JavaThread "C1 CompilerThread3" daemon [_thread_blocked, id=10176, stack(0x0000000018500000,0x0000000018600000)]
  0x000000001598d000 JavaThread "C2 CompilerThread2" daemon [_thread_in_native, id=6680, stack(0x0000000018400000,0x0000000018500000)]
=>0x00000000178c4800 JavaThread "C2 CompilerThread1" daemon [_thread_in_native, id=9680, stack(0x0000000018300000,0x0000000018400000)]
  0x00000000178bf800 JavaThread "C2 CompilerThread0" daemon [_thread_in_native, id=1040, stack(0x0000000018200000,0x0000000018300000)]
  0x00000000178bd000 JavaThread "Attach Listener" daemon [_thread_blocked, id=8272, stack(0x0000000018100000,0x0000000018200000)]
  0x00000000178bc000 JavaThread "Signal Dispatcher" daemon [_thread_blocked, id=11452, stack(0x0000000018000000,0x0000000018100000)]
  0x00000000178b0800 JavaThread "Finalizer" daemon [_thread_blocked, id=9128, stack(0x0000000017c90000,0x0000000017d90000)]
  0x0000000002e54000 JavaThread "Reference Handler" daemon [_thread_blocked, id=9376, stack(0x0000000017790000,0x0000000017890000)]
  0x0000000002d60800 JavaThread "main" [_thread_in_Java, id=8440, stack(0x0000000002980000,0x0000000002a80000)]

Other Threads:
  0x000000001597a000 VMThread [stack: 0x0000000017690000,0x0000000017790000] [id=2924]
  0x0000000017978800 WatcherThread [stack: 0x0000000018700000,0x0000000018800000] [id=44]

VM state:not at safepoint (normal execution)

VM Mutex/Monitor currently owned by a thread: None

Heap:
 PSYoungGen      total 38400K, used 19394K [0x00000000eab00000, 0x00000000ef600000, 0x0000000100000000)
  eden space 33280K, 42% used [0x00000000eab00000,0x00000000eb8f6228,0x00000000ecb80000)
  from space 5120K, 99% used [0x00000000ecb80000,0x00000000ed07a990,0x00000000ed080000)
  to   space 5120K, 0% used [0x00000000ef100000,0x00000000ef100000,0x00000000ef600000)
 ParOldGen       total 87552K, used 801K [0x00000000c0000000, 0x00000000c5580000, 0x00000000eab00000)
  object space 87552K, 0% used [0x00000000c0000000,0x00000000c00c8738,0x00000000c5580000)
 Metaspace       used 5855K, capacity 7024K, committed 7296K, reserved 1056768K
  class space    used 569K, capacity 616K, committed 640K, reserved 1048576K

Card table byte_map: [0x0000000012220000,0x0000000012430000] byte_map_base: 0x0000000011c20000

Marking Bits: (ParMarkBitMap*) 0x0000000058ec0600
 Begin Bits: [0x0000000012d90000, 0x0000000013d90000)
 End Bits:   [0x0000000013d90000, 0x0000000014d90000)

Polling page: 0x0000000000e90000

CodeCache: size=245760Kb used=6247Kb max_used=6247Kb free=239512Kb
 bounds [0x0000000002e60000, 0x0000000003490000, 0x0000000011e60000]
 total_blobs=1751 nmethods=1486 adapters=178
 compilation: enabled

Compilation events (10 events):
Event: 2.384 Thread 0x00000000178d0000 1502       3       com.android.dx.dex.file.MixedItemSection::intern (39 bytes)
Event: 2.385 Thread 0x00000000178d0000 nmethod 1502 0x000000000347de50 code [0x000000000347e000, 0x000000000347e6b8]
Event: 2.385 Thread 0x00000000178d0000 1503       1       com.android.dx.dex.file.DexFile::getTypeLists (5 bytes)
Event: 2.385 Thread 0x00000000178d0000 nmethod 1503 0x000000000347e8d0 code [0x000000000347ea20, 0x000000000347eb30]
Event: 2.391 Thread 0x00000000178d0000 1504       3       com.android.dx.dex.file.TypeIdsSection::intern (62 bytes)
Event: 2.392 Thread 0x00000000178d0000 nmethod 1504 0x000000000347eb90 code [0x000000000347eda0, 0x000000000347f808]
Event: 2.392 Thread 0x00000000178d0000 1506       3       com.android.dx.rop.type.StdTypeList::hashContents (40 bytes)
Event: 2.392 Thread 0x00000000178d0000 nmethod 1506 0x000000000347fcd0 code [0x000000000347fe60, 0x0000000003480388]
Event: 2.392 Thread 0x00000000178d0000 1505       3       com.android.dx.dex.file.TypeListItem::hashCode (8 bytes)
Event: 2.392 Thread 0x00000000178d0000 nmethod 1505 0x0000000003480590 code [0x0000000003480700, 0x0000000003480888]

GC Heap History (2 events):
Event: 1.551 GC heap before
{Heap before GC invocations=1 (full 0):
 PSYoungGen      total 38400K, used 33280K [0x00000000eab00000, 0x00000000ed580000, 0x0000000100000000)
  eden space 33280K, 100% used [0x00000000eab00000,0x00000000ecb80000,0x00000000ecb80000)
  from space 5120K, 0% used [0x00000000ed080000,0x00000000ed080000,0x00000000ed580000)
  to   space 5120K, 0% used [0x00000000ecb80000,0x00000000ecb80000,0x00000000ed080000)
 ParOldGen       total 87552K, used 0K [0x00000000c0000000, 0x00000000c5580000, 0x00000000eab00000)
  object space 87552K, 0% used [0x00000000c0000000,0x00000000c0000000,0x00000000c5580000)
 Metaspace       used 5708K, capacity 6960K, committed 7040K, reserved 1056768K
  class space    used 563K, capacity 616K, committed 640K, reserved 1048576K
Event: 1.570 GC heap after
Heap after GC invocations=1 (full 0):
 PSYoungGen      total 38400K, used 5098K [0x00000000eab00000, 0x00000000ef600000, 0x0000000100000000)
  eden space 33280K, 0% used [0x00000000eab00000,0x00000000eab00000,0x00000000ecb80000)
  from space 5120K, 99% used [0x00000000ecb80000,0x00000000ed07a990,0x00000000ed080000)
  to   space 5120K, 0% used [0x00000000ef100000,0x00000000ef100000,0x00000000ef600000)
 ParOldGen       total 87552K, used 801K [0x00000000c0000000, 0x00000000c5580000, 0x00000000eab00000)
  object space 87552K, 0% used [0x00000000c0000000,0x00000000c00c8738,0x00000000c5580000)
 Metaspace       used 5708K, capacity 6960K, committed 7040K, reserved 1056768K
  class space    used 563K, capacity 616K, committed 640K, reserved 1048576K
}

Deoptimization events (10 events):
Event: 2.317 Thread 0x0000000002d60800 Uncommon trap: reason=class_check action=maybe_recompile pc=0x000000000337e5f4 method=java.util.Arrays.hashCode([Ljava/lang/Object;)I @ 43
Event: 2.323 Thread 0x0000000002d60800 Uncommon trap: reason=bimorphic action=maybe_recompile pc=0x000000000330c490 method=java.util.HashMap.putVal(ILjava/lang/Object;Ljava/lang/Object;ZZ)Ljava/lang/Object; @ 91
Event: 2.324 Thread 0x0000000002d60800 Uncommon trap: reason=bimorphic action=maybe_recompile pc=0x000000000323ba54 method=java.util.HashMap.getNode(ILjava/lang/Object;)Ljava/util/HashMap$Node; @ 126
Event: 2.325 Thread 0x0000000002d60800 Uncommon trap: reason=bimorphic action=maybe_recompile pc=0x000000000330c490 method=java.util.HashMap.putVal(ILjava/lang/Object;Ljava/lang/Object;ZZ)Ljava/lang/Object; @ 91
Event: 2.325 Thread 0x0000000002d60800 Uncommon trap: reason=bimorphic action=maybe_recompile pc=0x000000000323ba54 method=java.util.HashMap.getNode(ILjava/lang/Object;)Ljava/util/HashMap$Node; @ 126
Event: 2.326 Thread 0x0000000002d60800 Uncommon trap: reason=bimorphic action=maybe_recompile pc=0x000000000323ba54 method=java.util.HashMap.getNode(ILjava/lang/Object;)Ljava/util/HashMap$Node; @ 126
Event: 2.326 Thread 0x0000000002d60800 Uncommon trap: reason=bimorphic action=maybe_recompile pc=0x000000000330c490 method=java.util.HashMap.putVal(ILjava/lang/Object;Ljava/lang/Object;ZZ)Ljava/lang/Object; @ 91
Event: 2.327 Thread 0x0000000002d60800 Uncommon trap: reason=bimorphic action=maybe_recompile pc=0x000000000330c490 method=java.util.HashMap.putVal(ILjava/lang/Object;Ljava/lang/Object;ZZ)Ljava/lang/Object; @ 91
Event: 2.327 Thread 0x0000000002d60800 Uncommon trap: reason=bimorphic action=maybe_recompile pc=0x000000000323ba54 method=java.util.HashMap.getNode(ILjava/lang/Object;)Ljava/util/HashMap$Node; @ 126
Event: 2.328 Thread 0x0000000002d60800 Uncommon trap: reason=bimorphic action=maybe_recompile pc=0x0000000003243508 method=java.util.HashMap.putVal(ILjava/lang/Object;Ljava/lang/Object;ZZ)Ljava/lang/Object; @ 91

Internal exceptions (2 events):
Event: 0.040 Thread 0x0000000002d60800 Exception <a 'java/lang/NoSuchMethodError': Method sun.misc.Unsafe.defineClass(Ljava/lang/String;[BII)Ljava/lang/Class; name or signature does not match> (0x00000000eab07cc0) thrown at [D:\re\workspace\8-2-build-windows-amd64-cygwin\jdk8u77\6540\hotspot\srU÷€Ÿ¹¤?
Event: 0.040 Thread 0x0000000002d60800 Exception <a 'java/lang/NoSuchMethodError': Method sun.misc.Unsafe.prefetchRead(Ljava/lang/Object;J)V name or signature does not match> (0x00000000eab07fa8) thrown at [D:\re\workspace\8-2-build-windows-amd64-cygwin\jdk8u77\6540\hotspot\src\share\vm\prims\j

Events (10 events):
Event: 2.328 Thread 0x0000000002d60800 DEOPT PACKING pc=0x0000000003243508 sp=0x0000000002a7f140
Event: 2.328 Thread 0x0000000002d60800 DEOPT UNPACKING pc=0x0000000002ea582a sp=0x0000000002a7f0f8 mode 2
Event: 2.329 loading class java/util/HashMap$KeySet
Event: 2.329 loading class java/util/HashMap$KeySet done
Event: 2.330 loading class java/util/HashMap$KeyIterator
Event: 2.330 loading class java/util/HashMap$KeyIterator done
Event: 2.334 loading class com/android/dx/dex/file/CatchStructs
Event: 2.334 loading class com/android/dx/dex/file/CatchStructs done
Event: 2.375 loading class com/android/dx/dex/file/ProtoIdItem
Event: 2.375 loading class com/android/dx/dex/file/ProtoIdItem done


Dynamic libraries:
0x000007f73c840000 - 0x000007f73c877000 	C:\Program Files\Java\jdk1.8.0_77\bin\java.exe
0x000007fa6b2e0000 - 0x000007fa6b4a0000 	C:\Windows\SYSTEM32\ntdll.dll
0x000007fa69360000 - 0x000007fa69496000 	C:\Windows\system32\KERNEL32.DLL
0x000007fa68360000 - 0x000007fa68453000 	C:\Windows\system32\KERNELBASE.dll
0x000007fa68e00000 - 0x000007fa68ede000 	C:\Windows\system32\ADVAPI32.dll
0x000007fa68ee0000 - 0x000007fa6902c000 	C:\Windows\system32\USER32.dll
0x000007fa655d0000 - 0x000007fa6583a000 	C:\Windows\WinSxS\amd64_microsoft.windows.common-controls_6595b64144ccf1df_6.0.9200.16579_none_418ab7ef718b27ef\COMCTL32.dll
0x000007fa692b0000 - 0x000007fa69355000 	C:\Windows\system32\msvcrt.dll
0x000007fa690e0000 - 0x000007fa69128000 	C:\Windows\SYSTEM32\sechost.dll
0x000007fa688f0000 - 0x000007fa68a30000 	C:\Windows\system32\RPCRT4.dll
0x000007fa6aa30000 - 0x000007fa6ab70000 	C:\Windows\system32\GDI32.dll
0x000007fa691a0000 - 0x000007fa691d9000 	C:\Windows\system32\IMM32.DLL
0x000007fa687c0000 - 0x000007fa688d5000 	C:\Windows\system32\MSCTF.dll
0x0000000058190000 - 0x0000000058262000 	C:\Program Files\Java\jdk1.8.0_77\jre\bin\msvcr100.dll
0x00000000586b0000 - 0x0000000058f40000 	C:\Program Files\Java\jdk1.8.0_77\jre\bin\server\jvm.dll
0x000007fa612c0000 - 0x000007fa612c9000 	C:\Windows\SYSTEM32\WSOCK32.dll
0x000007fa66710000 - 0x000007fa66730000 	C:\Windows\SYSTEM32\WINMM.dll
0x000007fa66810000 - 0x000007fa66819000 	C:\Windows\SYSTEM32\VERSION.dll
0x000007fa688e0000 - 0x000007fa688e7000 	C:\Windows\system32\PSAPI.DLL
0x000007fa694a0000 - 0x000007fa694f8000 	C:\Windows\system32\WS2_32.dll
0x000007fa64f00000 - 0x000007fa64f32000 	C:\Windows\SYSTEM32\WINMMBASE.dll
0x000007fa687b0000 - 0x000007fa687b9000 	C:\Windows\system32\NSI.dll
0x00000000586a0000 - 0x00000000586af000 	C:\Program Files\Java\jdk1.8.0_77\jre\bin\verify.dll
0x0000000058670000 - 0x0000000058699000 	C:\Program Files\Java\jdk1.8.0_77\jre\bin\java.dll
0x0000000058650000 - 0x0000000058666000 	C:\Program Files\Java\jdk1.8.0_77\jre\bin\zip.dll
0x000007fa69510000 - 0x000007fa6a7f0000 	C:\Windows\system32\SHELL32.dll
0x000007fa6aea0000 - 0x000007fa6b050000 	C:\Windows\SYSTEM32\combase.dll
0x000007fa6acf0000 - 0x000007fa6ad40000 	C:\Windows\system32\SHLWAPI.dll
0x000007fa67370000 - 0x000007fa67406000 	C:\Windows\SYSTEM32\SHCORE.dll
0x000007fa681b0000 - 0x000007fa681c5000 	C:\Windows\SYSTEM32\profapi.dll

VM Arguments:
jvm_args: -Djava.awt.headless=true -Xmx1024M -Dfile.encoding=windows-1251 -Duser.country=RU -Duser.language=ru -Duser.variant 
java_command: com.android.dx.command.Main --dex --output C:\Users\paperrose\AndroidStudioProjects\MttPBase\app\build\intermediates\pre-dexed\debug\activeandroid-3.1.0-SNAPSHOT_c333526f678bf810361b0bd5cf8d376d530b3816.jar C:\Users\paperrose\.gradle\caches\modules-2\files-2.1\com.michaelpardo\activeandroid\3.1.0-SNAPSHOT\4ab7b0182975bc57c49efc5e0b3baa4a10e4ec08\activeandroid-3.1.0-SNAPSHOT.jar
java_class_path (initial): C:\Users\paperrose\AppData\Local\Android\sdk\build-tools\22.0.1\lib\dx.jar
Launcher Type: SUN_STANDARD

Environment Variables:
PATH=C:\ProgramData\Oracle\Java\javapath;C:\Program Files\ImageMagick-6.9.2-Q16;C:\Inprise\vbroker\bin;C:\PROGRA~2\Borland\CBUILD~1\Bin;C:\PROGRA~2\Borland\CBUILD~1\Projects\Bpl;C:\Program Files (x86)\PC Connectivity Solution\;C:\Program Files (x86)\WinMerge;C:\Program Files\TortoiseGit\bin;C:\Program Files\Java\jdk1.8.0_77\bin;C:\Program Files\Java\jre1.8.0_77\bin;C:\Program Files\OpenVPN\bin;C:\Program Files (x86)\Skype\Phone\
USERNAME=paperrose
OS=Windows_NT
PROCESSOR_IDENTIFIER=Intel64 Family 6 Model 60 Stepping 3, GenuineIntel



---------------  S Y S T E M  ---------------

OS: Windows 8 , 64 bit Build 9200 (6.2.9200.16384)

CPU:total 8 (4 cores per cpu, 2 threads per core) family 6 model 60 stepping 3, cmov, cx8, fxsr, mmx, sse, sse2, sse3, ssse3, sse4.1, sse4.2, popcnt, avx, avx2, aes, clmul, erms, lzcnt, ht, tsc, tscinvbit, bmi1, bmi2

Memory: 4k page, physical 8266004k(1698456k free), swap 12953876k(5120k free)

vm_info: Java HotSpot(TM) 64-Bit Server VM (25.77-b03) for windows-amd64 JRE (1.8.0_77-b03), built on Mar 20 2016 22:01:33 by "java_re" with MS VC++ 10.0 (VS2010)

time: Fri Jul 15 17:58:47 2016
elapsed time: 2 seconds (0d 0h 0m 2s)

