#
# There is insufficient memory for the Java Runtime Environment to continue.
# Native memory allocation (malloc) failed to allocate 1062576 bytes for Chunk::new
# Possible reasons:
#   The system is out of physical RAM or swap space
#   In 32 bit mode, the process size limit was hit
# Possible solutions:
#   Reduce memory load on the system
#   Increase physical memory or swap space
#   Check if swap backing store is full
#   Use 64 bit Java on a 64 bit OS
#   Decrease Java heap size (-Xmx/-Xms)
#   Decrease number of Java threads
#   Decrease Java thread stack sizes (-Xss)
#   Set larger code cache with -XX:ReservedCodeCacheSize=
# This output file may be truncated or incomplete.
#
#  Out of Memory Error (allocation.cpp:390), pid=9776, tid=9692
#
# JRE version: Java(TM) SE Runtime Environment (8.0_77-b03) (build 1.8.0_77-b03)
# Java VM: Java HotSpot(TM) 64-Bit Server VM (25.77-b03 mixed mode windows-amd64 compressed oops)
# Failed to write core dump. Minidumps are not enabled by default on client versions of Windows
#

---------------  T H R E A D  ---------------

Current thread (0x00000000179ad800):  JavaThread "C2 CompilerThread1" daemon [_thread_in_native, id=9692, stack(0x00000000183f0000,0x00000000184f0000)]

Stack: [0x00000000183f0000,0x00000000184f0000]
[error occurred during error reporting (printing stack bounds), id 0xc0000005]

Native frames: (J=compiled Java code, j=interpreted, Vv=VM code, C=native code)


Current CompileTask:
C2:   7267 2413 %     4       com.android.dx.dex.code.LocalList::make @ 16 (102 bytes)


---------------  P R O C E S S  ---------------

Java Threads: ( => current thread )
  0x0000000017a53000 JavaThread "Service Thread" daemon [_thread_blocked, id=7968, stack(0x00000000186f0000,0x00000000187f0000)]
  0x00000000179b1000 JavaThread "C1 CompilerThread3" daemon [_thread_blocked, id=4968, stack(0x00000000185f0000,0x00000000186f0000)]
  0x00000000179ae000 JavaThread "C2 CompilerThread2" daemon [_thread_blocked, id=4500, stack(0x00000000184f0000,0x00000000185f0000)]
=>0x00000000179ad800 JavaThread "C2 CompilerThread1" daemon [_thread_in_native, id=9692, stack(0x00000000183f0000,0x00000000184f0000)]
  0x00000000179a8800 JavaThread "C2 CompilerThread0" daemon [_thread_in_native, id=1976, stack(0x00000000182f0000,0x00000000183f0000)]
  0x00000000179a7000 JavaThread "Attach Listener" daemon [_thread_blocked, id=5444, stack(0x00000000181f0000,0x00000000182f0000)]
  0x00000000179a6000 JavaThread "Signal Dispatcher" daemon [_thread_blocked, id=7032, stack(0x00000000180f0000,0x00000000181f0000)]
  0x00000000179a0800 JavaThread "Finalizer" daemon [_thread_blocked, id=8904, stack(0x0000000017d80000,0x0000000017e80000)]
  0x0000000002f86000 JavaThread "Reference Handler" daemon [_thread_blocked, id=7452, stack(0x0000000017880000,0x0000000017980000)]
  0x0000000002e90800 JavaThread "main" [_thread_in_Java, id=1224, stack(0x00000000029e0000,0x0000000002ae0000)]

Other Threads:
  0x0000000015aaa000 VMThread [stack: 0x0000000017780000,0x0000000017880000] [id=1672]
  0x0000000017a6b000 WatcherThread [stack: 0x00000000187f0000,0x00000000188f0000] [id=12276]

VM state:not at safepoint (normal execution)

VM Mutex/Monitor currently owned by a thread: None

Heap:
 PSYoungGen      total 147456K, used 72682K [0x00000000eab00000, 0x00000000f4f00000, 0x0000000100000000)
  eden space 131584K, 44% used [0x00000000eab00000,0x00000000ee39f068,0x00000000f2b80000)
  from space 15872K, 92% used [0x00000000f3c80000,0x00000000f4adba78,0x00000000f4c00000)
  to   space 17408K, 0% used [0x00000000f2b80000,0x00000000f2b80000,0x00000000f3c80000)
 ParOldGen       total 87552K, used 27115K [0x00000000c0000000, 0x00000000c5580000, 0x00000000eab00000)
  object space 87552K, 30% used [0x00000000c0000000,0x00000000c1a7af88,0x00000000c5580000)
 Metaspace       used 6500K, capacity 7504K, committed 7680K, reserved 1056768K
  class space    used 609K, capacity 648K, committed 768K, reserved 1048576K

Card table byte_map: [0x0000000012350000,0x0000000012560000] byte_map_base: 0x0000000011d50000

Marking Bits: (ParMarkBitMap*) 0x0000000058de0600
 Begin Bits: [0x0000000012ec0000, 0x0000000013ec0000)
 End Bits:   [0x0000000013ec0000, 0x0000000014ec0000)

Polling page: 0x0000000000f50000

CodeCache: size=245760Kb used=10769Kb max_used=10771Kb free=234990Kb
 bounds [0x0000000002f90000, 0x0000000003a20000, 0x0000000011f90000]
 total_blobs=2616 nmethods=2347 adapters=179
 compilation: disabled (not enough contiguous free space left)

Compilation events (10 events):
Event: 7.180 Thread 0x00000000179b1000 nmethod 2472 0x0000000003a14650 code [0x0000000003a14860, 0x0000000003a152d8]
Event: 7.180 Thread 0x00000000179b1000 2469       1       com.android.dx.dex.code.PositionList$Entry::getAddress (5 bytes)
Event: 7.180 Thread 0x00000000179b1000 nmethod 2469 0x0000000003a14390 code [0x0000000003a144e0, 0x0000000003a145f0]
Event: 7.180 Thread 0x00000000179b1000 2477       3       com.android.dx.dex.file.OffsettedItem::place (78 bytes)
Event: 7.181 Thread 0x00000000179b1000 nmethod 2477 0x0000000003a17010 code [0x0000000003a171c0, 0x0000000003a176d8]
Event: 7.181 Thread 0x00000000179b1000 2471       3       com.android.dx.dex.code.LocalList$Entry::getRegister (8 bytes)
Event: 7.181 Thread 0x00000000179b1000 nmethod 2471 0x0000000003a16c10 code [0x0000000003a16d60, 0x0000000003a16f50]
Event: 7.181 Thread 0x00000000179b1000 2473       3       com.android.dx.dex.code.LocalList::get (9 bytes)
Event: 7.181 Thread 0x00000000179b1000 nmethod 2473 0x0000000003a16710 code [0x0000000003a16880, 0x0000000003a16b68]
Event: 7.182 Thread 0x00000000179b1000 2478       3       com.android.dx.dex.file.DebugInfoEncoder::emitLocalsAtAddress (150 bytes)

GC Heap History (10 events):
Event: 1.724 GC heap before
{Heap before GC invocations=2 (full 0):
 PSYoungGen      total 38400K, used 38375K [0x00000000eab00000, 0x00000000ed580000, 0x0000000100000000)
  eden space 33280K, 100% used [0x00000000eab00000,0x00000000ecb80000,0x00000000ecb80000)
  from space 5120K, 99% used [0x00000000ecb80000,0x00000000ed079c78,0x00000000ed080000)
  to   space 5120K, 0% used [0x00000000ed080000,0x00000000ed080000,0x00000000ed580000)
 ParOldGen       total 87552K, used 1909K [0x00000000c0000000, 0x00000000c5580000, 0x00000000eab00000)
  object space 87552K, 2% used [0x00000000c0000000,0x00000000c01dd540,0x00000000c5580000)
 Metaspace       used 5873K, capacity 7088K, committed 7296K, reserved 1056768K
  class space    used 567K, capacity 616K, committed 640K, reserved 1048576K
Event: 1.737 GC heap after
Heap after GC invocations=2 (full 0):
 PSYoungGen      total 38400K, used 5099K [0x00000000eab00000, 0x00000000ef600000, 0x0000000100000000)
  eden space 33280K, 0% used [0x00000000eab00000,0x00000000eab00000,0x00000000ecb80000)
  from space 5120K, 99% used [0x00000000ed080000,0x00000000ed57acd0,0x00000000ed580000)
  to   space 5120K, 0% used [0x00000000ecb80000,0x00000000ecb80000,0x00000000ed080000)
 ParOldGen       total 87552K, used 6860K [0x00000000c0000000, 0x00000000c5580000, 0x00000000eab00000)
  object space 87552K, 7% used [0x00000000c0000000,0x00000000c06b33f0,0x00000000c5580000)
 Metaspace       used 5873K, capacity 7088K, committed 7296K, reserved 1056768K
  class space    used 567K, capacity 616K, committed 640K, reserved 1048576K
}
Event: 2.219 GC heap before
{Heap before GC invocations=3 (full 0):
 PSYoungGen      total 38400K, used 38379K [0x00000000eab00000, 0x00000000ef600000, 0x0000000100000000)
  eden space 33280K, 100% used [0x00000000eab00000,0x00000000ecb80000,0x00000000ecb80000)
  from space 5120K, 99% used [0x00000000ed080000,0x00000000ed57acd0,0x00000000ed580000)
  to   space 5120K, 0% used [0x00000000ecb80000,0x00000000ecb80000,0x00000000ed080000)
 ParOldGen       total 87552K, used 6860K [0x00000000c0000000, 0x00000000c5580000, 0x00000000eab00000)
  object space 87552K, 7% used [0x00000000c0000000,0x00000000c06b33f0,0x00000000c5580000)
 Metaspace       used 6007K, capacity 7088K, committed 7296K, reserved 1056768K
  class space    used 586K, capacity 616K, committed 640K, reserved 1048576K
Event: 2.266 GC heap after
Heap after GC invocations=3 (full 0):
 PSYoungGen      total 38400K, used 5092K [0x00000000eab00000, 0x00000000ef600000, 0x0000000100000000)
  eden space 33280K, 0% used [0x00000000eab00000,0x00000000eab00000,0x00000000ecb80000)
  from space 5120K, 99% used [0x00000000ecb80000,0x00000000ed079080,0x00000000ed080000)
  to   space 5120K, 0% used [0x00000000ef100000,0x00000000ef100000,0x00000000ef600000)
 ParOldGen       total 87552K, used 11351K [0x00000000c0000000, 0x00000000c5580000, 0x00000000eab00000)
  object space 87552K, 12% used [0x00000000c0000000,0x00000000c0b15f58,0x00000000c5580000)
 Metaspace       used 6007K, capacity 7088K, committed 7296K, reserved 1056768K
  class space    used 586K, capacity 616K, committed 640K, reserved 1048576K
}
Event: 2.946 GC heap before
{Heap before GC invocations=4 (full 0):
 PSYoungGen      total 38400K, used 38372K [0x00000000eab00000, 0x00000000ef600000, 0x0000000100000000)
  eden space 33280K, 100% used [0x00000000eab00000,0x00000000ecb80000,0x00000000ecb80000)
  from space 5120K, 99% used [0x00000000ecb80000,0x00000000ed079080,0x00000000ed080000)
  to   space 5120K, 0% used [0x00000000ef100000,0x00000000ef100000,0x00000000ef600000)
 ParOldGen       total 87552K, used 11351K [0x00000000c0000000, 0x00000000c5580000, 0x00000000eab00000)
  object space 87552K, 12% used [0x00000000c0000000,0x00000000c0b15f58,0x00000000c5580000)
 Metaspace       used 6030K, capacity 7088K, committed 7296K, reserved 1056768K
  class space    used 586K, capacity 616K, committed 640K, reserved 1048576K
Event: 2.974 GC heap after
Heap after GC invocations=4 (full 0):
 PSYoungGen      total 71680K, used 5096K [0x00000000eab00000, 0x00000000ef600000, 0x0000000100000000)
  eden space 66560K, 0% used [0x00000000eab00000,0x00000000eab00000,0x00000000eec00000)
  from space 5120K, 99% used [0x00000000ef100000,0x00000000ef5fa280,0x00000000ef600000)
  to   space 5120K, 0% used [0x00000000eec00000,0x00000000eec00000,0x00000000ef100000)
 ParOldGen       total 87552K, used 16516K [0x00000000c0000000, 0x00000000c5580000, 0x00000000eab00000)
  object space 87552K, 18% used [0x00000000c0000000,0x00000000c1021300,0x00000000c5580000)
 Metaspace       used 6030K, capacity 7088K, committed 7296K, reserved 1056768K
  class space    used 586K, capacity 616K, committed 640K, reserved 1048576K
}
Event: 5.526 GC heap before
{Heap before GC invocations=5 (full 0):
 PSYoungGen      total 71680K, used 71656K [0x00000000eab00000, 0x00000000ef600000, 0x0000000100000000)
  eden space 66560K, 100% used [0x00000000eab00000,0x00000000eec00000,0x00000000eec00000)
  from space 5120K, 99% used [0x00000000ef100000,0x00000000ef5fa280,0x00000000ef600000)
  to   space 5120K, 0% used [0x00000000eec00000,0x00000000eec00000,0x00000000ef100000)
 ParOldGen       total 87552K, used 16516K [0x00000000c0000000, 0x00000000c5580000, 0x00000000eab00000)
  object space 87552K, 18% used [0x00000000c0000000,0x00000000c1021300,0x00000000c5580000)
 Metaspace       used 6055K, capacity 7088K, committed 7296K, reserved 1056768K
  class space    used 587K, capacity 616K, committed 640K, reserved 1048576K
Event: 5.552 GC heap after
Heap after GC invocations=5 (full 0):
 PSYoungGen      total 71680K, used 5104K [0x00000000eab00000, 0x00000000f4c00000, 0x0000000100000000)
  eden space 66560K, 0% used [0x00000000eab00000,0x00000000eab00000,0x00000000eec00000)
  from space 5120K, 99% used [0x00000000eec00000,0x00000000ef0fc030,0x00000000ef100000)
  to   space 15872K, 0% used [0x00000000f3c80000,0x00000000f3c80000,0x00000000f4c00000)
 ParOldGen       total 87552K, used 27115K [0x00000000c0000000, 0x00000000c5580000, 0x00000000eab00000)
  object space 87552K, 30% used [0x00000000c0000000,0x00000000c1a7af88,0x00000000c5580000)
 Metaspace       used 6055K, capacity 7088K, committed 7296K, reserved 1056768K
  class space    used 587K, capacity 616K, committed 640K, reserved 1048576K
}
Event: 6.527 GC heap before
{Heap before GC invocations=6 (full 0):
 PSYoungGen      total 71680K, used 71664K [0x00000000eab00000, 0x00000000f4c00000, 0x0000000100000000)
  eden space 66560K, 100% used [0x00000000eab00000,0x00000000eec00000,0x00000000eec00000)
  from space 5120K, 99% used [0x00000000eec00000,0x00000000ef0fc030,0x00000000ef100000)
  to   space 15872K, 0% used [0x00000000f3c80000,0x00000000f3c80000,0x00000000f4c00000)
 ParOldGen       total 87552K, used 27115K [0x00000000c0000000, 0x00000000c5580000, 0x00000000eab00000)
  object space 87552K, 30% used [0x00000000c0000000,0x00000000c1a7af88,0x00000000c5580000)
 Metaspace       used 6081K, capacity 7152K, committed 7296K, reserved 1056768K
  class space    used 587K, capacity 616K, committed 640K, reserved 1048576K
Event: 6.565 GC heap after
Heap after GC invocations=6 (full 0):
 PSYoungGen      total 147456K, used 14702K [0x00000000eab00000, 0x00000000f4f00000, 0x0000000100000000)
  eden space 131584K, 0% used [0x00000000eab00000,0x00000000eab00000,0x00000000f2b80000)
  from space 15872K, 92% used [0x00000000f3c80000,0x00000000f4adba78,0x00000000f4c00000)
  to   space 17408K, 0% used [0x00000000f2b80000,0x00000000f2b80000,0x00000000f3c80000)
 ParOldGen       total 87552K, used 27115K [0x00000000c0000000, 0x00000000c5580000, 0x00000000eab00000)
  object space 87552K, 30% used [0x00000000c0000000,0x00000000c1a7af88,0x00000000c5580000)
 Metaspace       used 6081K, capacity 7152K, committed 7296K, reserved 1056768K
  class space    used 587K, capacity 616K, committed 640K, reserved 1048576K
}

Deoptimization events (10 events):
Event: 6.793 Thread 0x0000000002e90800 Uncommon trap: reason=class_check action=maybe_recompile pc=0x000000000345db48 method=java.util.Arrays.hashCode([Ljava/lang/Object;)I @ 43
Event: 6.793 Thread 0x0000000002e90800 Uncommon trap: reason=class_check action=maybe_recompile pc=0x00000000033eb2a8 method=java.util.Arrays.hashCode([Ljava/lang/Object;)I @ 43
Event: 6.950 Thread 0x0000000002e90800 Uncommon trap: reason=speculate_class_check action=maybe_recompile pc=0x00000000032e8f94 method=com.android.dx.util.FixedSizeList.equals(Ljava/lang/Object;)Z @ 25
Event: 6.966 Thread 0x0000000002e90800 Uncommon trap: reason=speculate_class_check action=maybe_recompile pc=0x00000000032e8f94 method=com.android.dx.util.FixedSizeList.equals(Ljava/lang/Object;)Z @ 25
Event: 6.966 Thread 0x0000000002e90800 Uncommon trap: reason=speculate_class_check action=maybe_recompile pc=0x00000000032e8f94 method=com.android.dx.util.FixedSizeList.equals(Ljava/lang/Object;)Z @ 25
Event: 6.966 Thread 0x0000000002e90800 Uncommon trap: reason=speculate_class_check action=maybe_recompile pc=0x00000000032e8f94 method=com.android.dx.util.FixedSizeList.equals(Ljava/lang/Object;)Z @ 25
Event: 7.009 Thread 0x0000000002e90800 Uncommon trap: reason=unstable_if action=reinterpret pc=0x0000000003738ebc method=java.util.TreeMap.put(Ljava/lang/Object;Ljava/lang/Object;)Ljava/lang/Object; @ 163
Event: 7.140 Thread 0x0000000002e90800 Uncommon trap: reason=unstable_if action=reinterpret pc=0x00000000039fce6c method=com.android.dx.rop.code.RegisterSpec.matchesVariable(Lcom/android/dx/rop/code/RegisterSpec;)Z @ 59
Event: 7.140 Thread 0x0000000002e90800 Uncommon trap: reason=unstable_if action=reinterpret pc=0x00000000039a8e10 method=com.android.dx.rop.code.RegisterSpec.matchesVariable(Lcom/android/dx/rop/code/RegisterSpec;)Z @ 59
Event: 7.178 Thread 0x0000000002e90800 Uncommon trap: reason=unstable_if action=reinterpret pc=0x000000000394c524 method=java.util.ArrayList.<init>(I)V @ 5

Internal exceptions (6 events):
Event: 0.047 Thread 0x0000000002e90800 Exception <a 'java/lang/NoSuchMethodError': Method sun.misc.Unsafe.defineClass(Ljava/lang/String;[BII)Ljava/lang/Class; name or signature does not match> (0x00000000eab07cc0) thrown at [D:\re\workspace\8-2-build-windows-amd64-cygwin\jdk8u77\6540\hotspot\sr¹Olw
Event: 0.047 Thread 0x0000000002e90800 Exception <a 'java/lang/NoSuchMethodError': Method sun.misc.Unsafe.prefetchRead(Ljava/lang/Object;J)V name or signature does not match> (0x00000000eab07fa8) thrown at [D:\re\workspace\8-2-build-windows-amd64-cygwin\jdk8u77\6540\hotspot\src\share\vm\prims\jJOò+BTô?
Event: 1.271 Thread 0x0000000002e90800 Implicit null exception at 0x000000000332d262 to 0x000000000332d35a
Event: 1.815 Thread 0x0000000002e90800 Exception <a 'java/lang/ArrayIndexOutOfBoundsException': 18> (0x00000000eb1525f8) thrown at [D:\re\workspace\8-2-build-windows-amd64-cygwin\jdk8u77\6540\hotspot\src\share\vm\interpreter\interpreterRuntime.cpp, line 366]
Event: 1.816 Thread 0x0000000002e90800 Exception <a 'java/lang/ArrayIndexOutOfBoundsException': 145> (0x00000000eb154178) thrown at [D:\re\workspace\8-2-build-windows-amd64-cygwin\jdk8u77\6540\hotspot\src\share\vm\interpreter\interpreterRuntime.cpp, line 366]
Event: 1.816 Thread 0x0000000002e90800 Exception <a 'java/lang/ArrayIndexOutOfBoundsException'> (0x00000000eb155460) thrown at [D:\re\workspace\8-2-build-windows-amd64-cygwin\jdk8u77\6540\hotspot\src\share\vm\runtime\sharedRuntime.cpp, line 605]

Events (10 events):
Event: 7.175 Executing VM operation: ForceSafepoint done
Event: 7.176 loading class com/android/dx/dex/file/DebugInfoEncoder
Event: 7.176 loading class com/android/dx/dex/file/DebugInfoEncoder done
Event: 7.177 loading class com/android/dx/dex/file/DebugInfoEncoder$1
Event: 7.177 loading class com/android/dx/dex/file/DebugInfoEncoder$1 done
Event: 7.177 loading class com/android/dx/dex/file/DebugInfoEncoder$2
Event: 7.177 loading class com/android/dx/dex/file/DebugInfoEncoder$2 done
Event: 7.178 Thread 0x0000000002e90800 Uncommon trap: trap_request=0xffffff65 fr.pc=0x000000000394c524
Event: 7.178 Thread 0x0000000002e90800 DEOPT PACKING pc=0x000000000394c524 sp=0x0000000002adee20
Event: 7.178 Thread 0x0000000002e90800 DEOPT UNPACKING pc=0x0000000002fd582a sp=0x0000000002adedc8 mode 2


Dynamic libraries:
0x000007f60b400000 - 0x000007f60b437000 	C:\Program Files\Java\jdk1.8.0_77\bin\java.exe
0x000007fa6b2e0000 - 0x000007fa6b4a0000 	C:\Windows\SYSTEM32\ntdll.dll
0x000007fa69360000 - 0x000007fa69496000 	C:\Windows\system32\KERNEL32.DLL
0x000007fa68360000 - 0x000007fa68453000 	C:\Windows\system32\KERNELBASE.dll
0x000007fa68e00000 - 0x000007fa68ede000 	C:\Windows\system32\ADVAPI32.dll
0x000007fa68ee0000 - 0x000007fa6902c000 	C:\Windows\system32\USER32.dll
0x000007fa655d0000 - 0x000007fa6583a000 	C:\Windows\WinSxS\amd64_microsoft.windows.common-controls_6595b64144ccf1df_6.0.9200.16579_none_418ab7ef718b27ef\COMCTL32.dll
0x000007fa692b0000 - 0x000007fa69355000 	C:\Windows\system32\msvcrt.dll
0x000007fa690e0000 - 0x000007fa69128000 	C:\Windows\SYSTEM32\sechost.dll
0x000007fa688f0000 - 0x000007fa68a30000 	C:\Windows\system32\RPCRT4.dll
0x000007fa6aa30000 - 0x000007fa6ab70000 	C:\Windows\system32\GDI32.dll
0x000007fa691a0000 - 0x000007fa691d9000 	C:\Windows\system32\IMM32.DLL
0x000007fa687c0000 - 0x000007fa688d5000 	C:\Windows\system32\MSCTF.dll
0x0000000058140000 - 0x0000000058212000 	C:\Program Files\Java\jdk1.8.0_77\jre\bin\msvcr100.dll
0x00000000585d0000 - 0x0000000058e60000 	C:\Program Files\Java\jdk1.8.0_77\jre\bin\server\jvm.dll
0x000007fa612c0000 - 0x000007fa612c9000 	C:\Windows\SYSTEM32\WSOCK32.dll
0x000007fa66710000 - 0x000007fa66730000 	C:\Windows\SYSTEM32\WINMM.dll
0x000007fa66810000 - 0x000007fa66819000 	C:\Windows\SYSTEM32\VERSION.dll
0x000007fa688e0000 - 0x000007fa688e7000 	C:\Windows\system32\PSAPI.DLL
0x000007fa694a0000 - 0x000007fa694f8000 	C:\Windows\system32\WS2_32.dll
0x000007fa64f00000 - 0x000007fa64f32000 	C:\Windows\SYSTEM32\WINMMBASE.dll
0x000007fa687b0000 - 0x000007fa687b9000 	C:\Windows\system32\NSI.dll
0x00000000585c0000 - 0x00000000585cf000 	C:\Program Files\Java\jdk1.8.0_77\jre\bin\verify.dll
0x0000000058590000 - 0x00000000585b9000 	C:\Program Files\Java\jdk1.8.0_77\jre\bin\java.dll
0x0000000058570000 - 0x0000000058586000 	C:\Program Files\Java\jdk1.8.0_77\jre\bin\zip.dll
0x000007fa69510000 - 0x000007fa6a7f0000 	C:\Windows\system32\SHELL32.dll
0x000007fa6aea0000 - 0x000007fa6b050000 	C:\Windows\SYSTEM32\combase.dll
0x000007fa6acf0000 - 0x000007fa6ad40000 	C:\Windows\system32\SHLWAPI.dll
0x000007fa67370000 - 0x000007fa67406000 	C:\Windows\SYSTEM32\SHCORE.dll
0x000007fa681b0000 - 0x000007fa681c5000 	C:\Windows\SYSTEM32\profapi.dll

VM Arguments:
jvm_args: -Djava.awt.headless=true -Xmx1024M -Dfile.encoding=windows-1251 -Duser.country=RU -Duser.language=ru -Duser.variant 
java_command: com.android.dx.command.Main --dex --force-jumbo --output C:\Users\paperrose\AndroidStudioProjects\MttPBase\app\build\intermediates\pre-dexed\debug\com.android.support-appcompat-v7-22.2.1_3f78be04fba25e1a4dcb038088ef256200914bbf.jar C:\Users\paperrose\AndroidStudioProjects\MttPBase\app\build\intermediates\exploded-aar\com.android.support\appcompat-v7\22.2.1\jars\classes.jar
java_class_path (initial): C:\Users\paperrose\AppData\Local\Android\sdk\build-tools\22.0.1\lib\dx.jar
Launcher Type: SUN_STANDARD

Environment Variables:
PATH=C:\ProgramData\Oracle\Java\javapath;C:\Program Files\ImageMagick-6.9.2-Q16;C:\Inprise\vbroker\bin;C:\PROGRA~2\Borland\CBUILD~1\Bin;C:\PROGRA~2\Borland\CBUILD~1\Projects\Bpl;C:\Program Files (x86)\PC Connectivity Solution\;C:\Program Files (x86)\WinMerge;C:\Program Files\TortoiseGit\bin;C:\Program Files\Java\jdk1.8.0_77\bin;C:\Program Files\Java\jre1.8.0_77\bin;C:\Program Files\OpenVPN\bin;C:\Program Files (x86)\Skype\Phone\
USERNAME=paperrose
OS=Windows_NT
PROCESSOR_IDENTIFIER=Intel64 Family 6 Model 60 Stepping 3, GenuineIntel



---------------  S Y S T E M  ---------------

OS: Windows 8 , 64 bit Build 9200 (6.2.9200.16384)

CPU:total 8 (4 cores per cpu, 2 threads per core) family 6 model 60 stepping 3, cmov, cx8, fxsr, mmx, sse, sse2, sse3, ssse3, sse4.1, sse4.2, popcnt, avx, avx2, aes, clmul, erms, lzcnt, ht, tsc, tscinvbit, bmi1, bmi2

Memory: 4k page, physical 8266004k(781488k free), swap 12953876k(209128k free)

vm_info: Java HotSpot(TM) 64-Bit Server VM (25.77-b03) for windows-amd64 JRE (1.8.0_77-b03), built on Mar 20 2016 22:01:33 by "java_re" with MS VC++ 10.0 (VS2010)

time: Thu Jul 14 12:56:22 2016
elapsed time: 7 seconds (0d 0h 0m 7s)

