#
# There is insufficient memory for the Java Runtime Environment to continue.
# Native memory allocation (malloc) failed to allocate 759536 bytes for Chunk::new
# Possible reasons:
#   The system is out of physical RAM or swap space
#   In 32 bit mode, the process size limit was hit
# Possible solutions:
#   Reduce memory load on the system
#   Increase physical memory or swap space
#   Check if swap backing store is full
#   Use 64 bit Java on a 64 bit OS
#   Decrease Java heap size (-Xmx/-Xms)
#   Decrease number of Java threads
#   Decrease Java thread stack sizes (-Xss)
#   Set larger code cache with -XX:ReservedCodeCacheSize=
# This output file may be truncated or incomplete.
#
#  Out of Memory Error (allocation.cpp:390), pid=1020, tid=9948
#
# JRE version: Java(TM) SE Runtime Environment (8.0_77-b03) (build 1.8.0_77-b03)
# Java VM: Java HotSpot(TM) 64-Bit Server VM (25.77-b03 mixed mode windows-amd64 compressed oops)
# Failed to write core dump. Minidumps are not enabled by default on client versions of Windows
#

---------------  T H R E A D  ---------------

Current thread (0x000000001783c800):  JavaThread "C2 CompilerThread2" daemon [_thread_in_native, id=9948, stack(0x0000000018380000,0x0000000018480000)]

Stack: [0x0000000018380000,0x0000000018480000]
[error occurred during error reporting (printing stack bounds), id 0xc0000005]

Native frames: (J=compiled Java code, j=interpreted, Vv=VM code, C=native code)


Current CompileTask:
C2:  35063 2374   !   4       com.android.dx.cf.code.Ropper::doit (126 bytes)


---------------  P R O C E S S  ---------------

Java Threads: ( => current thread )
  0x0000000017850000 JavaThread "Service Thread" daemon [_thread_blocked, id=2312, stack(0x0000000018580000,0x0000000018680000)]
  0x0000000017841800 JavaThread "C1 CompilerThread3" daemon [_thread_blocked, id=9580, stack(0x0000000018480000,0x0000000018580000)]
=>0x000000001783c800 JavaThread "C2 CompilerThread2" daemon [_thread_in_native, id=9948, stack(0x0000000018380000,0x0000000018480000)]
  0x000000001783b800 JavaThread "C2 CompilerThread1" daemon [_thread_blocked, id=12084, stack(0x0000000018280000,0x0000000018380000)]
  0x0000000017836800 JavaThread "C2 CompilerThread0" daemon [_thread_blocked, id=4728, stack(0x0000000018180000,0x0000000018280000)]
  0x0000000002e0e800 JavaThread "Attach Listener" daemon [_thread_blocked, id=8328, stack(0x0000000018080000,0x0000000018180000)]
  0x0000000002e0d800 JavaThread "Signal Dispatcher" daemon [_thread_blocked, id=11576, stack(0x0000000017f80000,0x0000000018080000)]
  0x0000000017830800 JavaThread "Finalizer" daemon [_thread_blocked, id=11740, stack(0x0000000017c10000,0x0000000017d10000)]
  0x000000001592d800 JavaThread "Reference Handler" daemon [_thread_blocked, id=12272, stack(0x0000000017710000,0x0000000017810000)]
  0x0000000002d10800 JavaThread "main" [_thread_in_Java, id=8408, stack(0x0000000002930000,0x0000000002a30000)]

Other Threads:
  0x0000000015929800 VMThread [stack: 0x0000000017610000,0x0000000017710000] [id=7588]
  0x00000000178b9800 WatcherThread [stack: 0x0000000018680000,0x0000000018780000] [id=1988]

VM state:not at safepoint (normal execution)

VM Mutex/Monitor currently owned by a thread: None

Heap:
 PSYoungGen      total 138240K, used 39585K [0x00000000eab00000, 0x00000000f3700000, 0x0000000100000000)
  eden space 133120K, 25% used [0x00000000eab00000,0x00000000eccaef18,0x00000000f2d00000)
  from space 5120K, 99% used [0x00000000f3200000,0x00000000f36f97f0,0x00000000f3700000)
  to   space 5120K, 0% used [0x00000000f2d00000,0x00000000f2d00000,0x00000000f3200000)
 ParOldGen       total 125952K, used 62341K [0x00000000c0000000, 0x00000000c7b00000, 0x00000000eab00000)
  object space 125952K, 49% used [0x00000000c0000000,0x00000000c3ce14f0,0x00000000c7b00000)
 Metaspace       used 5914K, capacity 7152K, committed 7296K, reserved 1056768K
  class space    used 573K, capacity 616K, committed 640K, reserved 1048576K

Card table byte_map: [0x00000000121d0000,0x00000000123e0000] byte_map_base: 0x0000000011bd0000

Marking Bits: (ParMarkBitMap*) 0x0000000058de0600
 Begin Bits: [0x0000000012d40000, 0x0000000013d40000)
 End Bits:   [0x0000000013d40000, 0x0000000014d40000)

Polling page: 0x0000000002790000

CodeCache: size=245760Kb used=9641Kb max_used=9929Kb free=236118Kb
 bounds [0x0000000002e10000, 0x0000000003820000, 0x0000000011e10000]
 total_blobs=2068 nmethods=1810 adapters=171
 compilation: enabled

Compilation events (10 events):
Event: 34.955 Thread 0x0000000017841800 nmethod 2368 0x00000000034acc50 code [0x00000000034ad600, 0x00000000034b3d28]
Event: 34.955 Thread 0x0000000017841800 2369       3       com.android.dx.rop.cst.CstBaseMethodRef::<init> (31 bytes)
Event: 34.957 Thread 0x0000000017841800 nmethod 2369 0x0000000003571450 code [0x00000000035715c0, 0x0000000003571978]
Event: 34.957 Thread 0x0000000017841800 2371       1       com.android.dx.cf.attrib.AttSignature::byteLength (3 bytes)
Event: 34.958 Thread 0x0000000017841800 nmethod 2371 0x00000000035a3590 code [0x00000000035a36e0, 0x00000000035a37f0]
Event: 34.968 Thread 0x000000001783b800 2372       4       com.android.dx.cf.code.Merger::mergeType (142 bytes)
Event: 34.969 Thread 0x0000000017836800 2373       4       com.android.dx.cf.code.Merger::mergeLocals (122 bytes)
Event: 34.975 Thread 0x000000001783b800 nmethod 2372 0x00000000035dc090 code [0x00000000035dc220, 0x00000000035dc638]
Event: 34.990 Thread 0x000000001783c800 2374   !   4       com.android.dx.cf.code.Ropper::doit (126 bytes)
Event: 34.993 Thread 0x0000000017836800 nmethod 2373 0x0000000002fb9c50 code [0x0000000002fb9e20, 0x0000000002fba9e8]

GC Heap History (10 events):
Event: 8.569 GC heap before
{Heap before GC invocations=3 (full 0):
 PSYoungGen      total 71680K, used 71674K [0x00000000eab00000, 0x00000000ef600000, 0x0000000100000000)
  eden space 66560K, 100% used [0x00000000eab00000,0x00000000eec00000,0x00000000eec00000)
  from space 5120K, 99% used [0x00000000ef100000,0x00000000ef5fe8a0,0x00000000ef600000)
  to   space 5120K, 0% used [0x00000000eec00000,0x00000000eec00000,0x00000000ef100000)
 ParOldGen       total 87552K, used 7541K [0x00000000c0000000, 0x00000000c5580000, 0x00000000eab00000)
  object space 87552K, 8% used [0x00000000c0000000,0x00000000c075d570,0x00000000c5580000)
 Metaspace       used 5704K, capacity 7024K, committed 7296K, reserved 1056768K
  class space    used 549K, capacity 616K, committed 640K, reserved 1048576K
Event: 8.606 GC heap after
Heap after GC invocations=3 (full 0):
 PSYoungGen      total 71680K, used 5095K [0x00000000eab00000, 0x00000000f3700000, 0x0000000100000000)
  eden space 66560K, 0% used [0x00000000eab00000,0x00000000eab00000,0x00000000eec00000)
  from space 5120K, 99% used [0x00000000eec00000,0x00000000ef0f9e48,0x00000000ef100000)
  to   space 5120K, 0% used [0x00000000f3200000,0x00000000f3200000,0x00000000f3700000)
 ParOldGen       total 87552K, used 17171K [0x00000000c0000000, 0x00000000c5580000, 0x00000000eab00000)
  object space 87552K, 19% used [0x00000000c0000000,0x00000000c10c4ca0,0x00000000c5580000)
 Metaspace       used 5704K, capacity 7024K, committed 7296K, reserved 1056768K
  class space    used 549K, capacity 616K, committed 640K, reserved 1048576K
}
Event: 10.134 GC heap before
{Heap before GC invocations=4 (full 0):
 PSYoungGen      total 71680K, used 71655K [0x00000000eab00000, 0x00000000f3700000, 0x0000000100000000)
  eden space 66560K, 100% used [0x00000000eab00000,0x00000000eec00000,0x00000000eec00000)
  from space 5120K, 99% used [0x00000000eec00000,0x00000000ef0f9e48,0x00000000ef100000)
  to   space 5120K, 0% used [0x00000000f3200000,0x00000000f3200000,0x00000000f3700000)
 ParOldGen       total 87552K, used 17171K [0x00000000c0000000, 0x00000000c5580000, 0x00000000eab00000)
  object space 87552K, 19% used [0x00000000c0000000,0x00000000c10c4ca0,0x00000000c5580000)
 Metaspace       used 5755K, capacity 7088K, committed 7296K, reserved 1056768K
  class space    used 550K, capacity 616K, committed 640K, reserved 1048576K
Event: 10.214 GC heap after
Heap after GC invocations=4 (full 0):
 PSYoungGen      total 138240K, used 5118K [0x00000000eab00000, 0x00000000f3700000, 0x0000000100000000)
  eden space 133120K, 0% used [0x00000000eab00000,0x00000000eab00000,0x00000000f2d00000)
  from space 5120K, 99% used [0x00000000f3200000,0x00000000f36ffbc8,0x00000000f3700000)
  to   space 5120K, 0% used [0x00000000f2d00000,0x00000000f2d00000,0x00000000f3200000)
 ParOldGen       total 87552K, used 37227K [0x00000000c0000000, 0x00000000c5580000, 0x00000000eab00000)
  object space 87552K, 42% used [0x00000000c0000000,0x00000000c245af90,0x00000000c5580000)
 Metaspace       used 5755K, capacity 7088K, committed 7296K, reserved 1056768K
  class space    used 550K, capacity 616K, committed 640K, reserved 1048576K
}
Event: 21.422 GC heap before
{Heap before GC invocations=5 (full 0):
 PSYoungGen      total 138240K, used 138238K [0x00000000eab00000, 0x00000000f3700000, 0x0000000100000000)
  eden space 133120K, 100% used [0x00000000eab00000,0x00000000f2d00000,0x00000000f2d00000)
  from space 5120K, 99% used [0x00000000f3200000,0x00000000f36ffbc8,0x00000000f3700000)
  to   space 5120K, 0% used [0x00000000f2d00000,0x00000000f2d00000,0x00000000f3200000)
 ParOldGen       total 87552K, used 37227K [0x00000000c0000000, 0x00000000c5580000, 0x00000000eab00000)
  object space 87552K, 42% used [0x00000000c0000000,0x00000000c245af90,0x00000000c5580000)
 Metaspace       used 5808K, capacity 7152K, committed 7296K, reserved 1056768K
  class space    used 554K, capacity 616K, committed 640K, reserved 1048576K
Event: 21.552 GC heap after
Heap after GC invocations=5 (full 0):
 PSYoungGen      total 138240K, used 5114K [0x00000000eab00000, 0x00000000f3700000, 0x0000000100000000)
  eden space 133120K, 0% used [0x00000000eab00000,0x00000000eab00000,0x00000000f2d00000)
  from space 5120K, 99% used [0x00000000f2d00000,0x00000000f31febe0,0x00000000f3200000)
  to   space 5120K, 0% used [0x00000000f3200000,0x00000000f3200000,0x00000000f3700000)
 ParOldGen       total 87552K, used 59655K [0x00000000c0000000, 0x00000000c5580000, 0x00000000eab00000)
  object space 87552K, 68% used [0x00000000c0000000,0x00000000c3a41f90,0x00000000c5580000)
 Metaspace       used 5808K, capacity 7152K, committed 7296K, reserved 1056768K
  class space    used 554K, capacity 616K, committed 640K, reserved 1048576K
}
Event: 21.552 GC heap before
{Heap before GC invocations=6 (full 1):
 PSYoungGen      total 138240K, used 5114K [0x00000000eab00000, 0x00000000f3700000, 0x0000000100000000)
  eden space 133120K, 0% used [0x00000000eab00000,0x00000000eab00000,0x00000000f2d00000)
  from space 5120K, 99% used [0x00000000f2d00000,0x00000000f31febe0,0x00000000f3200000)
  to   space 5120K, 0% used [0x00000000f3200000,0x00000000f3200000,0x00000000f3700000)
 ParOldGen       total 87552K, used 59655K [0x00000000c0000000, 0x00000000c5580000, 0x00000000eab00000)
  object space 87552K, 68% used [0x00000000c0000000,0x00000000c3a41f90,0x00000000c5580000)
 Metaspace       used 5808K, capacity 7152K, committed 7296K, reserved 1056768K
  class space    used 554K, capacity 616K, committed 640K, reserved 1048576K
Event: 22.539 GC heap after
Heap after GC invocations=6 (full 1):
 PSYoungGen      total 138240K, used 0K [0x00000000eab00000, 0x00000000f3700000, 0x0000000100000000)
  eden space 133120K, 0% used [0x00000000eab00000,0x00000000eab00000,0x00000000f2d00000)
  from space 5120K, 0% used [0x00000000f2d00000,0x00000000f2d00000,0x00000000f3200000)
  to   space 5120K, 0% used [0x00000000f3200000,0x00000000f3200000,0x00000000f3700000)
 ParOldGen       total 125952K, used 47187K [0x00000000c0000000, 0x00000000c7b00000, 0x00000000eab00000)
  object space 125952K, 37% used [0x00000000c0000000,0x00000000c2e14c78,0x00000000c7b00000)
 Metaspace       used 5808K, capacity 7152K, committed 7296K, reserved 1056768K
  class space    used 554K, capacity 616K, committed 640K, reserved 1048576K
}
Event: 31.980 GC heap before
{Heap before GC invocations=7 (full 1):
 PSYoungGen      total 138240K, used 133120K [0x00000000eab00000, 0x00000000f3700000, 0x0000000100000000)
  eden space 133120K, 100% used [0x00000000eab00000,0x00000000f2d00000,0x00000000f2d00000)
  from space 5120K, 0% used [0x00000000f2d00000,0x00000000f2d00000,0x00000000f3200000)
  to   space 5120K, 0% used [0x00000000f3200000,0x00000000f3200000,0x00000000f3700000)
 ParOldGen       total 125952K, used 47187K [0x00000000c0000000, 0x00000000c7b00000, 0x00000000eab00000)
  object space 125952K, 37% used [0x00000000c0000000,0x00000000c2e14c78,0x00000000c7b00000)
 Metaspace       used 5913K, capacity 7152K, committed 7296K, reserved 1056768K
  class space    used 573K, capacity 616K, committed 640K, reserved 1048576K
Event: 31.999 GC heap after
Heap after GC invocations=7 (full 1):
 PSYoungGen      total 138240K, used 5093K [0x00000000eab00000, 0x00000000f3700000, 0x0000000100000000)
  eden space 133120K, 0% used [0x00000000eab00000,0x00000000eab00000,0x00000000f2d00000)
  from space 5120K, 99% used [0x00000000f3200000,0x00000000f36f97f0,0x00000000f3700000)
  to   space 5120K, 0% used [0x00000000f2d00000,0x00000000f2d00000,0x00000000f3200000)
 ParOldGen       total 125952K, used 62341K [0x00000000c0000000, 0x00000000c7b00000, 0x00000000eab00000)
  object space 125952K, 49% used [0x00000000c0000000,0x00000000c3ce14f0,0x00000000c7b00000)
 Metaspace       used 5913K, capacity 7152K, committed 7296K, reserved 1056768K
  class space    used 573K, capacity 616K, committed 640K, reserved 1048576K
}

Deoptimization events (10 events):
Event: 22.629 Thread 0x0000000002d10800 Uncommon trap: reason=unstable_if action=reinterpret pc=0x00000000034d6208 method=java.util.HashMap.getNode(ILjava/lang/Object;)Ljava/util/HashMap$Node; @ 84
Event: 22.630 Thread 0x0000000002d10800 Uncommon trap: reason=class_check action=maybe_recompile pc=0x00000000036a9b54 method=com.android.dx.cf.code.RopperMachine.run(Lcom/android/dx/cf/code/Frame;II)V @ 988
Event: 22.630 Thread 0x0000000002d10800 Uncommon trap: reason=class_check action=maybe_recompile pc=0x00000000036a9b54 method=com.android.dx.cf.code.RopperMachine.run(Lcom/android/dx/cf/code/Frame;II)V @ 988
Event: 22.661 Thread 0x0000000002d10800 Uncommon trap: reason=bimorphic action=maybe_recompile pc=0x00000000030d48ac method=com.android.dx.ssa.back.FirstFitLocalCombiningAllocator.findNextUnreservedRopReg(IILcom/android/dx/ssa/back/FirstFitLocalCombiningAllocator$Alignment;)I @ 6
Event: 22.662 Thread 0x0000000002d10800 Uncommon trap: reason=bimorphic action=maybe_recompile pc=0x00000000030d48ac method=com.android.dx.ssa.back.FirstFitLocalCombiningAllocator.findNextUnreservedRopReg(IILcom/android/dx/ssa/back/FirstFitLocalCombiningAllocator$Alignment;)I @ 6
Event: 22.682 Thread 0x0000000002d10800 Uncommon trap: reason=bimorphic action=maybe_recompile pc=0x00000000030d48ac method=com.android.dx.ssa.back.FirstFitLocalCombiningAllocator.findNextUnreservedRopReg(IILcom/android/dx/ssa/back/FirstFitLocalCombiningAllocator$Alignment;)I @ 6
Event: 30.497 Thread 0x0000000002d10800 Uncommon trap: reason=unstable_if action=reinterpret pc=0x0000000003185774 method=com.android.dx.ssa.SCCP.simulateStmt(Lcom/android/dx/ssa/SsaInsn;)V @ 59
Event: 34.945 Thread 0x0000000002d10800 Uncommon trap: reason=unloaded action=reinterpret pc=0x00000000037160a0 method=com.android.dx.cf.cst.ConstantPoolParser.parse0(ILjava/util/BitSet;)Lcom/android/dx/rop/cst/Constant; @ 198
Event: 34.972 Thread 0x0000000002d10800 Uncommon trap: reason=bimorphic action=maybe_recompile pc=0x0000000003024518 method=com.android.dx.cf.code.ExecutionStack.peekType(I)Lcom/android/dx/rop/type/Type; @ 5
Event: 34.973 Thread 0x0000000002d10800 Uncommon trap: reason=bimorphic action=maybe_recompile pc=0x00000000030d48ac method=com.android.dx.ssa.back.FirstFitLocalCombiningAllocator.findNextUnreservedRopReg(IILcom/android/dx/ssa/back/FirstFitLocalCombiningAllocator$Alignment;)I @ 6

Internal exceptions (6 events):
Event: 0.121 Thread 0x0000000002d10800 Exception <a 'java/lang/NoSuchMethodError': Method sun.misc.Unsafe.defineClass(Ljava/lang/String;[BII)Ljava/lang/Class; name or signature does not match> (0x00000000eab07cc0) thrown at [D:\re\workspace\8-2-build-windows-amd64-cygwin\jdk8u77\6540\hotspot\srõ"#çø?
Event: 0.121 Thread 0x0000000002d10800 Exception <a 'java/lang/NoSuchMethodError': Method sun.misc.Unsafe.prefetchRead(Ljava/lang/Object;J)V name or signature does not match> (0x00000000eab07fa8) thrown at [D:\re\workspace\8-2-build-windows-amd64-cygwin\jdk8u77\6540\hotspot\src\share\vm\prims\jπq„' ”@
Event: 6.206 Thread 0x0000000002d10800 Implicit null exception at 0x0000000003533d42 to 0x0000000003534f0d
Event: 22.557 Thread 0x0000000002d10800 Exception <a 'java/lang/ArrayIndexOutOfBoundsException': 18> (0x00000000ead19e00) thrown at [D:\re\workspace\8-2-build-windows-amd64-cygwin\jdk8u77\6540\hotspot\src\share\vm\interpreter\interpreterRuntime.cpp, line 366]
Event: 22.558 Thread 0x0000000002d10800 Exception <a 'java/lang/ArrayIndexOutOfBoundsException': 145> (0x00000000ead1b980) thrown at [D:\re\workspace\8-2-build-windows-amd64-cygwin\jdk8u77\6540\hotspot\src\share\vm\interpreter\interpreterRuntime.cpp, line 366]
Event: 22.563 Thread 0x0000000002d10800 Exception <a 'java/lang/ArrayIndexOutOfBoundsException'> (0x00000000ead1cc68) thrown at [D:\re\workspace\8-2-build-windows-amd64-cygwin\jdk8u77\6540\hotspot\src\share\vm\runtime\sharedRuntime.cpp, line 605]

Events (10 events):
Event: 34.945 Thread 0x0000000002d10800 DEOPT PACKING pc=0x00000000037160a0 sp=0x0000000002a2e6c0
Event: 34.945 Thread 0x0000000002d10800 DEOPT UNPACKING pc=0x0000000002e5582a sp=0x0000000002a2e700 mode 2
Event: 34.972 Thread 0x0000000002d10800 Uncommon trap: trap_request=0xffffffc6 fr.pc=0x0000000003024518
Event: 34.972 Thread 0x0000000002d10800 DEOPT PACKING pc=0x0000000003024518 sp=0x0000000002a2e430
Event: 34.972 Thread 0x0000000002d10800 DEOPT UNPACKING pc=0x0000000002e5582a sp=0x0000000002a2e388 mode 2
Event: 34.973 Thread 0x0000000002d10800 Uncommon trap: trap_request=0xffffffc6 fr.pc=0x00000000030d48ac
Event: 34.973 Thread 0x0000000002d10800 DEOPT PACKING pc=0x00000000030d48ac sp=0x0000000002a2e4f0
Event: 34.973 Thread 0x0000000002d10800 DEOPT UNPACKING pc=0x0000000002e5582a sp=0x0000000002a2e3a0 mode 2
Event: 34.989 Thread 0x0000000002d10800 DEOPT PACKING pc=0x00000000033042e4 sp=0x0000000002a2e6d0
Event: 34.989 Thread 0x0000000002d10800 DEOPT UNPACKING pc=0x0000000002e5787f sp=0x0000000002a2e450 mode 0


Dynamic libraries:
0x000007f60b400000 - 0x000007f60b437000 	C:\Program Files\Java\jdk1.8.0_77\bin\java.exe
0x000007fa6b2e0000 - 0x000007fa6b4a0000 	C:\Windows\SYSTEM32\ntdll.dll
0x000007fa69360000 - 0x000007fa69496000 	C:\Windows\system32\KERNEL32.DLL
0x000007fa68360000 - 0x000007fa68453000 	C:\Windows\system32\KERNELBASE.dll
0x000007fa68e00000 - 0x000007fa68ede000 	C:\Windows\system32\ADVAPI32.dll
0x000007fa68ee0000 - 0x000007fa6902c000 	C:\Windows\system32\USER32.dll
0x000007fa655d0000 - 0x000007fa6583a000 	C:\Windows\WinSxS\amd64_microsoft.windows.common-controls_6595b64144ccf1df_6.0.9200.16579_none_418ab7ef718b27ef\COMCTL32.dll
0x000007fa692b0000 - 0x000007fa69355000 	C:\Windows\system32\msvcrt.dll
0x000007fa690e0000 - 0x000007fa69128000 	C:\Windows\SYSTEM32\sechost.dll
0x000007fa688f0000 - 0x000007fa68a30000 	C:\Windows\system32\RPCRT4.dll
0x000007fa6aa30000 - 0x000007fa6ab70000 	C:\Windows\system32\GDI32.dll
0x000007fa691a0000 - 0x000007fa691d9000 	C:\Windows\system32\IMM32.DLL
0x000007fa687c0000 - 0x000007fa688d5000 	C:\Windows\system32\MSCTF.dll
0x0000000058140000 - 0x0000000058212000 	C:\Program Files\Java\jdk1.8.0_77\jre\bin\msvcr100.dll
0x00000000585d0000 - 0x0000000058e60000 	C:\Program Files\Java\jdk1.8.0_77\jre\bin\server\jvm.dll
0x000007fa612c0000 - 0x000007fa612c9000 	C:\Windows\SYSTEM32\WSOCK32.dll
0x000007fa66710000 - 0x000007fa66730000 	C:\Windows\SYSTEM32\WINMM.dll
0x000007fa66810000 - 0x000007fa66819000 	C:\Windows\SYSTEM32\VERSION.dll
0x000007fa688e0000 - 0x000007fa688e7000 	C:\Windows\system32\PSAPI.DLL
0x000007fa694a0000 - 0x000007fa694f8000 	C:\Windows\system32\WS2_32.dll
0x000007fa64f00000 - 0x000007fa64f32000 	C:\Windows\SYSTEM32\WINMMBASE.dll
0x000007fa687b0000 - 0x000007fa687b9000 	C:\Windows\system32\NSI.dll
0x00000000585c0000 - 0x00000000585cf000 	C:\Program Files\Java\jdk1.8.0_77\jre\bin\verify.dll
0x0000000058590000 - 0x00000000585b9000 	C:\Program Files\Java\jdk1.8.0_77\jre\bin\java.dll
0x0000000058570000 - 0x0000000058586000 	C:\Program Files\Java\jdk1.8.0_77\jre\bin\zip.dll
0x000007fa69510000 - 0x000007fa6a7f0000 	C:\Windows\system32\SHELL32.dll
0x000007fa6aea0000 - 0x000007fa6b050000 	C:\Windows\SYSTEM32\combase.dll
0x000007fa6acf0000 - 0x000007fa6ad40000 	C:\Windows\system32\SHLWAPI.dll
0x000007fa67370000 - 0x000007fa67406000 	C:\Windows\SYSTEM32\SHCORE.dll
0x000007fa681b0000 - 0x000007fa681c5000 	C:\Windows\SYSTEM32\profapi.dll

VM Arguments:
jvm_args: -Djava.awt.headless=true -Xmx1024M -Dfile.encoding=windows-1251 -Duser.country=RU -Duser.language=ru -Duser.variant 
java_command: com.android.dx.command.Main --dex --force-jumbo --output C:\Users\paperrose\AndroidStudioProjects\MttPBase\app\build\intermediates\pre-dexed\debug\main_e44d1795b6e247aa25016a2060c995accbd925b1.jar C:\Users\paperrose\AndroidStudioProjects\MttPBase\app\build\intermediates\transforms\instantRun\debug\folders\1\5\main
java_class_path (initial): C:\Users\paperrose\AppData\Local\Android\sdk\build-tools\22.0.1\lib\dx.jar
Launcher Type: SUN_STANDARD

Environment Variables:
PATH=C:\ProgramData\Oracle\Java\javapath;C:\Program Files\ImageMagick-6.9.2-Q16;C:\Inprise\vbroker\bin;C:\PROGRA~2\Borland\CBUILD~1\Bin;C:\PROGRA~2\Borland\CBUILD~1\Projects\Bpl;C:\Program Files (x86)\PC Connectivity Solution\;C:\Program Files (x86)\WinMerge;C:\Program Files\TortoiseGit\bin;C:\Program Files\Java\jdk1.8.0_77\bin;C:\Program Files\Java\jre1.8.0_77\bin;C:\Program Files\OpenVPN\bin;C:\Program Files (x86)\Skype\Phone\
USERNAME=paperrose
OS=Windows_NT
PROCESSOR_IDENTIFIER=Intel64 Family 6 Model 60 Stepping 3, GenuineIntel



---------------  S Y S T E M  ---------------

OS: Windows 8 , 64 bit Build 9200 (6.2.9200.16384)

CPU:total 8 (4 cores per cpu, 2 threads per core) family 6 model 60 stepping 3, cmov, cx8, fxsr, mmx, sse, sse2, sse3, ssse3, sse4.1, sse4.2, popcnt, avx, avx2, aes, clmul, erms, lzcnt, ht, tsc, tscinvbit, bmi1, bmi2

Memory: 4k page, physical 8266004k(578216k free), swap 12953876k(5548k free)

vm_info: Java HotSpot(TM) 64-Bit Server VM (25.77-b03) for windows-amd64 JRE (1.8.0_77-b03), built on Mar 20 2016 22:01:33 by "java_re" with MS VC++ 10.0 (VS2010)

time: Thu Jul 14 13:13:45 2016
elapsed time: 35 seconds (0d 0h 0m 35s)

