#
# There is insufficient memory for the Java Runtime Environment to continue.
# Native memory allocation (malloc) failed to allocate 271840 bytes for Chunk::new
# Possible reasons:
#   The system is out of physical RAM or swap space
#   In 32 bit mode, the process size limit was hit
# Possible solutions:
#   Reduce memory load on the system
#   Increase physical memory or swap space
#   Check if swap backing store is full
#   Use 64 bit Java on a 64 bit OS
#   Decrease Java heap size (-Xmx/-Xms)
#   Decrease number of Java threads
#   Decrease Java thread stack sizes (-Xss)
#   Set larger code cache with -XX:ReservedCodeCacheSize=
# This output file may be truncated or incomplete.
#
#  Out of Memory Error (allocation.cpp:390), pid=7292, tid=11244
#
# JRE version: Java(TM) SE Runtime Environment (8.0_77-b03) (build 1.8.0_77-b03)
# Java VM: Java HotSpot(TM) 64-Bit Server VM (25.77-b03 mixed mode windows-amd64 compressed oops)
# Failed to write core dump. Minidumps are not enabled by default on client versions of Windows
#

---------------  T H R E A D  ---------------

Current thread (0x00000000154ce000):  JavaThread "C2 CompilerThread2" daemon [_thread_in_native, id=11244, stack(0x0000000017f20000,0x0000000018020000)]

Stack: [0x0000000017f20000,0x0000000018020000]
[error occurred during error reporting (printing stack bounds), id 0xc0000005]

Native frames: (J=compiled Java code, j=interpreted, Vv=VM code, C=native code)


Current CompileTask:
C2:   2430 1364   !   4       com.android.dx.cf.cst.ConstantPoolParser::parse0 (731 bytes)


---------------  P R O C E S S  ---------------

Java Threads: ( => current thread )
  0x0000000017483000 JavaThread "Service Thread" daemon [_thread_blocked, id=12000, stack(0x0000000018120000,0x0000000018220000)]
  0x00000000173f0000 JavaThread "C1 CompilerThread3" daemon [_thread_blocked, id=11912, stack(0x0000000018020000,0x0000000018120000)]
=>0x00000000154ce000 JavaThread "C2 CompilerThread2" daemon [_thread_in_native, id=11244, stack(0x0000000017f20000,0x0000000018020000)]
  0x00000000173e2800 JavaThread "C2 CompilerThread1" daemon [_thread_in_native, id=5164, stack(0x0000000017e20000,0x0000000017f20000)]
  0x00000000173dd800 JavaThread "C2 CompilerThread0" daemon [_thread_in_native, id=12264, stack(0x0000000017d20000,0x0000000017e20000)]
  0x00000000173db800 JavaThread "Attach Listener" daemon [_thread_blocked, id=9776, stack(0x0000000017c20000,0x0000000017d20000)]
  0x00000000173da000 JavaThread "Signal Dispatcher" daemon [_thread_blocked, id=8084, stack(0x0000000017b20000,0x0000000017c20000)]
  0x00000000173d0800 JavaThread "Finalizer" daemon [_thread_blocked, id=11048, stack(0x00000000177b0000,0x00000000178b0000)]
  0x00000000154bd800 JavaThread "Reference Handler" daemon [_thread_blocked, id=6184, stack(0x00000000172b0000,0x00000000173b0000)]
  0x0000000002880800 JavaThread "main" [_thread_in_Java, id=5452, stack(0x00000000024a0000,0x00000000025a0000)]

Other Threads:
  0x00000000154b9800 VMThread [stack: 0x00000000171b0000,0x00000000172b0000] [id=10024]
  0x000000001748e800 WatcherThread [stack: 0x0000000018220000,0x0000000018320000] [id=32]

VM state:not at safepoint (normal execution)

VM Mutex/Monitor currently owned by a thread: None

Heap:
 PSYoungGen      total 38400K, used 12039K [0x00000000eab00000, 0x00000000ed580000, 0x0000000100000000)
  eden space 33280K, 20% used [0x00000000eab00000,0x00000000eb1c4a38,0x00000000ecb80000)
  from space 5120K, 99% used [0x00000000ecb80000,0x00000000ed07d238,0x00000000ed080000)
  to   space 5120K, 0% used [0x00000000ed080000,0x00000000ed080000,0x00000000ed580000)
 ParOldGen       total 87552K, used 2919K [0x00000000c0000000, 0x00000000c5580000, 0x00000000eab00000)
  object space 87552K, 3% used [0x00000000c0000000,0x00000000c02d9ef8,0x00000000c5580000)
 Metaspace       used 5748K, capacity 6960K, committed 7040K, reserved 1056768K
  class space    used 564K, capacity 616K, committed 640K, reserved 1048576K

Card table byte_map: [0x0000000011d40000,0x0000000011f50000] byte_map_base: 0x0000000011740000

Marking Bits: (ParMarkBitMap*) 0x0000000058ec0600
 Begin Bits: [0x00000000128b0000, 0x00000000138b0000)
 End Bits:   [0x00000000138b0000, 0x00000000148b0000)

Polling page: 0x0000000002360000

CodeCache: size=245760Kb used=5756Kb max_used=5756Kb free=240003Kb
 bounds [0x0000000002980000, 0x0000000002f30000, 0x0000000011980000]
 total_blobs=1631 nmethods=1366 adapters=178
 compilation: enabled

Compilation events (10 events):
Event: 2.384 Thread 0x00000000173f0000 nmethod 1365 0x0000000002f25d10 code [0x0000000002f261c0, 0x0000000002f28eb8]
Event: 2.420 Thread 0x00000000173f0000 1366       3       com.android.dx.cf.code.Simulator$SimVisitor::checkReturnType (64 bytes)
Event: 2.421 Thread 0x00000000173f0000 nmethod 1366 0x0000000002eea7d0 code [0x0000000002eeaa20, 0x0000000002eeb7a8]
Event: 2.425 Thread 0x00000000173f0000 1367       3       com.android.dx.cf.direct.DirectClassFile::getAccessFlags (9 bytes)
Event: 2.425 Thread 0x00000000173f0000 nmethod 1367 0x0000000002f12110 code [0x0000000002f12280, 0x0000000002f124c8]
Event: 2.426 Thread 0x00000000173e2800 1368       4       com.android.dx.ssa.SsaBasicBlock::<init> (109 bytes)
Event: 2.427 Thread 0x00000000173f0000 1370       3       java.util.HashMap$HashIterator::<init> (79 bytes)
Event: 2.427 Thread 0x00000000173f0000 nmethod 1370 0x0000000002f11a90 code [0x0000000002f11c00, 0x0000000002f11f90]
Event: 2.428 Thread 0x00000000173f0000 1371       1       com.android.dx.ssa.back.FirstFitLocalCombiningAllocator$Multiset::getSize (5 bytes)
Event: 2.428 Thread 0x00000000173f0000 nmethod 1371 0x0000000002ee9450 code [0x0000000002ee95a0, 0x0000000002ee96b0]

GC Heap History (2 events):
Event: 1.960 GC heap before
{Heap before GC invocations=1 (full 0):
 PSYoungGen      total 38400K, used 33280K [0x00000000eab00000, 0x00000000ed580000, 0x0000000100000000)
  eden space 33280K, 100% used [0x00000000eab00000,0x00000000ecb80000,0x00000000ecb80000)
  from space 5120K, 0% used [0x00000000ed080000,0x00000000ed080000,0x00000000ed580000)
  to   space 5120K, 0% used [0x00000000ecb80000,0x00000000ecb80000,0x00000000ed080000)
 ParOldGen       total 87552K, used 0K [0x00000000c0000000, 0x00000000c5580000, 0x00000000eab00000)
  object space 87552K, 0% used [0x00000000c0000000,0x00000000c0000000,0x00000000c5580000)
 Metaspace       used 5730K, capacity 6960K, committed 7040K, reserved 1056768K
  class space    used 564K, capacity 616K, committed 640K, reserved 1048576K
Event: 1.993 GC heap after
Heap after GC invocations=1 (full 0):
 PSYoungGen      total 38400K, used 5108K [0x00000000eab00000, 0x00000000ed580000, 0x0000000100000000)
  eden space 33280K, 0% used [0x00000000eab00000,0x00000000eab00000,0x00000000ecb80000)
  from space 5120K, 99% used [0x00000000ecb80000,0x00000000ed07d238,0x00000000ed080000)
  to   space 5120K, 0% used [0x00000000ed080000,0x00000000ed080000,0x00000000ed580000)
 ParOldGen       total 87552K, used 2919K [0x00000000c0000000, 0x00000000c5580000, 0x00000000eab00000)
  object space 87552K, 3% used [0x00000000c0000000,0x00000000c02d9ef8,0x00000000c5580000)
 Metaspace       used 5730K, capacity 6960K, committed 7040K, reserved 1056768K
  class space    used 564K, capacity 616K, committed 640K, reserved 1048576K
}

Deoptimization events (10 events):
Event: 0.727 Thread 0x0000000002880800 Uncommon trap: reason=unstable_if action=reinterpret pc=0x0000000002be06a8 method=java.lang.String.<init>([CII)V @ 18
Event: 0.791 Thread 0x0000000002880800 Uncommon trap: reason=unstable_if action=reinterpret pc=0x0000000002b98770 method=java.util.BitSet.nextSetBit(I)I @ 87
Event: 0.811 Thread 0x0000000002880800 Uncommon trap: reason=class_check action=maybe_recompile pc=0x0000000002c6b894 method=com.android.dx.ssa.NormalSsaInsn.accept(Lcom/android/dx/ssa/SsaInsn$Visitor;)V @ 9
Event: 0.811 Thread 0x0000000002880800 Uncommon trap: reason=class_check action=maybe_recompile pc=0x0000000002c6b894 method=com.android.dx.ssa.NormalSsaInsn.accept(Lcom/android/dx/ssa/SsaInsn$Visitor;)V @ 9
Event: 0.812 Thread 0x0000000002880800 Uncommon trap: reason=class_check action=maybe_recompile pc=0x0000000002c6b894 method=com.android.dx.ssa.NormalSsaInsn.accept(Lcom/android/dx/ssa/SsaInsn$Visitor;)V @ 9
Event: 0.812 Thread 0x0000000002880800 Uncommon trap: reason=class_check action=maybe_recompile pc=0x0000000002c6b894 method=com.android.dx.ssa.NormalSsaInsn.accept(Lcom/android/dx/ssa/SsaInsn$Visitor;)V @ 9
Event: 0.814 Thread 0x0000000002880800 Uncommon trap: reason=class_check action=maybe_recompile pc=0x0000000002c0bff0 method=com.android.dx.ssa.NormalSsaInsn.accept(Lcom/android/dx/ssa/SsaInsn$Visitor;)V @ 9
Event: 1.653 Thread 0x0000000002880800 Uncommon trap: reason=null_check action=make_not_entrant pc=0x0000000002d07794 method=com.android.dx.ssa.SsaRenamer.getLocalForNewReg(I)Lcom/android/dx/rop/code/LocalItem; @ 19
Event: 1.653 Thread 0x0000000002880800 Uncommon trap: reason=null_check action=make_not_entrant pc=0x0000000002cfb1d8 method=com.android.dx.ssa.SsaRenamer.getLocalForNewReg(I)Lcom/android/dx/rop/code/LocalItem; @ 19
Event: 1.719 Thread 0x0000000002880800 Uncommon trap: reason=unstable_if action=reinterpret pc=0x0000000002d0ba84 method=com.android.dx.rop.code.RegisterSpec.equals(ILcom/android/dx/rop/type/TypeBearer;Lcom/android/dx/rop/code/LocalItem;)Z @ 42

Internal exceptions (4 events):
Event: 0.040 Thread 0x0000000002880800 Exception <a 'java/lang/NoSuchMethodError': Method sun.misc.Unsafe.defineClass(Ljava/lang/String;[BII)Ljava/lang/Class; name or signature does not match> (0x00000000eab07cc0) thrown at [D:\re\workspace\8-2-build-windows-amd64-cygwin\jdk8u77\6540\hotspot\srVÈ÷©¤?
Event: 0.040 Thread 0x0000000002880800 Exception <a 'java/lang/NoSuchMethodError': Method sun.misc.Unsafe.prefetchRead(Ljava/lang/Object;J)V name or signature does not match> (0x00000000eab07fa8) thrown at [D:\re\workspace\8-2-build-windows-amd64-cygwin\jdk8u77\6540\hotspot\src\share\vm\prims\jß[š3™qú?
Event: 1.653 Thread 0x0000000002880800 Implicit null exception at 0x0000000002d06154 to 0x0000000002d07749
Event: 1.653 Thread 0x0000000002880800 Implicit null exception at 0x0000000002cf9e91 to 0x0000000002cfb1b9

Events (10 events):
Event: 1.653 Thread 0x0000000002880800 DEOPT PACKING pc=0x0000000002d07794 sp=0x000000000259e820
Event: 1.653 Thread 0x0000000002880800 DEOPT UNPACKING pc=0x00000000029c582a sp=0x000000000259e678 mode 2
Event: 1.653 Thread 0x0000000002880800 Uncommon trap: trap_request=0xfffffff4 fr.pc=0x0000000002cfb1d8
Event: 1.653 Thread 0x0000000002880800 DEOPT PACKING pc=0x0000000002cfb1d8 sp=0x000000000259e7b0
Event: 1.653 Thread 0x0000000002880800 DEOPT UNPACKING pc=0x00000000029c582a sp=0x000000000259e668 mode 2
Event: 1.719 Thread 0x0000000002880800 Uncommon trap: trap_request=0xffffff65 fr.pc=0x0000000002d0ba84
Event: 1.719 Thread 0x0000000002880800 DEOPT PACKING pc=0x0000000002d0ba84 sp=0x000000000259e920
Event: 1.719 Thread 0x0000000002880800 DEOPT UNPACKING pc=0x00000000029c582a sp=0x000000000259e8a8 mode 2
Event: 1.960 Executing VM operation: ParallelGCFailedAllocation
Event: 1.994 Executing VM operation: ParallelGCFailedAllocation done


Dynamic libraries:
0x000007f73c840000 - 0x000007f73c877000 	C:\Program Files\Java\jdk1.8.0_77\bin\java.exe
0x000007fa6b2e0000 - 0x000007fa6b4a0000 	C:\Windows\SYSTEM32\ntdll.dll
0x000007fa69360000 - 0x000007fa69496000 	C:\Windows\system32\KERNEL32.DLL
0x000007fa68360000 - 0x000007fa68453000 	C:\Windows\system32\KERNELBASE.dll
0x000007fa68e00000 - 0x000007fa68ede000 	C:\Windows\system32\ADVAPI32.dll
0x000007fa68ee0000 - 0x000007fa6902c000 	C:\Windows\system32\USER32.dll
0x000007fa655d0000 - 0x000007fa6583a000 	C:\Windows\WinSxS\amd64_microsoft.windows.common-controls_6595b64144ccf1df_6.0.9200.16579_none_418ab7ef718b27ef\COMCTL32.dll
0x000007fa692b0000 - 0x000007fa69355000 	C:\Windows\system32\msvcrt.dll
0x000007fa690e0000 - 0x000007fa69128000 	C:\Windows\SYSTEM32\sechost.dll
0x000007fa688f0000 - 0x000007fa68a30000 	C:\Windows\system32\RPCRT4.dll
0x000007fa6aa30000 - 0x000007fa6ab70000 	C:\Windows\system32\GDI32.dll
0x000007fa691a0000 - 0x000007fa691d9000 	C:\Windows\system32\IMM32.DLL
0x000007fa687c0000 - 0x000007fa688d5000 	C:\Windows\system32\MSCTF.dll
0x0000000058190000 - 0x0000000058262000 	C:\Program Files\Java\jdk1.8.0_77\jre\bin\msvcr100.dll
0x00000000586b0000 - 0x0000000058f40000 	C:\Program Files\Java\jdk1.8.0_77\jre\bin\server\jvm.dll
0x000007fa612c0000 - 0x000007fa612c9000 	C:\Windows\SYSTEM32\WSOCK32.dll
0x000007fa66710000 - 0x000007fa66730000 	C:\Windows\SYSTEM32\WINMM.dll
0x000007fa66810000 - 0x000007fa66819000 	C:\Windows\SYSTEM32\VERSION.dll
0x000007fa688e0000 - 0x000007fa688e7000 	C:\Windows\system32\PSAPI.DLL
0x000007fa694a0000 - 0x000007fa694f8000 	C:\Windows\system32\WS2_32.dll
0x000007fa64f00000 - 0x000007fa64f32000 	C:\Windows\SYSTEM32\WINMMBASE.dll
0x000007fa687b0000 - 0x000007fa687b9000 	C:\Windows\system32\NSI.dll
0x00000000586a0000 - 0x00000000586af000 	C:\Program Files\Java\jdk1.8.0_77\jre\bin\verify.dll
0x0000000058670000 - 0x0000000058699000 	C:\Program Files\Java\jdk1.8.0_77\jre\bin\java.dll
0x0000000058650000 - 0x0000000058666000 	C:\Program Files\Java\jdk1.8.0_77\jre\bin\zip.dll
0x000007fa69510000 - 0x000007fa6a7f0000 	C:\Windows\system32\SHELL32.dll
0x000007fa6aea0000 - 0x000007fa6b050000 	C:\Windows\SYSTEM32\combase.dll
0x000007fa6acf0000 - 0x000007fa6ad40000 	C:\Windows\system32\SHLWAPI.dll
0x000007fa67370000 - 0x000007fa67406000 	C:\Windows\SYSTEM32\SHCORE.dll
0x000007fa681b0000 - 0x000007fa681c5000 	C:\Windows\SYSTEM32\profapi.dll

VM Arguments:
jvm_args: -Djava.awt.headless=true -Xmx1024M -Dfile.encoding=windows-1251 -Duser.country=RU -Duser.language=ru -Duser.variant 
java_command: com.android.dx.command.Main --dex --output C:\Users\paperrose\AndroidStudioProjects\MttPBase\app\build\intermediates\pre-dexed\debug\retrofit-2.1.0_ef07770f3510f45308943dd170768288b33b12ef.jar C:\Users\paperrose\.gradle\caches\modules-2\files-2.1\com.squareup.retrofit2\retrofit\2.1.0\2de7cd8b95b7021b1d597f049bcb422055119f2c\retrofit-2.1.0.jar
java_class_path (initial): C:\Users\paperrose\AppData\Local\Android\sdk\build-tools\22.0.1\lib\dx.jar
Launcher Type: SUN_STANDARD

Environment Variables:
PATH=C:\ProgramData\Oracle\Java\javapath;C:\Program Files\ImageMagick-6.9.2-Q16;C:\Inprise\vbroker\bin;C:\PROGRA~2\Borland\CBUILD~1\Bin;C:\PROGRA~2\Borland\CBUILD~1\Projects\Bpl;C:\Program Files (x86)\PC Connectivity Solution\;C:\Program Files (x86)\WinMerge;C:\Program Files\TortoiseGit\bin;C:\Program Files\Java\jdk1.8.0_77\bin;C:\Program Files\Java\jre1.8.0_77\bin;C:\Program Files\OpenVPN\bin;C:\Program Files (x86)\Skype\Phone\
USERNAME=paperrose
OS=Windows_NT
PROCESSOR_IDENTIFIER=Intel64 Family 6 Model 60 Stepping 3, GenuineIntel



---------------  S Y S T E M  ---------------

OS: Windows 8 , 64 bit Build 9200 (6.2.9200.16384)

CPU:total 8 (4 cores per cpu, 2 threads per core) family 6 model 60 stepping 3, cmov, cx8, fxsr, mmx, sse, sse2, sse3, ssse3, sse4.1, sse4.2, popcnt, avx, avx2, aes, clmul, erms, lzcnt, ht, tsc, tscinvbit, bmi1, bmi2

Memory: 4k page, physical 8266004k(1753304k free), swap 12953876k(4804k free)

vm_info: Java HotSpot(TM) 64-Bit Server VM (25.77-b03) for windows-amd64 JRE (1.8.0_77-b03), built on Mar 20 2016 22:01:33 by "java_re" with MS VC++ 10.0 (VS2010)

time: Fri Jul 15 17:58:47 2016
elapsed time: 2 seconds (0d 0h 0m 2s)

