#
# There is insufficient memory for the Java Runtime Environment to continue.
# Native memory allocation (malloc) failed to allocate 1894176 bytes for Chunk::new
# Possible reasons:
#   The system is out of physical RAM or swap space
#   In 32 bit mode, the process size limit was hit
# Possible solutions:
#   Reduce memory load on the system
#   Increase physical memory or swap space
#   Check if swap backing store is full
#   Use 64 bit Java on a 64 bit OS
#   Decrease Java heap size (-Xmx/-Xms)
#   Decrease number of Java threads
#   Decrease Java thread stack sizes (-Xss)
#   Set larger code cache with -XX:ReservedCodeCacheSize=
# This output file may be truncated or incomplete.
#
#  Out of Memory Error (allocation.cpp:390), pid=2160, tid=7412
#
# JRE version: Java(TM) SE Runtime Environment (8.0_77-b03) (build 1.8.0_77-b03)
# Java VM: Java HotSpot(TM) 64-Bit Server VM (25.77-b03 mixed mode windows-amd64 compressed oops)
# Failed to write core dump. Minidumps are not enabled by default on client versions of Windows
#

---------------  T H R E A D  ---------------

Current thread (0x0000000017013800):  JavaThread "C2 CompilerThread2" daemon [_thread_in_native, id=7412, stack(0x0000000017b50000,0x0000000017c50000)]

Stack: [0x0000000017b50000,0x0000000017c50000]
[error occurred during error reporting (printing stack bounds), id 0xc0000005]

Native frames: (J=compiled Java code, j=interpreted, Vv=VM code, C=native code)


Current CompileTask:
C2:   2408 1401   !   4       com.android.dx.cf.cst.ConstantPoolParser::parse0 (731 bytes)


---------------  P R O C E S S  ---------------

Java Threads: ( => current thread )
  0x0000000017081000 JavaThread "Service Thread" daemon [_thread_blocked, id=3156, stack(0x0000000017d50000,0x0000000017e50000)]
  0x000000001512e800 JavaThread "C1 CompilerThread3" daemon [_thread_in_native, id=8984, stack(0x0000000017c50000,0x0000000017d50000)]
=>0x0000000017013800 JavaThread "C2 CompilerThread2" daemon [_thread_in_native, id=7412, stack(0x0000000017b50000,0x0000000017c50000)]
  0x0000000017012800 JavaThread "C2 CompilerThread1" daemon [_thread_in_native, id=8972, stack(0x0000000017a50000,0x0000000017b50000)]
  0x000000001700d800 JavaThread "C2 CompilerThread0" daemon [_thread_in_native, id=4040, stack(0x0000000017950000,0x0000000017a50000)]
  0x000000001700b800 JavaThread "Attach Listener" daemon [_thread_blocked, id=9372, stack(0x0000000017850000,0x0000000017950000)]
  0x000000001700a000 JavaThread "Signal Dispatcher" daemon [_thread_blocked, id=7672, stack(0x0000000017750000,0x0000000017850000)]
  0x0000000017000800 JavaThread "Finalizer" daemon [_thread_blocked, id=7176, stack(0x00000000173e0000,0x00000000174e0000)]
  0x000000001511d800 JavaThread "Reference Handler" daemon [_thread_blocked, id=11972, stack(0x0000000016ee0000,0x0000000016fe0000)]
  0x0000000002500800 JavaThread "main" [_thread_in_vm, id=5448, stack(0x0000000002040000,0x0000000002140000)]

Other Threads:
  0x0000000015119000 VMThread [stack: 0x0000000016de0000,0x0000000016ee0000] [id=6324]
  0x00000000170d5800 WatcherThread [stack: 0x0000000017e50000,0x0000000017f50000] [id=11608]

VM state:not at safepoint (normal execution)

VM Mutex/Monitor currently owned by a thread:  ([mutex/lock_event])
[0x000000000221bae0] CodeCache_lock - owner thread: 0x000000001512e800
[0x000000000221d4b0] Compile_lock - owner thread: 0x000000001512e800

Heap:
 PSYoungGen      total 38400K, used 16093K [0x00000000eab00000, 0x00000000ed580000, 0x0000000100000000)
  eden space 33280K, 32% used [0x00000000eab00000,0x00000000eb5b8c68,0x00000000ecb80000)
  from space 5120K, 99% used [0x00000000ecb80000,0x00000000ed07eac8,0x00000000ed080000)
  to   space 5120K, 0% used [0x00000000ed080000,0x00000000ed080000,0x00000000ed580000)
 ParOldGen       total 87552K, used 1740K [0x00000000c0000000, 0x00000000c5580000, 0x00000000eab00000)
  object space 87552K, 1% used [0x00000000c0000000,0x00000000c01b3238,0x00000000c5580000)
 Metaspace       used 5785K, capacity 6960K, committed 7040K, reserved 1056768K
  class space    used 563K, capacity 616K, committed 640K, reserved 1048576K

Card table byte_map: [0x00000000119c0000,0x0000000011bd0000] byte_map_base: 0x00000000113c0000

Marking Bits: (ParMarkBitMap*) 0x0000000058ec0600
 Begin Bits: [0x0000000012530000, 0x0000000013530000)
 End Bits:   [0x0000000013530000, 0x0000000014530000)

Polling page: 0x0000000001f70000

CodeCache: size=245760Kb used=6121Kb max_used=6121Kb free=239639Kb
 bounds [0x0000000002600000, 0x0000000002c00000, 0x0000000011600000]
 total_blobs=1688 nmethods=1423 adapters=178
 compilation: enabled

Compilation events (10 events):
Event: 2.402 Thread 0x000000001512e800 1439       3       com.android.dx.cf.code.BaseMachine::auxTargetArg (6 bytes)
Event: 2.402 Thread 0x000000001512e800 nmethod 1439 0x0000000002bef7d0 code [0x0000000002bef920, 0x0000000002befa70]
Event: 2.402 Thread 0x000000001512e800 1440       3       java.util.RegularEnumSet::remove (74 bytes)
Event: 2.403 Thread 0x000000001512e800 nmethod 1440 0x0000000002bdf310 code [0x0000000002bdf4a0, 0x0000000002bdfa48]
Event: 2.405 Thread 0x000000001512e800 1442       3       com.android.dx.ssa.SsaRenamer::<init> (100 bytes)
Event: 2.406 Thread 0x000000001512e800 nmethod 1442 0x0000000002bfad90 code [0x0000000002bfaf80, 0x0000000002bfba88]
Event: 2.406 Thread 0x000000001512e800 1443       3       com.android.dx.ssa.SsaMethod::<init> (50 bytes)
Event: 2.407 Thread 0x000000001512e800 nmethod 1443 0x0000000002be2c10 code [0x0000000002be2dc0, 0x0000000002be3498]
Event: 2.407 Thread 0x000000001512e800 1444       3       com.android.dx.ssa.LocalVariableExtractor::<init> (61 bytes)
Event: 2.407 Thread 0x000000001512e800 nmethod 1444 0x0000000002bfbf10 code [0x0000000002bfc0c0, 0x0000000002bfc5a8]

GC Heap History (2 events):
Event: 1.528 GC heap before
{Heap before GC invocations=1 (full 0):
 PSYoungGen      total 38400K, used 33280K [0x00000000eab00000, 0x00000000ed580000, 0x0000000100000000)
  eden space 33280K, 100% used [0x00000000eab00000,0x00000000ecb80000,0x00000000ecb80000)
  from space 5120K, 0% used [0x00000000ed080000,0x00000000ed080000,0x00000000ed580000)
  to   space 5120K, 0% used [0x00000000ecb80000,0x00000000ecb80000,0x00000000ed080000)
 ParOldGen       total 87552K, used 0K [0x00000000c0000000, 0x00000000c5580000, 0x00000000eab00000)
  object space 87552K, 0% used [0x00000000c0000000,0x00000000c0000000,0x00000000c5580000)
 Metaspace       used 5737K, capacity 6960K, committed 7040K, reserved 1056768K
  class space    used 562K, capacity 616K, committed 640K, reserved 1048576K
Event: 1.544 GC heap after
Heap after GC invocations=1 (full 0):
 PSYoungGen      total 38400K, used 5114K [0x00000000eab00000, 0x00000000ed580000, 0x0000000100000000)
  eden space 33280K, 0% used [0x00000000eab00000,0x00000000eab00000,0x00000000ecb80000)
  from space 5120K, 99% used [0x00000000ecb80000,0x00000000ed07eac8,0x00000000ed080000)
  to   space 5120K, 0% used [0x00000000ed080000,0x00000000ed080000,0x00000000ed580000)
 ParOldGen       total 87552K, used 1740K [0x00000000c0000000, 0x00000000c5580000, 0x00000000eab00000)
  object space 87552K, 1% used [0x00000000c0000000,0x00000000c01b3238,0x00000000c5580000)
 Metaspace       used 5737K, capacity 6960K, committed 7040K, reserved 1056768K
  class space    used 562K, capacity 616K, committed 640K, reserved 1048576K
}

Deoptimization events (10 events):
Event: 1.119 Thread 0x0000000002500800 Uncommon trap: reason=unstable_if action=reinterpret pc=0x000000000296789c method=com.android.dx.rop.cst.Constant.compareTo(Lcom/android/dx/rop/cst/Constant;)I @ 12
Event: 1.164 Thread 0x0000000002500800 Uncommon trap: reason=unstable_if action=reinterpret pc=0x0000000002a02944 method=com.android.dx.ssa.SsaRenamer$BlockRenamer.addMapping(ILcom/android/dx/rop/code/RegisterSpec;)V @ 120
Event: 1.179 Thread 0x0000000002500800 Uncommon trap: reason=class_check action=maybe_recompile pc=0x00000000028531b0 method=com.android.dx.ssa.NormalSsaInsn.accept(Lcom/android/dx/ssa/SsaInsn$Visitor;)V @ 9
Event: 1.425 Thread 0x0000000002500800 Uncommon trap: reason=class_check action=maybe_recompile pc=0x0000000002a9e4fc method=com.android.dx.ssa.NormalSsaInsn.accept(Lcom/android/dx/ssa/SsaInsn$Visitor;)V @ 9
Event: 1.425 Thread 0x0000000002500800 Uncommon trap: reason=class_check action=maybe_recompile pc=0x0000000002a9e4fc method=com.android.dx.ssa.NormalSsaInsn.accept(Lcom/android/dx/ssa/SsaInsn$Visitor;)V @ 9
Event: 1.461 Thread 0x0000000002500800 Uncommon trap: reason=class_check action=maybe_recompile pc=0x0000000002a9e4fc method=com.android.dx.ssa.NormalSsaInsn.accept(Lcom/android/dx/ssa/SsaInsn$Visitor;)V @ 9
Event: 1.513 Thread 0x0000000002500800 Uncommon trap: reason=class_check action=maybe_recompile pc=0x0000000002b2e558 method=com.android.dx.cf.code.BytecodeArray.parseInstruction(ILcom/android/dx/cf/code/BytecodeArray$Visitor;)I @ 1672
Event: 1.513 Thread 0x0000000002500800 Uncommon trap: reason=class_check action=maybe_recompile pc=0x0000000002b2e558 method=com.android.dx.cf.code.BytecodeArray.parseInstruction(ILcom/android/dx/cf/code/BytecodeArray$Visitor;)I @ 1672
Event: 1.525 Thread 0x0000000002500800 Uncommon trap: reason=class_check action=maybe_recompile pc=0x0000000002b2e014 method=com.android.dx.cf.code.BytecodeArray.parseInstruction(ILcom/android/dx/cf/code/BytecodeArray$Visitor;)I @ 1387
Event: 1.525 Thread 0x0000000002500800 Uncommon trap: reason=class_check action=maybe_recompile pc=0x0000000002b2e014 method=com.android.dx.cf.code.BytecodeArray.parseInstruction(ILcom/android/dx/cf/code/BytecodeArray$Visitor;)I @ 1387

Internal exceptions (4 events):
Event: 0.042 Thread 0x0000000002500800 Exception <a 'java/lang/NoSuchMethodError': Method sun.misc.Unsafe.defineClass(Ljava/lang/String;[BII)Ljava/lang/Class; name or signature does not match> (0x00000000eab07cc0) thrown at [D:\re\workspace\8-2-build-windows-amd64-cygwin\jdk8u77\6540\hotspot\sr›À§¾ço¥?
Event: 0.042 Thread 0x0000000002500800 Exception <a 'java/lang/NoSuchMethodError': Method sun.misc.Unsafe.prefetchRead(Ljava/lang/Object;J)V name or signature does not match> (0x00000000eab07fa8) thrown at [D:\re\workspace\8-2-build-windows-amd64-cygwin\jdk8u77\6540\hotspot\src\share\vm\prims\j®ÎKWf@ð?
Event: 1.016 Thread 0x0000000002500800 Implicit null exception at 0x000000000297a6e2 to 0x000000000297a7da
Event: 1.068 Thread 0x0000000002500800 Implicit null exception at 0x00000000028d34f0 to 0x00000000028d4cd5

Events (10 events):
Event: 1.525 Thread 0x0000000002500800 Uncommon trap: trap_request=0xffffffde fr.pc=0x0000000002b2e014
Event: 1.525 Thread 0x0000000002500800 DEOPT PACKING pc=0x0000000002b2e014 sp=0x000000000213ec90
Event: 1.525 Thread 0x0000000002500800 DEOPT UNPACKING pc=0x000000000264582a sp=0x000000000213ebf8 mode 2
Event: 1.525 Thread 0x0000000002500800 Uncommon trap: trap_request=0xffffffde fr.pc=0x0000000002b2e014
Event: 1.525 Thread 0x0000000002500800 DEOPT PACKING pc=0x0000000002b2e014 sp=0x000000000213ec90
Event: 1.525 Thread 0x0000000002500800 DEOPT UNPACKING pc=0x000000000264582a sp=0x000000000213ebf8 mode 2
Event: 1.528 Executing VM operation: ParallelGCFailedAllocation
Event: 1.544 Executing VM operation: ParallelGCFailedAllocation done
Event: 2.060 loading class com/android/dx/rop/code/RegisterSpec$1
Event: 2.060 loading class com/android/dx/rop/code/RegisterSpec$1 done


Dynamic libraries:
0x000007f73c840000 - 0x000007f73c877000 	C:\Program Files\Java\jdk1.8.0_77\bin\java.exe
0x000007fa6b2e0000 - 0x000007fa6b4a0000 	C:\Windows\SYSTEM32\ntdll.dll
0x000007fa69360000 - 0x000007fa69496000 	C:\Windows\system32\KERNEL32.DLL
0x000007fa68360000 - 0x000007fa68453000 	C:\Windows\system32\KERNELBASE.dll
0x000007fa68e00000 - 0x000007fa68ede000 	C:\Windows\system32\ADVAPI32.dll
0x000007fa68ee0000 - 0x000007fa6902c000 	C:\Windows\system32\USER32.dll
0x000007fa655d0000 - 0x000007fa6583a000 	C:\Windows\WinSxS\amd64_microsoft.windows.common-controls_6595b64144ccf1df_6.0.9200.16579_none_418ab7ef718b27ef\COMCTL32.dll
0x000007fa692b0000 - 0x000007fa69355000 	C:\Windows\system32\msvcrt.dll
0x000007fa690e0000 - 0x000007fa69128000 	C:\Windows\SYSTEM32\sechost.dll
0x000007fa688f0000 - 0x000007fa68a30000 	C:\Windows\system32\RPCRT4.dll
0x000007fa6aa30000 - 0x000007fa6ab70000 	C:\Windows\system32\GDI32.dll
0x000007fa691a0000 - 0x000007fa691d9000 	C:\Windows\system32\IMM32.DLL
0x000007fa687c0000 - 0x000007fa688d5000 	C:\Windows\system32\MSCTF.dll
0x0000000058190000 - 0x0000000058262000 	C:\Program Files\Java\jdk1.8.0_77\jre\bin\msvcr100.dll
0x00000000586b0000 - 0x0000000058f40000 	C:\Program Files\Java\jdk1.8.0_77\jre\bin\server\jvm.dll
0x000007fa612c0000 - 0x000007fa612c9000 	C:\Windows\SYSTEM32\WSOCK32.dll
0x000007fa66710000 - 0x000007fa66730000 	C:\Windows\SYSTEM32\WINMM.dll
0x000007fa66810000 - 0x000007fa66819000 	C:\Windows\SYSTEM32\VERSION.dll
0x000007fa688e0000 - 0x000007fa688e7000 	C:\Windows\system32\PSAPI.DLL
0x000007fa694a0000 - 0x000007fa694f8000 	C:\Windows\system32\WS2_32.dll
0x000007fa64f00000 - 0x000007fa64f32000 	C:\Windows\SYSTEM32\WINMMBASE.dll
0x000007fa687b0000 - 0x000007fa687b9000 	C:\Windows\system32\NSI.dll
0x00000000586a0000 - 0x00000000586af000 	C:\Program Files\Java\jdk1.8.0_77\jre\bin\verify.dll
0x0000000058670000 - 0x0000000058699000 	C:\Program Files\Java\jdk1.8.0_77\jre\bin\java.dll
0x0000000058650000 - 0x0000000058666000 	C:\Program Files\Java\jdk1.8.0_77\jre\bin\zip.dll
0x000007fa69510000 - 0x000007fa6a7f0000 	C:\Windows\system32\SHELL32.dll
0x000007fa6aea0000 - 0x000007fa6b050000 	C:\Windows\SYSTEM32\combase.dll
0x000007fa6acf0000 - 0x000007fa6ad40000 	C:\Windows\system32\SHLWAPI.dll
0x000007fa67370000 - 0x000007fa67406000 	C:\Windows\SYSTEM32\SHCORE.dll
0x000007fa681b0000 - 0x000007fa681c5000 	C:\Windows\SYSTEM32\profapi.dll

VM Arguments:
jvm_args: -Djava.awt.headless=true -Xmx1024M -Dfile.encoding=windows-1251 -Duser.country=RU -Duser.language=ru -Duser.variant 
java_command: com.android.dx.command.Main --dex --output C:\Users\paperrose\AndroidStudioProjects\MttPBase\app\build\intermediates\pre-dexed\debug\tk.zielony-carbon-0.6.0_9a424f8e0f22bd3d2650ecf790804a81c6127953.jar C:\Users\paperrose\AndroidStudioProjects\MttPBase\app\build\intermediates\exploded-aar\tk.zielony\carbon\0.6.0\jars\classes.jar
java_class_path (initial): C:\Users\paperrose\AppData\Local\Android\sdk\build-tools\22.0.1\lib\dx.jar
Launcher Type: SUN_STANDARD

Environment Variables:
PATH=C:\ProgramData\Oracle\Java\javapath;C:\Program Files\ImageMagick-6.9.2-Q16;C:\Inprise\vbroker\bin;C:\PROGRA~2\Borland\CBUILD~1\Bin;C:\PROGRA~2\Borland\CBUILD~1\Projects\Bpl;C:\Program Files (x86)\PC Connectivity Solution\;C:\Program Files (x86)\WinMerge;C:\Program Files\TortoiseGit\bin;C:\Program Files\Java\jdk1.8.0_77\bin;C:\Program Files\Java\jre1.8.0_77\bin;C:\Program Files\OpenVPN\bin;C:\Program Files (x86)\Skype\Phone\
USERNAME=paperrose
OS=Windows_NT
PROCESSOR_IDENTIFIER=Intel64 Family 6 Model 60 Stepping 3, GenuineIntel



---------------  S Y S T E M  ---------------

OS: Windows 8 , 64 bit Build 9200 (6.2.9200.16384)

CPU:total 8 (4 cores per cpu, 2 threads per core) family 6 model 60 stepping 3, cmov, cx8, fxsr, mmx, sse, sse2, sse3, ssse3, sse4.1, sse4.2, popcnt, avx, avx2, aes, clmul, erms, lzcnt, ht, tsc, tscinvbit, bmi1, bmi2

Memory: 4k page, physical 8266004k(1698468k free), swap 12953876k(5116k free)

vm_info: Java HotSpot(TM) 64-Bit Server VM (25.77-b03) for windows-amd64 JRE (1.8.0_77-b03), built on Mar 20 2016 22:01:33 by "java_re" with MS VC++ 10.0 (VS2010)

time: Fri Jul 15 17:58:47 2016
elapsed time: 2 seconds (0d 0h 0m 2s)

