#
# There is insufficient memory for the Java Runtime Environment to continue.
# Native memory allocation (malloc) failed to allocate 32744 bytes for ChunkPool::allocate
# Possible reasons:
#   The system is out of physical RAM or swap space
#   In 32 bit mode, the process size limit was hit
# Possible solutions:
#   Reduce memory load on the system
#   Increase physical memory or swap space
#   Check if swap backing store is full
#   Use 64 bit Java on a 64 bit OS
#   Decrease Java heap size (-Xmx/-Xms)
#   Decrease number of Java threads
#   Decrease Java thread stack sizes (-Xss)
#   Set larger code cache with -XX:ReservedCodeCacheSize=
# This output file may be truncated or incomplete.
#
#  Out of Memory Error (allocation.cpp:273), pid=10688, tid=10568
#
# JRE version: Java(TM) SE Runtime Environment (8.0_77-b03) (build 1.8.0_77-b03)
# Java VM: Java HotSpot(TM) 64-Bit Server VM (25.77-b03 mixed mode windows-amd64 compressed oops)
# Failed to write core dump. Minidumps are not enabled by default on client versions of Windows
#

---------------  T H R E A D  ---------------

Current thread (0x0000000017291800):  JavaThread "C2 CompilerThread1" daemon [_thread_in_native, id=10568, stack(0x0000000017cd0000,0x0000000017dd0000)]

Stack: [0x0000000017cd0000,0x0000000017dd0000]
[error occurred during error reporting (printing stack bounds), id 0xc0000005]

Native frames: (J=compiled Java code, j=interpreted, Vv=VM code, C=native code)


Current CompileTask:
C2:  19915 2356       4       com.android.dx.dex.code.DalvCode::finishProcessingIfNecessary (69 bytes)


---------------  P R O C E S S  ---------------

Java Threads: ( => current thread )
  0x00000000172d2000 JavaThread "Service Thread" daemon [_thread_blocked, id=3932, stack(0x0000000017fd0000,0x00000000180d0000)]
  0x0000000017292000 JavaThread "C1 CompilerThread3" daemon [_thread_blocked, id=1400, stack(0x0000000017ed0000,0x0000000017fd0000)]
  0x000000001728f000 JavaThread "C2 CompilerThread2" daemon [_thread_blocked, id=6660, stack(0x0000000017dd0000,0x0000000017ed0000)]
=>0x0000000017291800 JavaThread "C2 CompilerThread1" daemon [_thread_in_native, id=10568, stack(0x0000000017cd0000,0x0000000017dd0000)]
  0x000000001727e800 JavaThread "C2 CompilerThread0" daemon [_thread_blocked, id=11336, stack(0x0000000017bd0000,0x0000000017cd0000)]
  0x000000001727c800 JavaThread "Attach Listener" daemon [_thread_blocked, id=9484, stack(0x0000000017ad0000,0x0000000017bd0000)]
  0x000000001727a000 JavaThread "Signal Dispatcher" daemon [_thread_blocked, id=9324, stack(0x00000000179d0000,0x0000000017ad0000)]
  0x0000000017270800 JavaThread "Finalizer" daemon [_thread_blocked, id=1960, stack(0x0000000017650000,0x0000000017750000)]
  0x000000001534d800 JavaThread "Reference Handler" daemon [_thread_blocked, id=6052, stack(0x0000000017150000,0x0000000017250000)]
  0x0000000002700800 JavaThread "main" [_thread_in_native, id=3840, stack(0x00000000022f0000,0x00000000023f0000)]

Other Threads:
  0x0000000015349000 VMThread [stack: 0x0000000017050000,0x0000000017150000] [id=1272]
  0x00000000172d8000 WatcherThread [stack: 0x00000000180d0000,0x00000000181d0000] [id=8596]

VM state:not at safepoint (normal execution)

VM Mutex/Monitor currently owned by a thread: None

Heap:
 PSYoungGen      total 38400K, used 14058K [0x00000000eab00000, 0x00000000ef600000, 0x0000000100000000)
  eden space 33280K, 26% used [0x00000000eab00000,0x00000000eb3beb28,0x00000000ecb80000)
  from space 5120K, 99% used [0x00000000ef100000,0x00000000ef5fc020,0x00000000ef600000)
  to   space 5120K, 0% used [0x00000000ecb80000,0x00000000ecb80000,0x00000000ed080000)
 ParOldGen       total 87552K, used 18243K [0x00000000c0000000, 0x00000000c5580000, 0x00000000eab00000)
  object space 87552K, 20% used [0x00000000c0000000,0x00000000c11d0d90,0x00000000c5580000)
 Metaspace       used 6524K, capacity 7472K, committed 7552K, reserved 1056768K
  class space    used 610K, capacity 616K, committed 640K, reserved 1048576K

Card table byte_map: [0x0000000011bd0000,0x0000000011de0000] byte_map_base: 0x00000000115d0000

Marking Bits: (ParMarkBitMap*) 0x0000000058de0600
 Begin Bits: [0x0000000012740000, 0x0000000013740000)
 End Bits:   [0x0000000013740000, 0x0000000014740000)

Polling page: 0x00000000023f0000

CodeCache: size=245760Kb used=10933Kb max_used=10962Kb free=234826Kb
 bounds [0x0000000002810000, 0x00000000032d0000, 0x0000000011810000]
 total_blobs=2652 nmethods=2386 adapters=179
 compilation: enabled

Compilation events (10 events):
Event: 18.358 Thread 0x0000000017292000 2405       3       com.android.dx.util.ByteArrayAnnotatedOutput::write (129 bytes)
Event: 18.360 Thread 0x0000000017292000 nmethod 2405 0x00000000032bb950 code [0x00000000032bbbe0, 0x00000000032bcbe8]
Event: 18.360 Thread 0x0000000017292000 2395       3       com.android.dx.dex.file.FieldIdsSection::indexOf (49 bytes)
Event: 18.361 Thread 0x0000000017292000 nmethod 2395 0x00000000032b39d0 code [0x00000000032b3bc0, 0x00000000032b4508]
Event: 18.361 Thread 0x0000000017292000 2407       1       com.android.dx.rop.annotation.Annotation::getVisibility (5 bytes)
Event: 18.361 Thread 0x0000000017292000 nmethod 2407 0x00000000032b3710 code [0x00000000032b3860, 0x00000000032b3970]
Event: 18.362 Thread 0x000000001728f000 nmethod 2385 0x00000000032bedd0 code [0x00000000032bef20, 0x00000000032bf198]
Event: 18.362 Thread 0x000000001728f000 2383       4       com.android.dx.rop.cst.CstBaseMethodRef::getPrototype (41 bytes)
Event: 18.363 Thread 0x000000001728f000 nmethod 2383 0x00000000032b33d0 code [0x00000000032b3520, 0x00000000032b3608]
Event: 18.540 Thread 0x000000001727e800 nmethod 2232% 0x00000000032c5350 code [0x00000000032c57a0, 0x00000000032c9d88]

GC Heap History (8 events):
Event: 3.580 GC heap before
{Heap before GC invocations=1 (full 0):
 PSYoungGen      total 38400K, used 33280K [0x00000000eab00000, 0x00000000ed580000, 0x0000000100000000)
  eden space 33280K, 100% used [0x00000000eab00000,0x00000000ecb80000,0x00000000ecb80000)
  from space 5120K, 0% used [0x00000000ed080000,0x00000000ed080000,0x00000000ed580000)
  to   space 5120K, 0% used [0x00000000ecb80000,0x00000000ecb80000,0x00000000ed080000)
 ParOldGen       total 87552K, used 0K [0x00000000c0000000, 0x00000000c5580000, 0x00000000eab00000)
  object space 87552K, 0% used [0x00000000c0000000,0x00000000c0000000,0x00000000c5580000)
 Metaspace       used 5737K, capacity 6960K, committed 7040K, reserved 1056768K
  class space    used 563K, capacity 616K, committed 640K, reserved 1048576K
Event: 3.613 GC heap after
Heap after GC invocations=1 (full 0):
 PSYoungGen      total 38400K, used 5111K [0x00000000eab00000, 0x00000000ed580000, 0x0000000100000000)
  eden space 33280K, 0% used [0x00000000eab00000,0x00000000eab00000,0x00000000ecb80000)
  from space 5120K, 99% used [0x00000000ecb80000,0x00000000ed07dc70,0x00000000ed080000)
  to   space 5120K, 0% used [0x00000000ed080000,0x00000000ed080000,0x00000000ed580000)
 ParOldGen       total 87552K, used 2189K [0x00000000c0000000, 0x00000000c5580000, 0x00000000eab00000)
  object space 87552K, 2% used [0x00000000c0000000,0x00000000c0223730,0x00000000c5580000)
 Metaspace       used 5737K, capacity 6960K, committed 7040K, reserved 1056768K
  class space    used 563K, capacity 616K, committed 640K, reserved 1048576K
}
Event: 5.149 GC heap before
{Heap before GC invocations=2 (full 0):
 PSYoungGen      total 38400K, used 38391K [0x00000000eab00000, 0x00000000ed580000, 0x0000000100000000)
  eden space 33280K, 100% used [0x00000000eab00000,0x00000000ecb80000,0x00000000ecb80000)
  from space 5120K, 99% used [0x00000000ecb80000,0x00000000ed07dc70,0x00000000ed080000)
  to   space 5120K, 0% used [0x00000000ed080000,0x00000000ed080000,0x00000000ed580000)
 ParOldGen       total 87552K, used 2189K [0x00000000c0000000, 0x00000000c5580000, 0x00000000eab00000)
  object space 87552K, 2% used [0x00000000c0000000,0x00000000c0223730,0x00000000c5580000)
 Metaspace       used 5865K, capacity 7024K, committed 7296K, reserved 1056768K
  class space    used 564K, capacity 616K, committed 640K, reserved 1048576K
Event: 5.173 GC heap after
Heap after GC invocations=2 (full 0):
 PSYoungGen      total 38400K, used 5114K [0x00000000eab00000, 0x00000000ef600000, 0x0000000100000000)
  eden space 33280K, 0% used [0x00000000eab00000,0x00000000eab00000,0x00000000ecb80000)
  from space 5120K, 99% used [0x00000000ed080000,0x00000000ed57ea90,0x00000000ed580000)
  to   space 5120K, 0% used [0x00000000ecb80000,0x00000000ecb80000,0x00000000ed080000)
 ParOldGen       total 87552K, used 7183K [0x00000000c0000000, 0x00000000c5580000, 0x00000000eab00000)
  object space 87552K, 8% used [0x00000000c0000000,0x00000000c0703cf8,0x00000000c5580000)
 Metaspace       used 5865K, capacity 7024K, committed 7296K, reserved 1056768K
  class space    used 564K, capacity 616K, committed 640K, reserved 1048576K
}
Event: 10.663 GC heap before
{Heap before GC invocations=3 (full 0):
 PSYoungGen      total 38400K, used 38394K [0x00000000eab00000, 0x00000000ef600000, 0x0000000100000000)
  eden space 33280K, 100% used [0x00000000eab00000,0x00000000ecb80000,0x00000000ecb80000)
  from space 5120K, 99% used [0x00000000ed080000,0x00000000ed57ea90,0x00000000ed580000)
  to   space 5120K, 0% used [0x00000000ecb80000,0x00000000ecb80000,0x00000000ed080000)
 ParOldGen       total 87552K, used 7183K [0x00000000c0000000, 0x00000000c5580000, 0x00000000eab00000)
  object space 87552K, 8% used [0x00000000c0000000,0x00000000c0703cf8,0x00000000c5580000)
 Metaspace       used 5905K, capacity 7088K, committed 7296K, reserved 1056768K
  class space    used 564K, capacity 616K, committed 640K, reserved 1048576K
Event: 10.711 GC heap after
Heap after GC invocations=3 (full 0):
 PSYoungGen      total 38400K, used 5104K [0x00000000eab00000, 0x00000000ef600000, 0x0000000100000000)
  eden space 33280K, 0% used [0x00000000eab00000,0x00000000eab00000,0x00000000ecb80000)
  from space 5120K, 99% used [0x00000000ecb80000,0x00000000ed07c020,0x00000000ed080000)
  to   space 5120K, 0% used [0x00000000ef100000,0x00000000ef100000,0x00000000ef600000)
 ParOldGen       total 87552K, used 12789K [0x00000000c0000000, 0x00000000c5580000, 0x00000000eab00000)
  object space 87552K, 14% used [0x00000000c0000000,0x00000000c0c7d468,0x00000000c5580000)
 Metaspace       used 5905K, capacity 7088K, committed 7296K, reserved 1056768K
  class space    used 564K, capacity 616K, committed 640K, reserved 1048576K
}
Event: 17.456 GC heap before
{Heap before GC invocations=4 (full 0):
 PSYoungGen      total 38400K, used 38384K [0x00000000eab00000, 0x00000000ef600000, 0x0000000100000000)
  eden space 33280K, 100% used [0x00000000eab00000,0x00000000ecb80000,0x00000000ecb80000)
  from space 5120K, 99% used [0x00000000ecb80000,0x00000000ed07c020,0x00000000ed080000)
  to   space 5120K, 0% used [0x00000000ef100000,0x00000000ef100000,0x00000000ef600000)
 ParOldGen       total 87552K, used 12789K [0x00000000c0000000, 0x00000000c5580000, 0x00000000eab00000)
  object space 87552K, 14% used [0x00000000c0000000,0x00000000c0c7d468,0x00000000c5580000)
 Metaspace       used 6022K, capacity 7088K, committed 7296K, reserved 1056768K
  class space    used 584K, capacity 616K, committed 640K, reserved 1048576K
Event: 17.491 GC heap after
Heap after GC invocations=4 (full 0):
 PSYoungGen      total 38400K, used 5104K [0x00000000eab00000, 0x00000000ef600000, 0x0000000100000000)
  eden space 33280K, 0% used [0x00000000eab00000,0x00000000eab00000,0x00000000ecb80000)
  from space 5120K, 99% used [0x00000000ef100000,0x00000000ef5fc020,0x00000000ef600000)
  to   space 5120K, 0% used [0x00000000ecb80000,0x00000000ecb80000,0x00000000ed080000)
 ParOldGen       total 87552K, used 18243K [0x00000000c0000000, 0x00000000c5580000, 0x00000000eab00000)
  object space 87552K, 20% used [0x00000000c0000000,0x00000000c11d0d90,0x00000000c5580000)
 Metaspace       used 6022K, capacity 7088K, committed 7296K, reserved 1056768K
  class space    used 584K, capacity 616K, committed 640K, reserved 1048576K
}

Deoptimization events (10 events):
Event: 17.495 Thread 0x0000000002700800 Uncommon trap: reason=class_check action=maybe_recompile pc=0x0000000002cbc7d8 method=java.util.Arrays.hashCode([Ljava/lang/Object;)I @ 43
Event: 17.495 Thread 0x0000000002700800 Uncommon trap: reason=class_check action=maybe_recompile pc=0x0000000002c67df4 method=java.util.Arrays.hashCode([Ljava/lang/Object;)I @ 43
Event: 17.876 Thread 0x0000000002700800 Uncommon trap: reason=unstable_if action=reinterpret pc=0x0000000002e8234c method=java.util.TreeMap.put(Ljava/lang/Object;Ljava/lang/Object;)Ljava/lang/Object; @ 163
Event: 17.962 Thread 0x0000000002700800 Uncommon trap: reason=unstable_if action=reinterpret pc=0x0000000003182a0c method=com.android.dx.dex.code.OutputFinisher.findOpcodeForInsn(Lcom/android/dx/dex/code/DalvInsn;Lcom/android/dx/dex/code/Dop;)Lcom/android/dx/dex/code/Dop; @ 1
Event: 17.976 Thread 0x0000000002700800 Uncommon trap: reason=unstable_if action=reinterpret pc=0x00000000031bbf60 method=com.android.dx.dex.code.LocalList$MakeState.filterSpec(Lcom/android/dx/rop/code/RegisterSpec;)Lcom/android/dx/rop/code/RegisterSpec; @ 11
Event: 18.189 Thread 0x0000000002700800 Uncommon trap: reason=unstable_if action=reinterpret pc=0x0000000003195430 method=com.android.dx.rop.code.RegisterSpec.matchesVariable(Lcom/android/dx/rop/code/RegisterSpec;)Z @ 59
Event: 18.243 Thread 0x0000000002700800 Uncommon trap: reason=unstable_if action=reinterpret pc=0x0000000002f6f7e4 method=java.util.ArrayList.<init>(I)V @ 5
Event: 18.284 Thread 0x0000000002700800 Uncommon trap: reason=unstable_if action=reinterpret pc=0x0000000003232244 method=com.android.dx.util.ByteArrayAnnotatedOutput.writeByte(I)V @ 13
Event: 18.349 Thread 0x0000000002700800 Uncommon trap: reason=unstable_if action=reinterpret pc=0x00000000032479bc method=com.android.dx.util.ByteArrayAnnotatedOutput.writeUleb128(I)I @ 4
Event: 18.349 Thread 0x0000000002700800 Uncommon trap: reason=unstable_if action=reinterpret pc=0x0000000003239e0c method=com.android.dx.util.ByteArrayAnnotatedOutput.writeByte(I)V @ 13

Internal exceptions (6 events):
Event: 0.375 Thread 0x0000000002700800 Exception <a 'java/lang/NoSuchMethodError': Method sun.misc.Unsafe.defineClass(Ljava/lang/String;[BII)Ljava/lang/Class; name or signature does not match> (0x00000000eab07cc0) thrown at [D:\re\workspace\8-2-build-windows-amd64-cygwin\jdk8u77\6540\hotspot\srË¿aiÿ×?
Event: 0.375 Thread 0x0000000002700800 Exception <a 'java/lang/NoSuchMethodError': Method sun.misc.Unsafe.prefetchRead(Ljava/lang/Object;J)V name or signature does not match> (0x00000000eab07fa8) thrown at [D:\re\workspace\8-2-build-windows-amd64-cygwin\jdk8u77\6540\hotspot\src\share\vm\prims\j`»çÿ™@
Event: 7.900 Thread 0x0000000002700800 Implicit null exception at 0x0000000002e37f30 to 0x0000000002e3ac2d
Event: 11.974 Thread 0x0000000002700800 Exception <a 'java/lang/ArrayIndexOutOfBoundsException': 18> (0x00000000eb09b7e8) thrown at [D:\re\workspace\8-2-build-windows-amd64-cygwin\jdk8u77\6540\hotspot\src\share\vm\interpreter\interpreterRuntime.cpp, line 366]
Event: 11.975 Thread 0x0000000002700800 Exception <a 'java/lang/ArrayIndexOutOfBoundsException': 145> (0x00000000eb09d368) thrown at [D:\re\workspace\8-2-build-windows-amd64-cygwin\jdk8u77\6540\hotspot\src\share\vm\interpreter\interpreterRuntime.cpp, line 366]
Event: 11.975 Thread 0x0000000002700800 Exception <a 'java/lang/ArrayIndexOutOfBoundsException'> (0x00000000eb09e650) thrown at [D:\re\workspace\8-2-build-windows-amd64-cygwin\jdk8u77\6540\hotspot\src\share\vm\runtime\sharedRuntime.cpp, line 605]

Events (10 events):
Event: 18.356 loading class java/security/MessageDigest
Event: 18.356 loading class java/security/MessageDigestSpi
Event: 18.356 loading class java/security/MessageDigestSpi done
Event: 18.356 loading class java/security/MessageDigest done
Event: 18.356 loading class java/security/Security
Event: 18.357 loading class java/security/Security done
Event: 18.357 loading class java/security/Security$1
Event: 18.357 loading class java/security/Security$1 done
Event: 19.753 loading class java/util/Properties$LineReader
Event: 19.754 loading class java/util/Properties$LineReader done


Dynamic libraries:
0x000007f60b400000 - 0x000007f60b437000 	C:\Program Files\Java\jdk1.8.0_77\bin\java.exe
0x000007fa6b2e0000 - 0x000007fa6b4a0000 	C:\Windows\SYSTEM32\ntdll.dll
0x000007fa69360000 - 0x000007fa69496000 	C:\Windows\system32\KERNEL32.DLL
0x000007fa68360000 - 0x000007fa68453000 	C:\Windows\system32\KERNELBASE.dll
0x000007fa68e00000 - 0x000007fa68ede000 	C:\Windows\system32\ADVAPI32.dll
0x000007fa68ee0000 - 0x000007fa6902c000 	C:\Windows\system32\USER32.dll
0x000007fa655d0000 - 0x000007fa6583a000 	C:\Windows\WinSxS\amd64_microsoft.windows.common-controls_6595b64144ccf1df_6.0.9200.16579_none_418ab7ef718b27ef\COMCTL32.dll
0x000007fa692b0000 - 0x000007fa69355000 	C:\Windows\system32\msvcrt.dll
0x000007fa690e0000 - 0x000007fa69128000 	C:\Windows\SYSTEM32\sechost.dll
0x000007fa688f0000 - 0x000007fa68a30000 	C:\Windows\system32\RPCRT4.dll
0x000007fa6aa30000 - 0x000007fa6ab70000 	C:\Windows\system32\GDI32.dll
0x000007fa691a0000 - 0x000007fa691d9000 	C:\Windows\system32\IMM32.DLL
0x000007fa687c0000 - 0x000007fa688d5000 	C:\Windows\system32\MSCTF.dll
0x0000000058140000 - 0x0000000058212000 	C:\Program Files\Java\jdk1.8.0_77\jre\bin\msvcr100.dll
0x00000000585d0000 - 0x0000000058e60000 	C:\Program Files\Java\jdk1.8.0_77\jre\bin\server\jvm.dll
0x000007fa612c0000 - 0x000007fa612c9000 	C:\Windows\SYSTEM32\WSOCK32.dll
0x000007fa66710000 - 0x000007fa66730000 	C:\Windows\SYSTEM32\WINMM.dll
0x000007fa66810000 - 0x000007fa66819000 	C:\Windows\SYSTEM32\VERSION.dll
0x000007fa688e0000 - 0x000007fa688e7000 	C:\Windows\system32\PSAPI.DLL
0x000007fa694a0000 - 0x000007fa694f8000 	C:\Windows\system32\WS2_32.dll
0x000007fa64f00000 - 0x000007fa64f32000 	C:\Windows\SYSTEM32\WINMMBASE.dll
0x000007fa687b0000 - 0x000007fa687b9000 	C:\Windows\system32\NSI.dll
0x00000000585c0000 - 0x00000000585cf000 	C:\Program Files\Java\jdk1.8.0_77\jre\bin\verify.dll
0x0000000058590000 - 0x00000000585b9000 	C:\Program Files\Java\jdk1.8.0_77\jre\bin\java.dll
0x0000000058570000 - 0x0000000058586000 	C:\Program Files\Java\jdk1.8.0_77\jre\bin\zip.dll
0x000007fa69510000 - 0x000007fa6a7f0000 	C:\Windows\system32\SHELL32.dll
0x000007fa6aea0000 - 0x000007fa6b050000 	C:\Windows\SYSTEM32\combase.dll
0x000007fa6acf0000 - 0x000007fa6ad40000 	C:\Windows\system32\SHLWAPI.dll
0x000007fa67370000 - 0x000007fa67406000 	C:\Windows\SYSTEM32\SHCORE.dll
0x000007fa681b0000 - 0x000007fa681c5000 	C:\Windows\SYSTEM32\profapi.dll

VM Arguments:
jvm_args: -Djava.awt.headless=true -Xmx1024M -Dfile.encoding=windows-1251 -Duser.country=RU -Duser.language=ru -Duser.variant 
java_command: com.android.dx.command.Main --dex --force-jumbo --output C:\Users\paperrose\AndroidStudioProjects\MttPBase\app\build\intermediates\pre-dexed\debug\httpcore_23b491e937e5e547d51481cdd004dd981896022a.jar C:\Users\paperrose\AndroidStudioProjects\MttPBase\app\libs\httpcore.jar
java_class_path (initial): C:\Users\paperrose\AppData\Local\Android\sdk\build-tools\22.0.1\lib\dx.jar
Launcher Type: SUN_STANDARD

Environment Variables:
PATH=C:\ProgramData\Oracle\Java\javapath;C:\Program Files\ImageMagick-6.9.2-Q16;C:\Inprise\vbroker\bin;C:\PROGRA~2\Borland\CBUILD~1\Bin;C:\PROGRA~2\Borland\CBUILD~1\Projects\Bpl;C:\Program Files (x86)\PC Connectivity Solution\;C:\Program Files (x86)\WinMerge;C:\Program Files\TortoiseGit\bin;C:\Program Files\Java\jdk1.8.0_77\bin;C:\Program Files\Java\jre1.8.0_77\bin;C:\Program Files\OpenVPN\bin;C:\Program Files (x86)\Skype\Phone\
USERNAME=paperrose
OS=Windows_NT
PROCESSOR_IDENTIFIER=Intel64 Family 6 Model 60 Stepping 3, GenuineIntel



---------------  S Y S T E M  ---------------

OS: Windows 8 , 64 bit Build 9200 (6.2.9200.16384)

CPU:total 8 (4 cores per cpu, 2 threads per core) family 6 model 60 stepping 3, cmov, cx8, fxsr, mmx, sse, sse2, sse3, ssse3, sse4.1, sse4.2, popcnt, avx, avx2, aes, clmul, erms, lzcnt, ht, tsc, tscinvbit, bmi1, bmi2

Memory: 4k page, physical 8266004k(576340k free), swap 12953876k(5076k free)

vm_info: Java HotSpot(TM) 64-Bit Server VM (25.77-b03) for windows-amd64 JRE (1.8.0_77-b03), built on Mar 20 2016 22:01:33 by "java_re" with MS VC++ 10.0 (VS2010)

time: Thu Jul 14 13:13:45 2016
elapsed time: 19 seconds (0d 0h 0m 19s)

