#
# There is insufficient memory for the Java Runtime Environment to continue.
# Native memory allocation (malloc) failed to allocate 34816 bytes for Chunk::new
# Possible reasons:
#   The system is out of physical RAM or swap space
#   In 32 bit mode, the process size limit was hit
# Possible solutions:
#   Reduce memory load on the system
#   Increase physical memory or swap space
#   Check if swap backing store is full
#   Use 64 bit Java on a 64 bit OS
#   Decrease Java heap size (-Xmx/-Xms)
#   Decrease number of Java threads
#   Decrease Java thread stack sizes (-Xss)
#   Set larger code cache with -XX:ReservedCodeCacheSize=
# This output file may be truncated or incomplete.
#
#  Out of Memory Error (allocation.cpp:390), pid=6184, tid=10912
#
# JRE version: Java(TM) SE Runtime Environment (8.0_77-b03) (build 1.8.0_77-b03)
# Java VM: Java HotSpot(TM) 64-Bit Server VM (25.77-b03 mixed mode windows-amd64 compressed oops)
# Failed to write core dump. Minidumps are not enabled by default on client versions of Windows
#

---------------  T H R E A D  ---------------

Current thread (0x000000001707d800):  JavaThread "C2 CompilerThread0" daemon [_thread_in_native, id=10912, stack(0x00000000179c0000,0x0000000017ac0000)]

Stack: [0x00000000179c0000,0x0000000017ac0000]
[error occurred during error reporting (printing stack bounds), id 0xc0000005]

Native frames: (J=compiled Java code, j=interpreted, Vv=VM code, C=native code)


Current CompileTask:
C2:  23410 2653       4       com.android.dx.rop.cst.CstType::hashCode (8 bytes)


---------------  P R O C E S S  ---------------

Java Threads: ( => current thread )
  0x0000000017092800 JavaThread "Service Thread" daemon [_thread_blocked, id=10780, stack(0x0000000017dc0000,0x0000000017ec0000)]
  0x0000000017084800 JavaThread "C1 CompilerThread3" daemon [_thread_blocked, id=8332, stack(0x0000000017cc0000,0x0000000017dc0000)]
  0x0000000017083800 JavaThread "C2 CompilerThread2" daemon [_thread_blocked, id=824, stack(0x0000000017bc0000,0x0000000017cc0000)]
  0x0000000017082800 JavaThread "C2 CompilerThread1" daemon [_thread_blocked, id=12012, stack(0x0000000017ac0000,0x0000000017bc0000)]
=>0x000000001707d800 JavaThread "C2 CompilerThread0" daemon [_thread_in_native, id=10912, stack(0x00000000179c0000,0x0000000017ac0000)]
  0x000000001707b800 JavaThread "Attach Listener" daemon [_thread_blocked, id=5740, stack(0x00000000178c0000,0x00000000179c0000)]
  0x000000001707a000 JavaThread "Signal Dispatcher" daemon [_thread_blocked, id=11704, stack(0x00000000177c0000,0x00000000178c0000)]
  0x0000000017070800 JavaThread "Finalizer" daemon [_thread_blocked, id=9132, stack(0x0000000017450000,0x0000000017550000)]
  0x000000001518d800 JavaThread "Reference Handler" daemon [_thread_blocked, id=8196, stack(0x0000000016f50000,0x0000000017050000)]
  0x0000000002570800 JavaThread "main" [_thread_blocked, id=2108, stack(0x0000000002190000,0x0000000002290000)]

Other Threads:
  0x0000000015189000 VMThread [stack: 0x0000000016e50000,0x0000000016f50000] [id=9056]
  0x0000000017114800 WatcherThread [stack: 0x0000000017ec0000,0x0000000017fc0000] [id=876]

VM state:not at safepoint (normal execution)

VM Mutex/Monitor currently owned by a thread: None

Heap:
 PSYoungGen      total 291328K, used 181956K [0x00000000eab00000, 0x0000000100000000, 0x0000000100000000)
  eden space 243712K, 57% used [0x00000000eab00000,0x00000000f35060f0,0x00000000f9900000)
  from space 47616K, 85% used [0x00000000fd180000,0x00000000ff92b228,0x0000000100000000)
  to   space 52736K, 0% used [0x00000000f9900000,0x00000000f9900000,0x00000000fcc80000)
 ParOldGen       total 170496K, used 87327K [0x00000000c0000000, 0x00000000ca680000, 0x00000000eab00000)
  object space 170496K, 51% used [0x00000000c0000000,0x00000000c5547d58,0x00000000ca680000)
 Metaspace       used 5988K, capacity 7216K, committed 7296K, reserved 1056768K
  class space    used 577K, capacity 616K, committed 640K, reserved 1048576K

Card table byte_map: [0x0000000011a30000,0x0000000011c40000] byte_map_base: 0x0000000011430000

Marking Bits: (ParMarkBitMap*) 0x0000000058de0600
 Begin Bits: [0x00000000125a0000, 0x00000000135a0000)
 End Bits:   [0x00000000135a0000, 0x00000000145a0000)

Polling page: 0x00000000020b0000

CodeCache: size=245760Kb used=9023Kb max_used=11201Kb free=236736Kb
 bounds [0x0000000002670000, 0x00000000031b0000, 0x0000000011670000]
 total_blobs=2080 nmethods=1822 adapters=171
 compilation: enabled

Compilation events (10 events):
Event: 20.875 Thread 0x0000000017084800 nmethod 2648 0x0000000002a18c50 code [0x0000000002a18ea0, 0x0000000002a19c28]
Event: 20.990 Thread 0x0000000017084800 2649       3       com.android.dx.ssa.Optimizer::optimize (67 bytes)
Event: 20.991 Thread 0x0000000017084800 nmethod 2649 0x0000000002d02d50 code [0x0000000002d02f60, 0x0000000002d03878]
Event: 20.992 Thread 0x0000000017084800 2650       1       com.android.dx.rop.cst.CstLiteral32::fitsInInt (2 bytes)
Event: 20.992 Thread 0x0000000017084800 nmethod 2650 0x0000000002d02a90 code [0x0000000002d02be0, 0x0000000002d02cf0]
Event: 20.997 Thread 0x0000000017083800 2651       4       com.android.dx.rop.code.Rops::opMoveParam (69 bytes)
Event: 20.998 Thread 0x0000000017083800 nmethod 2651 0x0000000003117710 code [0x0000000003117860, 0x0000000003117988]
Event: 23.332 Thread 0x0000000017084800 2652       3       com.android.dx.cf.attrib.AttInnerClasses::byteLength (14 bytes)
Event: 23.332 Thread 0x0000000017084800 nmethod 2652 0x0000000002d350d0 code [0x0000000002d35240, 0x0000000002d35490]
Event: 23.370 Thread 0x000000001707d800 2653       4       com.android.dx.rop.cst.CstType::hashCode (8 bytes)

GC Heap History (10 events):
Event: 6.450 GC heap before
{Heap before GC invocations=5 (full 0):
 PSYoungGen      total 138240K, used 138231K [0x00000000eab00000, 0x00000000f3700000, 0x0000000100000000)
  eden space 133120K, 100% used [0x00000000eab00000,0x00000000f2d00000,0x00000000f2d00000)
  from space 5120K, 99% used [0x00000000f3200000,0x00000000f36fddc0,0x00000000f3700000)
  to   space 5120K, 0% used [0x00000000f2d00000,0x00000000f2d00000,0x00000000f3200000)
 ParOldGen       total 87552K, used 36861K [0x00000000c0000000, 0x00000000c5580000, 0x00000000eab00000)
  object space 87552K, 42% used [0x00000000c0000000,0x00000000c23ff718,0x00000000c5580000)
 Metaspace       used 5793K, capacity 7152K, committed 7296K, reserved 1056768K
  class space    used 554K, capacity 616K, committed 640K, reserved 1048576K
Event: 6.486 GC heap after
Heap after GC invocations=5 (full 0):
 PSYoungGen      total 138240K, used 5108K [0x00000000eab00000, 0x00000000fef00000, 0x0000000100000000)
  eden space 133120K, 0% used [0x00000000eab00000,0x00000000eab00000,0x00000000f2d00000)
  from space 5120K, 99% used [0x00000000f2d00000,0x00000000f31fd0e0,0x00000000f3200000)
  to   space 32768K, 0% used [0x00000000fcf00000,0x00000000fcf00000,0x00000000fef00000)
 ParOldGen       total 87552K, used 57923K [0x00000000c0000000, 0x00000000c5580000, 0x00000000eab00000)
  object space 87552K, 66% used [0x00000000c0000000,0x00000000c3890cd8,0x00000000c5580000)
 Metaspace       used 5793K, capacity 7152K, committed 7296K, reserved 1056768K
  class space    used 554K, capacity 616K, committed 640K, reserved 1048576K
}
Event: 8.955 GC heap before
{Heap before GC invocations=6 (full 0):
 PSYoungGen      total 138240K, used 138228K [0x00000000eab00000, 0x00000000fef00000, 0x0000000100000000)
  eden space 133120K, 100% used [0x00000000eab00000,0x00000000f2d00000,0x00000000f2d00000)
  from space 5120K, 99% used [0x00000000f2d00000,0x00000000f31fd0e0,0x00000000f3200000)
  to   space 32768K, 0% used [0x00000000fcf00000,0x00000000fcf00000,0x00000000fef00000)
 ParOldGen       total 87552K, used 57923K [0x00000000c0000000, 0x00000000c5580000, 0x00000000eab00000)
  object space 87552K, 66% used [0x00000000c0000000,0x00000000c3890cd8,0x00000000c5580000)
 Metaspace       used 5901K, capacity 7152K, committed 7296K, reserved 1056768K
  class space    used 573K, capacity 616K, committed 640K, reserved 1048576K
Event: 9.037 GC heap after
Heap after GC invocations=6 (full 0):
 PSYoungGen      total 297984K, used 20918K [0x00000000eab00000, 0x00000000fee00000, 0x0000000100000000)
  eden space 266240K, 0% used [0x00000000eab00000,0x00000000eab00000,0x00000000faf00000)
  from space 31744K, 65% used [0x00000000fcf00000,0x00000000fe36d838,0x00000000fee00000)
  to   space 32256K, 0% used [0x00000000faf00000,0x00000000faf00000,0x00000000fce80000)
 ParOldGen       total 87552K, used 57931K [0x00000000c0000000, 0x00000000c5580000, 0x00000000eab00000)
  object space 87552K, 66% used [0x00000000c0000000,0x00000000c3892cd8,0x00000000c5580000)
 Metaspace       used 5901K, capacity 7152K, committed 7296K, reserved 1056768K
  class space    used 573K, capacity 616K, committed 640K, reserved 1048576K
}
Event: 13.135 GC heap before
{Heap before GC invocations=7 (full 0):
 PSYoungGen      total 297984K, used 287158K [0x00000000eab00000, 0x00000000fee00000, 0x0000000100000000)
  eden space 266240K, 100% used [0x00000000eab00000,0x00000000faf00000,0x00000000faf00000)
  from space 31744K, 65% used [0x00000000fcf00000,0x00000000fe36d838,0x00000000fee00000)
  to   space 32256K, 0% used [0x00000000faf00000,0x00000000faf00000,0x00000000fce80000)
 ParOldGen       total 87552K, used 57931K [0x00000000c0000000, 0x00000000c5580000, 0x00000000eab00000)
  object space 87552K, 66% used [0x00000000c0000000,0x00000000c3892cd8,0x00000000c5580000)
 Metaspace       used 5923K, capacity 7152K, committed 7296K, reserved 1056768K
  class space    used 573K, capacity 616K, committed 640K, reserved 1048576K
Event: 13.207 GC heap after
Heap after GC invocations=7 (full 0):
 PSYoungGen      total 298496K, used 32226K [0x00000000eab00000, 0x0000000100000000, 0x0000000100000000)
  eden space 266240K, 0% used [0x00000000eab00000,0x00000000eab00000,0x00000000faf00000)
  from space 32256K, 99% used [0x00000000faf00000,0x00000000fce78b68,0x00000000fce80000)
  to   space 47616K, 0% used [0x00000000fd180000,0x00000000fd180000,0x0000000100000000)
 ParOldGen       total 87552K, used 77514K [0x00000000c0000000, 0x00000000c5580000, 0x00000000eab00000)
  object space 87552K, 88% used [0x00000000c0000000,0x00000000c4bb2808,0x00000000c5580000)
 Metaspace       used 5923K, capacity 7152K, committed 7296K, reserved 1056768K
  class space    used 573K, capacity 616K, committed 640K, reserved 1048576K
}
Event: 13.207 GC heap before
{Heap before GC invocations=8 (full 1):
 PSYoungGen      total 298496K, used 32226K [0x00000000eab00000, 0x0000000100000000, 0x0000000100000000)
  eden space 266240K, 0% used [0x00000000eab00000,0x00000000eab00000,0x00000000faf00000)
  from space 32256K, 99% used [0x00000000faf00000,0x00000000fce78b68,0x00000000fce80000)
  to   space 47616K, 0% used [0x00000000fd180000,0x00000000fd180000,0x0000000100000000)
 ParOldGen       total 87552K, used 77514K [0x00000000c0000000, 0x00000000c5580000, 0x00000000eab00000)
  object space 87552K, 88% used [0x00000000c0000000,0x00000000c4bb2808,0x00000000c5580000)
 Metaspace       used 5923K, capacity 7152K, committed 7296K, reserved 1056768K
  class space    used 573K, capacity 616K, committed 640K, reserved 1048576K
Event: 14.380 GC heap after
Heap after GC invocations=8 (full 1):
 PSYoungGen      total 298496K, used 4056K [0x00000000eab00000, 0x0000000100000000, 0x0000000100000000)
  eden space 266240K, 0% used [0x00000000eab00000,0x00000000eab00000,0x00000000faf00000)
  from space 32256K, 12% used [0x00000000faf00000,0x00000000fb2f62c8,0x00000000fce80000)
  to   space 47616K, 0% used [0x00000000fd180000,0x00000000fd180000,0x0000000100000000)
 ParOldGen       total 170496K, used 87327K [0x00000000c0000000, 0x00000000ca680000, 0x00000000eab00000)
  object space 170496K, 51% used [0x00000000c0000000,0x00000000c5547d58,0x00000000ca680000)
 Metaspace       used 5923K, capacity 7152K, committed 7296K, reserved 1056768K
  class space    used 573K, capacity 616K, committed 640K, reserved 1048576K
}
Event: 18.320 GC heap before
{Heap before GC invocations=9 (full 1):
 PSYoungGen      total 298496K, used 270296K [0x00000000eab00000, 0x0000000100000000, 0x0000000100000000)
  eden space 266240K, 100% used [0x00000000eab00000,0x00000000faf00000,0x00000000faf00000)
  from space 32256K, 12% used [0x00000000faf00000,0x00000000fb2f62c8,0x00000000fce80000)
  to   space 47616K, 0% used [0x00000000fd180000,0x00000000fd180000,0x0000000100000000)
 ParOldGen       total 170496K, used 87327K [0x00000000c0000000, 0x00000000ca680000, 0x00000000eab00000)
  object space 170496K, 51% used [0x00000000c0000000,0x00000000c5547d58,0x00000000ca680000)
 Metaspace       used 5955K, capacity 7152K, committed 7296K, reserved 1056768K
  class space    used 573K, capacity 616K, committed 640K, reserved 1048576K
Event: 18.406 GC heap after
Heap after GC invocations=9 (full 1):
 PSYoungGen      total 291328K, used 40620K [0x00000000eab00000, 0x0000000100000000, 0x0000000100000000)
  eden space 243712K, 0% used [0x00000000eab00000,0x00000000eab00000,0x00000000f9900000)
  from space 47616K, 85% used [0x00000000fd180000,0x00000000ff92b228,0x0000000100000000)
  to   space 52736K, 0% used [0x00000000f9900000,0x00000000f9900000,0x00000000fcc80000)
 ParOldGen       total 170496K, used 87327K [0x00000000c0000000, 0x00000000ca680000, 0x00000000eab00000)
  object space 170496K, 51% used [0x00000000c0000000,0x00000000c5547d58,0x00000000ca680000)
 Metaspace       used 5955K, capacity 7152K, committed 7296K, reserved 1056768K
  class space    used 573K, capacity 616K, committed 640K, reserved 1048576K
}

Deoptimization events (10 events):
Event: 11.740 Thread 0x0000000002570800 Uncommon trap: reason=bimorphic action=maybe_recompile pc=0x000000000309cdec method=com.android.dx.cf.code.ExecutionStack.peekType(I)Lcom/android/dx/rop/type/Type; @ 5
Event: 11.740 Thread 0x0000000002570800 Uncommon trap: reason=bimorphic action=maybe_recompile pc=0x000000000309cdec method=com.android.dx.cf.code.ExecutionStack.peekType(I)Lcom/android/dx/rop/type/Type; @ 5
Event: 12.502 Thread 0x0000000002570800 Uncommon trap: reason=bimorphic action=maybe_recompile pc=0x000000000309cdec method=com.android.dx.cf.code.ExecutionStack.peekType(I)Lcom/android/dx/rop/type/Type; @ 5
Event: 12.632 Thread 0x0000000002570800 Uncommon trap: reason=bimorphic action=maybe_recompile pc=0x0000000003112cac method=com.android.dx.cf.code.ExecutionStack.peekType(I)Lcom/android/dx/rop/type/Type; @ 5
Event: 14.539 Thread 0x0000000002570800 Uncommon trap: reason=uninitialized action=reinterpret pc=0x0000000002e15670 method=com.android.dx.cf.code.BytecodeArray.parseInstruction(ILcom/android/dx/cf/code/BytecodeArray$Visitor;)I @ 999
Event: 14.554 Thread 0x0000000002570800 Uncommon trap: reason=unstable_if action=reinterpret pc=0x0000000002e0d694 method=java.util.HashMap.putVal(ILjava/lang/Object;Ljava/lang/Object;ZZ)Ljava/lang/Object; @ 94
Event: 14.611 Thread 0x0000000002570800 Uncommon trap: reason=unstable_if action=reinterpret pc=0x0000000002edc9dc method=com.android.dx.rop.code.DexTranslationAdvice.hasConstantOperation(Lcom/android/dx/rop/code/Rop;Lcom/android/dx/rop/code/RegisterSpec;Lcom/android/dx/rop/code/RegisterSpec;)Z ÖÄı¯;-@
Event: 14.615 Thread 0x0000000002570800 Uncommon trap: reason=class_check action=maybe_recompile pc=0x0000000002fb076c method=java.util.HashMap.putVal(ILjava/lang/Object;Ljava/lang/Object;ZZ)Ljava/lang/Object; @ 203
Event: 14.615 Thread 0x0000000002570800 Uncommon trap: reason=class_check action=maybe_recompile pc=0x0000000002fb076c method=java.util.HashMap.putVal(ILjava/lang/Object;Ljava/lang/Object;ZZ)Ljava/lang/Object; @ 203
Event: 14.615 Thread 0x0000000002570800 Uncommon trap: reason=class_check action=maybe_recompile pc=0x0000000002fb076c method=java.util.HashMap.putVal(ILjava/lang/Object;Ljava/lang/Object;ZZ)Ljava/lang/Object; @ 203

Internal exceptions (5 events):
Event: 0.045 Thread 0x0000000002570800 Exception <a 'java/lang/NoSuchMethodError': Method sun.misc.Unsafe.defineClass(Ljava/lang/String;[BII)Ljava/lang/Class; name or signature does not match> (0x00000000eab07cc0) thrown at [D:\re\workspace\8-2-build-windows-amd64-cygwin\jdk8u77\6540\hotspot\srç'Çu§Î¶?
Event: 0.045 Thread 0x0000000002570800 Exception <a 'java/lang/NoSuchMethodError': Method sun.misc.Unsafe.prefetchRead(Ljava/lang/Object;J)V name or signature does not match> (0x00000000eab07fa8) thrown at [D:\re\workspace\8-2-build-windows-amd64-cygwin\jdk8u77\6540\hotspot\src\share\vm\prims\j∫lü£©Ã@
Event: 6.700 Thread 0x0000000002570800 Exception <a 'java/lang/ArrayIndexOutOfBoundsException': 18> (0x00000000eb837988) thrown at [D:\re\workspace\8-2-build-windows-amd64-cygwin\jdk8u77\6540\hotspot\src\share\vm\interpreter\interpreterRuntime.cpp, line 366]
Event: 6.700 Thread 0x0000000002570800 Exception <a 'java/lang/ArrayIndexOutOfBoundsException': 145> (0x00000000eb839508) thrown at [D:\re\workspace\8-2-build-windows-amd64-cygwin\jdk8u77\6540\hotspot\src\share\vm\interpreter\interpreterRuntime.cpp, line 366]
Event: 6.701 Thread 0x0000000002570800 Exception <a 'java/lang/ArrayIndexOutOfBoundsException'> (0x00000000eb83a7f0) thrown at [D:\re\workspace\8-2-build-windows-amd64-cygwin\jdk8u77\6540\hotspot\src\share\vm\runtime\sharedRuntime.cpp, line 605]

Events (10 events):
Event: 16.720 Thread 0x0000000017084800 flushing nmethod 0x0000000002bfe790
Event: 16.745 Thread 0x0000000017084800 flushing nmethod 0x0000000002cf0190
Event: 16.783 Thread 0x0000000002570800 DEOPT PACKING pc=0x0000000002fd09e1 sp=0x000000000228e840
Event: 16.783 Thread 0x0000000002570800 DEOPT UNPACKING pc=0x00000000026b787f sp=0x000000000228e638 mode 0
Event: 16.807 Thread 0x0000000017084800 flushing nmethod 0x0000000002d48910
Event: 16.825 Thread 0x0000000017083800 flushing nmethod 0x0000000002e2ec10
Event: 17.163 Thread 0x0000000017082800 flushing nmethod 0x0000000002ed2c90
Event: 17.165 Thread 0x0000000017084800 flushing nmethod 0x0000000002ffcd10
Event: 18.319 Executing VM operation: ParallelGCFailedAllocation
Event: 18.406 Executing VM operation: ParallelGCFailedAllocation done


Dynamic libraries:
0x000007f60b400000 - 0x000007f60b437000 	C:\Program Files\Java\jdk1.8.0_77\bin\java.exe
0x000007fa6b2e0000 - 0x000007fa6b4a0000 	C:\Windows\SYSTEM32\ntdll.dll
0x000007fa69360000 - 0x000007fa69496000 	C:\Windows\system32\KERNEL32.DLL
0x000007fa68360000 - 0x000007fa68453000 	C:\Windows\system32\KERNELBASE.dll
0x000007fa68e00000 - 0x000007fa68ede000 	C:\Windows\system32\ADVAPI32.dll
0x000007fa68ee0000 - 0x000007fa6902c000 	C:\Windows\system32\USER32.dll
0x000007fa655d0000 - 0x000007fa6583a000 	C:\Windows\WinSxS\amd64_microsoft.windows.common-controls_6595b64144ccf1df_6.0.9200.16579_none_418ab7ef718b27ef\COMCTL32.dll
0x000007fa692b0000 - 0x000007fa69355000 	C:\Windows\system32\msvcrt.dll
0x000007fa690e0000 - 0x000007fa69128000 	C:\Windows\SYSTEM32\sechost.dll
0x000007fa688f0000 - 0x000007fa68a30000 	C:\Windows\system32\RPCRT4.dll
0x000007fa6aa30000 - 0x000007fa6ab70000 	C:\Windows\system32\GDI32.dll
0x000007fa691a0000 - 0x000007fa691d9000 	C:\Windows\system32\IMM32.DLL
0x000007fa687c0000 - 0x000007fa688d5000 	C:\Windows\system32\MSCTF.dll
0x0000000058140000 - 0x0000000058212000 	C:\Program Files\Java\jdk1.8.0_77\jre\bin\msvcr100.dll
0x00000000585d0000 - 0x0000000058e60000 	C:\Program Files\Java\jdk1.8.0_77\jre\bin\server\jvm.dll
0x000007fa612c0000 - 0x000007fa612c9000 	C:\Windows\SYSTEM32\WSOCK32.dll
0x000007fa66710000 - 0x000007fa66730000 	C:\Windows\SYSTEM32\WINMM.dll
0x000007fa66810000 - 0x000007fa66819000 	C:\Windows\SYSTEM32\VERSION.dll
0x000007fa688e0000 - 0x000007fa688e7000 	C:\Windows\system32\PSAPI.DLL
0x000007fa694a0000 - 0x000007fa694f8000 	C:\Windows\system32\WS2_32.dll
0x000007fa64f00000 - 0x000007fa64f32000 	C:\Windows\SYSTEM32\WINMMBASE.dll
0x000007fa687b0000 - 0x000007fa687b9000 	C:\Windows\system32\NSI.dll
0x00000000585c0000 - 0x00000000585cf000 	C:\Program Files\Java\jdk1.8.0_77\jre\bin\verify.dll
0x0000000058590000 - 0x00000000585b9000 	C:\Program Files\Java\jdk1.8.0_77\jre\bin\java.dll
0x0000000058570000 - 0x0000000058586000 	C:\Program Files\Java\jdk1.8.0_77\jre\bin\zip.dll
0x000007fa69510000 - 0x000007fa6a7f0000 	C:\Windows\system32\SHELL32.dll
0x000007fa6aea0000 - 0x000007fa6b050000 	C:\Windows\SYSTEM32\combase.dll
0x000007fa6acf0000 - 0x000007fa6ad40000 	C:\Windows\system32\SHLWAPI.dll
0x000007fa67370000 - 0x000007fa67406000 	C:\Windows\SYSTEM32\SHCORE.dll
0x000007fa681b0000 - 0x000007fa681c5000 	C:\Windows\SYSTEM32\profapi.dll

VM Arguments:
jvm_args: -Djava.awt.headless=true -Xmx1024M -Dfile.encoding=windows-1251 -Duser.country=RU -Duser.language=ru -Duser.variant 
java_command: com.android.dx.command.Main --dex --force-jumbo --output C:\Users\paperrose\AndroidStudioProjects\MttPBase\app\build\intermediates\pre-dexed\debug\main_e44d1795b6e247aa25016a2060c995accbd925b1.jar C:\Users\paperrose\AndroidStudioProjects\MttPBase\app\build\intermediates\transforms\instantRun\debug\folders\1\5\main
java_class_path (initial): C:\Users\paperrose\AppData\Local\Android\sdk\build-tools\22.0.1\lib\dx.jar
Launcher Type: SUN_STANDARD

Environment Variables:
PATH=C:\ProgramData\Oracle\Java\javapath;C:\Program Files\ImageMagick-6.9.2-Q16;C:\Inprise\vbroker\bin;C:\PROGRA~2\Borland\CBUILD~1\Bin;C:\PROGRA~2\Borland\CBUILD~1\Projects\Bpl;C:\Program Files (x86)\PC Connectivity Solution\;C:\Program Files (x86)\WinMerge;C:\Program Files\TortoiseGit\bin;C:\Program Files\Java\jdk1.8.0_77\bin;C:\Program Files\Java\jre1.8.0_77\bin;C:\Program Files\OpenVPN\bin;C:\Program Files (x86)\Skype\Phone\
USERNAME=paperrose
OS=Windows_NT
PROCESSOR_IDENTIFIER=Intel64 Family 6 Model 60 Stepping 3, GenuineIntel



---------------  S Y S T E M  ---------------

OS: Windows 8 , 64 bit Build 9200 (6.2.9200.16384)

CPU:total 8 (4 cores per cpu, 2 threads per core) family 6 model 60 stepping 3, cmov, cx8, fxsr, mmx, sse, sse2, sse3, ssse3, sse4.1, sse4.2, popcnt, avx, avx2, aes, clmul, erms, lzcnt, ht, tsc, tscinvbit, bmi1, bmi2

Memory: 4k page, physical 8266004k(781488k free), swap 12953876k(209140k free)

vm_info: Java HotSpot(TM) 64-Bit Server VM (25.77-b03) for windows-amd64 JRE (1.8.0_77-b03), built on Mar 20 2016 22:01:33 by "java_re" with MS VC++ 10.0 (VS2010)

time: Thu Jul 14 12:56:22 2016
elapsed time: 23 seconds (0d 0h 0m 23s)

