#
# There is insufficient memory for the Java Runtime Environment to continue.
# Native memory allocation (malloc) failed to allocate 168016 bytes for Chunk::new
# Possible reasons:
#   The system is out of physical RAM or swap space
#   In 32 bit mode, the process size limit was hit
# Possible solutions:
#   Reduce memory load on the system
#   Increase physical memory or swap space
#   Check if swap backing store is full
#   Use 64 bit Java on a 64 bit OS
#   Decrease Java heap size (-Xmx/-Xms)
#   Decrease number of Java threads
#   Decrease Java thread stack sizes (-Xss)
#   Set larger code cache with -XX:ReservedCodeCacheSize=
# This output file may be truncated or incomplete.
#
#  Out of Memory Error (allocation.cpp:390), pid=1136, tid=9672
#
# JRE version: Java(TM) SE Runtime Environment (8.0_77-b03) (build 1.8.0_77-b03)
# Java VM: Java HotSpot(TM) 64-Bit Server VM (25.77-b03 mixed mode windows-amd64 compressed oops)
# Failed to write core dump. Minidumps are not enabled by default on client versions of Windows
#

---------------  T H R E A D  ---------------

Current thread (0x000000001566a000):  JavaThread "C2 CompilerThread1" daemon [_thread_in_native, id=9672, stack(0x0000000017fd0000,0x00000000180d0000)]

Stack: [0x0000000017fd0000,0x00000000180d0000]
[error occurred during error reporting (printing stack bounds), id 0xc0000005]

Native frames: (J=compiled Java code, j=interpreted, Vv=VM code, C=native code)


Current CompileTask:
C2:   2453 1383       4       com.android.dx.ssa.LiteralOpUpgrader$1::visitNonMoveInsn (203 bytes)


---------------  P R O C E S S  ---------------

Java Threads: ( => current thread )
  0x00000000175b5000 JavaThread "Service Thread" daemon [_thread_blocked, id=8084, stack(0x00000000182d0000,0x00000000183d0000)]
  0x0000000017590000 JavaThread "C1 CompilerThread3" daemon [_thread_blocked, id=11956, stack(0x00000000181d0000,0x00000000182d0000)]
  0x000000001566c000 JavaThread "C2 CompilerThread2" daemon [_thread_in_native, id=8400, stack(0x00000000180d0000,0x00000000181d0000)]
=>0x000000001566a000 JavaThread "C2 CompilerThread1" daemon [_thread_in_native, id=9672, stack(0x0000000017fd0000,0x00000000180d0000)]
  0x000000001757c800 JavaThread "C2 CompilerThread0" daemon [_thread_in_native, id=10916, stack(0x0000000017ed0000,0x0000000017fd0000)]
  0x000000001757b000 JavaThread "Attach Listener" daemon [_thread_blocked, id=6648, stack(0x0000000017dd0000,0x0000000017ed0000)]
  0x0000000017579800 JavaThread "Signal Dispatcher" daemon [_thread_blocked, id=10128, stack(0x0000000017cd0000,0x0000000017dd0000)]
  0x0000000017570800 JavaThread "Finalizer" daemon [_thread_blocked, id=440, stack(0x0000000017950000,0x0000000017a50000)]
  0x0000000002b16000 JavaThread "Reference Handler" daemon [_thread_blocked, id=10264, stack(0x0000000017450000,0x0000000017550000)]
  0x0000000002a20800 JavaThread "main" [_thread_in_Java, id=8532, stack(0x0000000002620000,0x0000000002720000)]

Other Threads:
  0x0000000015659800 VMThread [stack: 0x0000000017350000,0x0000000017450000] [id=12060]
  0x00000000175bb000 WatcherThread [stack: 0x00000000183d0000,0x00000000184d0000] [id=11132]

VM state:not at safepoint (normal execution)

VM Mutex/Monitor currently owned by a thread: None

Heap:
 PSYoungGen      total 71680K, used 42353K [0x00000000eab00000, 0x00000000ef600000, 0x0000000100000000)
  eden space 66560K, 55% used [0x00000000eab00000,0x00000000ecf5fe58,0x00000000eec00000)
  from space 5120K, 99% used [0x00000000ef100000,0x00000000ef5fc780,0x00000000ef600000)
  to   space 5120K, 0% used [0x00000000eec00000,0x00000000eec00000,0x00000000ef100000)
 ParOldGen       total 87552K, used 7085K [0x00000000c0000000, 0x00000000c5580000, 0x00000000eab00000)
  object space 87552K, 8% used [0x00000000c0000000,0x00000000c06eb738,0x00000000c5580000)
 Metaspace       used 6112K, capacity 7216K, committed 7296K, reserved 1056768K
  class space    used 585K, capacity 616K, committed 640K, reserved 1048576K

Card table byte_map: [0x0000000011ee0000,0x00000000120f0000] byte_map_base: 0x00000000118e0000

Marking Bits: (ParMarkBitMap*) 0x0000000058de0600
 Begin Bits: [0x0000000012a50000, 0x0000000013a50000)
 End Bits:   [0x0000000013a50000, 0x0000000014a50000)

Polling page: 0x0000000002510000

CodeCache: size=245760Kb used=6245Kb max_used=6245Kb free=239514Kb
 bounds [0x0000000002b20000, 0x0000000003140000, 0x0000000011b20000]
 total_blobs=1703 nmethods=1437 adapters=178
 compilation: disabled (not enough contiguous free space left)

Compilation events (10 events):
Event: 1.962 Thread 0x0000000017590000 1449       1       com.android.dx.ssa.MoveParamCombiner$1::visitPhiInsn (1 bytes)
Event: 1.962 Thread 0x0000000017590000 nmethod 1449 0x000000000313c590 code [0x000000000313c6e0, 0x000000000313c7f0]
Event: 1.965 Thread 0x0000000017590000 1450       3       com.android.dx.rop.annotation.Annotations::add (75 bytes)
Event: 1.966 Thread 0x0000000017590000 nmethod 1450 0x000000000313c850 code [0x000000000313cac0, 0x000000000313d9e8]
Event: 1.967 Thread 0x0000000017590000 1451       3       com.android.dx.rop.cst.CstString::stringToUtf8Bytes (175 bytes)
Event: 1.967 Thread 0x0000000017590000 nmethod 1451 0x000000000313e0d0 code [0x000000000313e2a0, 0x000000000313eb18]
Event: 1.969 Thread 0x0000000017590000 1452       3       com.android.dx.dex.file.StringIdsSection::intern (53 bytes)
Event: 1.969 Thread 0x0000000017590000 nmethod 1452 0x000000000313ef10 code [0x000000000313f0e0, 0x000000000313f898]
Event: 1.969 Thread 0x0000000017590000 1453       3       com.android.dx.cf.code.LocalVariableList$Item::matchesAllButType (53 bytes)
Event: 1.971 Thread 0x0000000017590000 


GC Heap History (4 events):
Event: 1.686 GC heap before
{Heap before GC invocations=1 (full 0):
 PSYoungGen      total 38400K, used 33280K [0x00000000eab00000, 0x00000000ed580000, 0x0000000100000000)
  eden space 33280K, 100% used [0x00000000eab00000,0x00000000ecb80000,0x00000000ecb80000)
  from space 5120K, 0% used [0x00000000ed080000,0x00000000ed080000,0x00000000ed580000)
  to   space 5120K, 0% used [0x00000000ecb80000,0x00000000ecb80000,0x00000000ed080000)
 ParOldGen       total 87552K, used 0K [0x00000000c0000000, 0x00000000c5580000, 0x00000000eab00000)
  object space 87552K, 0% used [0x00000000c0000000,0x00000000c0000000,0x00000000c5580000)
 Metaspace       used 5752K, capacity 6960K, committed 7040K, reserved 1056768K
  class space    used 564K, capacity 616K, committed 640K, reserved 1048576K
Event: 1.706 GC heap after
Heap after GC invocations=1 (full 0):
 PSYoungGen      total 38400K, used 5098K [0x00000000eab00000, 0x00000000ef600000, 0x0000000100000000)
  eden space 33280K, 0% used [0x00000000eab00000,0x00000000eab00000,0x00000000ecb80000)
  from space 5120K, 99% used [0x00000000ecb80000,0x00000000ed07aab8,0x00000000ed080000)
  to   space 5120K, 0% used [0x00000000ef100000,0x00000000ef100000,0x00000000ef600000)
 ParOldGen       total 87552K, used 1846K [0x00000000c0000000, 0x00000000c5580000, 0x00000000eab00000)
  object space 87552K, 2% used [0x00000000c0000000,0x00000000c01cdb48,0x00000000c5580000)
 Metaspace       used 5752K, capacity 6960K, committed 7040K, reserved 1056768K
  class space    used 564K, capacity 616K, committed 640K, reserved 1048576K
}
Event: 2.017 GC heap before
{Heap before GC invocations=2 (full 0):
 PSYoungGen      total 38400K, used 38378K [0x00000000eab00000, 0x00000000ef600000, 0x0000000100000000)
  eden space 33280K, 100% used [0x00000000eab00000,0x00000000ecb80000,0x00000000ecb80000)
  from space 5120K, 99% used [0x00000000ecb80000,0x00000000ed07aab8,0x00000000ed080000)
  to   space 5120K, 0% used [0x00000000ef100000,0x00000000ef100000,0x00000000ef600000)
 ParOldGen       total 87552K, used 1846K [0x00000000c0000000, 0x00000000c5580000, 0x00000000eab00000)
  object space 87552K, 2% used [0x00000000c0000000,0x00000000c01cdb48,0x00000000c5580000)
 Metaspace       used 5838K, capacity 7024K, committed 7296K, reserved 1056768K
  class space    used 564K, capacity 616K, committed 640K, reserved 1048576K
Event: 2.034 GC heap after
Heap after GC invocations=2 (full 0):
 PSYoungGen      total 71680K, used 5105K [0x00000000eab00000, 0x00000000ef600000, 0x0000000100000000)
  eden space 66560K, 0% used [0x00000000eab00000,0x00000000eab00000,0x00000000eec00000)
  from space 5120K, 99% used [0x00000000ef100000,0x00000000ef5fc780,0x00000000ef600000)
  to   space 5120K, 0% used [0x00000000eec00000,0x00000000eec00000,0x00000000ef100000)
 ParOldGen       total 87552K, used 7085K [0x00000000c0000000, 0x00000000c5580000, 0x00000000eab00000)
  object space 87552K, 8% used [0x00000000c0000000,0x00000000c06eb738,0x00000000c5580000)
 Metaspace       used 5838K, capacity 7024K, committed 7296K, reserved 1056768K
  class space    used 564K, capacity 616K, committed 640K, reserved 1048576K
}

Deoptimization events (10 events):
Event: 1.381 Thread 0x0000000002a20800 Uncommon trap: reason=bimorphic action=maybe_recompile pc=0x0000000002e19ed8 method=java.util.HashMap.getNode(ILjava/lang/Object;)Ljava/util/HashMap$Node; @ 126
Event: 1.381 Thread 0x0000000002a20800 Uncommon trap: reason=bimorphic action=maybe_recompile pc=0x0000000002e19ed8 method=java.util.HashMap.getNode(ILjava/lang/Object;)Ljava/util/HashMap$Node; @ 126
Event: 1.383 Thread 0x0000000002a20800 Uncommon trap: reason=unstable_if action=reinterpret pc=0x0000000002e19eb8 method=com.android.dx.rop.code.RegisterSpec.equals(ILcom/android/dx/rop/type/TypeBearer;Lcom/android/dx/rop/code/LocalItem;)Z @ 16
Event: 1.454 Thread 0x0000000002a20800 Uncommon trap: reason=unstable_if action=reinterpret pc=0x0000000002ee2300 method=com.android.dx.ssa.SsaRenamer$BlockRenamer.addMapping(ILcom/android/dx/rop/code/RegisterSpec;)V @ 120
Event: 1.648 Thread 0x0000000002a20800 Uncommon trap: reason=null_check action=make_not_entrant pc=0x0000000002f1aca8 method=com.android.dx.rop.type.Type.equals(Ljava/lang/Object;)Z @ 8
Event: 1.730 Thread 0x0000000002a20800 Uncommon trap: reason=unstable_if action=reinterpret pc=0x0000000002e2a39c method=com.android.dx.rop.cst.Constant.compareTo(Lcom/android/dx/rop/cst/Constant;)I @ 12
Event: 1.827 Thread 0x0000000002a20800 Uncommon trap: reason=uninitialized action=reinterpret pc=0x0000000003076ccc method=com.android.dx.cf.code.BytecodeArray.parseInstruction(ILcom/android/dx/cf/code/BytecodeArray$Visitor;)I @ 1095
Event: 1.836 Thread 0x0000000002a20800 Uncommon trap: reason=class_check action=maybe_recompile pc=0x0000000002f77e1c method=java.util.HashMap.putVal(ILjava/lang/Object;Ljava/lang/Object;ZZ)Ljava/lang/Object; @ 203
Event: 2.050 Thread 0x0000000002a20800 Uncommon trap: reason=unstable_if action=reinterpret pc=0x0000000002f69438 method=com.android.dx.cf.code.Ropper.labelToResultIndex(I)I @ 34
Event: 2.052 Thread 0x0000000002a20800 Uncommon trap: reason=unstable_if action=reinterpret pc=0x0000000002fff724 method=com.android.dx.util.LabeledList.set(ILcom/android/dx/util/LabeledItem;)V @ 16

Internal exceptions (4 events):
Event: 0.284 Thread 0x0000000002a20800 Exception <a 'java/lang/NoSuchMethodError': Method sun.misc.Unsafe.defineClass(Ljava/lang/String;[BII)Ljava/lang/Class; name or signature does not match> (0x00000000eab07cc0) thrown at [D:\re\workspace\8-2-build-windows-amd64-cygwin\jdk8u77\6540\hotspot\srK¨æ²-Ò?
Event: 0.284 Thread 0x0000000002a20800 Exception <a 'java/lang/NoSuchMethodError': Method sun.misc.Unsafe.prefetchRead(Ljava/lang/Object;J)V name or signature does not match> (0x00000000eab07fa8) thrown at [D:\re\workspace\8-2-build-windows-amd64-cygwin\jdk8u77\6540\hotspot\src\share\vm\prims\j?Ÿ§/o¼ó?
Event: 1.234 Thread 0x0000000002a20800 Implicit null exception at 0x0000000002e82551 to 0x0000000002e83879
Event: 1.648 Thread 0x0000000002a20800 Implicit null exception at 0x0000000002f1aba2 to 0x0000000002f1ac9a

Events (10 events):
Event: 2.050 loading class java/util/HashMap$Values
Event: 2.050 loading class java/util/HashMap$Values done
Event: 2.050 loading class java/util/HashMap$ValueIterator
Event: 2.050 loading class java/util/HashMap$ValueIterator done
Event: 2.050 Thread 0x0000000002a20800 Uncommon trap: trap_request=0xffffff65 fr.pc=0x0000000002f69438
Event: 2.050 Thread 0x0000000002a20800 DEOPT PACKING pc=0x0000000002f69438 sp=0x000000000271e560
Event: 2.050 Thread 0x0000000002a20800 DEOPT UNPACKING pc=0x0000000002b6582a sp=0x000000000271e508 mode 2
Event: 2.052 Thread 0x0000000002a20800 Uncommon trap: trap_request=0xffffff65 fr.pc=0x0000000002fff724
Event: 2.052 Thread 0x0000000002a20800 DEOPT PACKING pc=0x0000000002fff724 sp=0x000000000271e3e0
Event: 2.052 Thread 0x0000000002a20800 DEOPT UNPACKING pc=0x0000000002b6582a sp=0x000000000271e3d8 mode 2


Dynamic libraries:
0x000007f60b400000 - 0x000007f60b437000 	C:\Program Files\Java\jdk1.8.0_77\bin\java.exe
0x000007fa6b2e0000 - 0x000007fa6b4a0000 	C:\Windows\SYSTEM32\ntdll.dll
0x000007fa69360000 - 0x000007fa69496000 	C:\Windows\system32\KERNEL32.DLL
0x000007fa68360000 - 0x000007fa68453000 	C:\Windows\system32\KERNELBASE.dll
0x000007fa68e00000 - 0x000007fa68ede000 	C:\Windows\system32\ADVAPI32.dll
0x000007fa68ee0000 - 0x000007fa6902c000 	C:\Windows\system32\USER32.dll
0x000007fa655d0000 - 0x000007fa6583a000 	C:\Windows\WinSxS\amd64_microsoft.windows.common-controls_6595b64144ccf1df_6.0.9200.16579_none_418ab7ef718b27ef\COMCTL32.dll
0x000007fa692b0000 - 0x000007fa69355000 	C:\Windows\system32\msvcrt.dll
0x000007fa690e0000 - 0x000007fa69128000 	C:\Windows\SYSTEM32\sechost.dll
0x000007fa688f0000 - 0x000007fa68a30000 	C:\Windows\system32\RPCRT4.dll
0x000007fa6aa30000 - 0x000007fa6ab70000 	C:\Windows\system32\GDI32.dll
0x000007fa691a0000 - 0x000007fa691d9000 	C:\Windows\system32\IMM32.DLL
0x000007fa687c0000 - 0x000007fa688d5000 	C:\Windows\system32\MSCTF.dll
0x0000000058140000 - 0x0000000058212000 	C:\Program Files\Java\jdk1.8.0_77\jre\bin\msvcr100.dll
0x00000000585d0000 - 0x0000000058e60000 	C:\Program Files\Java\jdk1.8.0_77\jre\bin\server\jvm.dll
0x000007fa612c0000 - 0x000007fa612c9000 	C:\Windows\SYSTEM32\WSOCK32.dll
0x000007fa66710000 - 0x000007fa66730000 	C:\Windows\SYSTEM32\WINMM.dll
0x000007fa66810000 - 0x000007fa66819000 	C:\Windows\SYSTEM32\VERSION.dll
0x000007fa688e0000 - 0x000007fa688e7000 	C:\Windows\system32\PSAPI.DLL
0x000007fa694a0000 - 0x000007fa694f8000 	C:\Windows\system32\WS2_32.dll
0x000007fa64f00000 - 0x000007fa64f32000 	C:\Windows\SYSTEM32\WINMMBASE.dll
0x000007fa687b0000 - 0x000007fa687b9000 	C:\Windows\system32\NSI.dll
0x00000000585c0000 - 0x00000000585cf000 	C:\Program Files\Java\jdk1.8.0_77\jre\bin\verify.dll
0x0000000058590000 - 0x00000000585b9000 	C:\Program Files\Java\jdk1.8.0_77\jre\bin\java.dll
0x0000000058570000 - 0x0000000058586000 	C:\Program Files\Java\jdk1.8.0_77\jre\bin\zip.dll
0x000007fa69510000 - 0x000007fa6a7f0000 	C:\Windows\system32\SHELL32.dll
0x000007fa6aea0000 - 0x000007fa6b050000 	C:\Windows\SYSTEM32\combase.dll
0x000007fa6acf0000 - 0x000007fa6ad40000 	C:\Windows\system32\SHLWAPI.dll
0x000007fa67370000 - 0x000007fa67406000 	C:\Windows\SYSTEM32\SHCORE.dll
0x000007fa681b0000 - 0x000007fa681c5000 	C:\Windows\SYSTEM32\profapi.dll

VM Arguments:
jvm_args: -Djava.awt.headless=true -Xmx1024M -Dfile.encoding=windows-1251 -Duser.country=RU -Duser.language=ru -Duser.variant 
java_command: com.android.dx.command.Main --dex --output C:\Users\paperrose\AndroidStudioProjects\MttPBase\app\build\intermediates\pre-dexed\release\com.android.support-design-22.2.1_921596e4b22cc52b59728edf406bac41e6e28768.jar C:\Users\paperrose\AndroidStudioProjects\MttPBase\app\build\intermediates\exploded-aar\com.android.support\design\22.2.1\jars\classes.jar
java_class_path (initial): C:\Users\paperrose\AppData\Local\Android\sdk\build-tools\22.0.1\lib\dx.jar
Launcher Type: SUN_STANDARD

Environment Variables:
PATH=C:\ProgramData\Oracle\Java\javapath;C:\Program Files\ImageMagick-6.9.2-Q16;C:\Inprise\vbroker\bin;C:\PROGRA~2\Borland\CBUILD~1\Bin;C:\PROGRA~2\Borland\CBUILD~1\Projects\Bpl;C:\Program Files (x86)\PC Connectivity Solution\;C:\Program Files (x86)\WinMerge;C:\Program Files\TortoiseGit\bin;C:\Program Files\Java\jdk1.8.0_77\bin;C:\Program Files\Java\jre1.8.0_77\bin;C:\Program Files\OpenVPN\bin;C:\Program Files (x86)\Skype\Phone\
USERNAME=paperrose
OS=Windows_NT
PROCESSOR_IDENTIFIER=Intel64 Family 6 Model 60 Stepping 3, GenuineIntel



---------------  S Y S T E M  ---------------

OS: Windows 8 , 64 bit Build 9200 (6.2.9200.16384)

CPU:total 8 (4 cores per cpu, 2 threads per core) family 6 model 60 stepping 3, cmov, cx8, fxsr, mmx, sse, sse2, sse3, ssse3, sse4.1, sse4.2, popcnt, avx, avx2, aes, clmul, erms, lzcnt, ht, tsc, tscinvbit, bmi1, bmi2

Memory: 4k page, physical 8266004k(559320k free), swap 12953876k(21236k free)

vm_info: Java HotSpot(TM) 64-Bit Server VM (25.77-b03) for windows-amd64 JRE (1.8.0_77-b03), built on Mar 20 2016 22:01:33 by "java_re" with MS VC++ 10.0 (VS2010)

time: Thu Jul 14 17:39:20 2016
elapsed time: 2 seconds (0d 0h 0m 2s)

