#
# There is insufficient memory for the Java Runtime Environment to continue.
# Native memory allocation (malloc) failed to allocate 1664976 bytes for Chunk::new
# Possible reasons:
#   The system is out of physical RAM or swap space
#   In 32 bit mode, the process size limit was hit
# Possible solutions:
#   Reduce memory load on the system
#   Increase physical memory or swap space
#   Check if swap backing store is full
#   Use 64 bit Java on a 64 bit OS
#   Decrease Java heap size (-Xmx/-Xms)
#   Decrease number of Java threads
#   Decrease Java thread stack sizes (-Xss)
#   Set larger code cache with -XX:ReservedCodeCacheSize=
# This output file may be truncated or incomplete.
#
#  Out of Memory Error (allocation.cpp:390), pid=6860, tid=9740
#
# JRE version: Java(TM) SE Runtime Environment (8.0_77-b03) (build 1.8.0_77-b03)
# Java VM: Java HotSpot(TM) 64-Bit Server VM (25.77-b03 mixed mode windows-amd64 compressed oops)
# Failed to write core dump. Minidumps are not enabled by default on client versions of Windows
#

---------------  T H R E A D  ---------------

Current thread (0x0000000017993800):  JavaThread "C2 CompilerThread1" daemon [_thread_in_native, id=9740, stack(0x00000000183d0000,0x00000000184d0000)]

Stack: [0x00000000183d0000,0x00000000184d0000]
[error occurred during error reporting (printing stack bounds), id 0xc0000005]

Native frames: (J=compiled Java code, j=interpreted, Vv=VM code, C=native code)


Current CompileTask:
C2:   3516 1745       4       com.android.dx.dex.code.RopToDop::dopFor (792 bytes)


---------------  P R O C E S S  ---------------

Java Threads: ( => current thread )
  0x0000000017a30000 JavaThread "Service Thread" daemon [_thread_blocked, id=2652, stack(0x00000000186d0000,0x00000000187d0000)]
  0x0000000017999000 JavaThread "C1 CompilerThread3" daemon [_thread_blocked, id=12112, stack(0x00000000185d0000,0x00000000186d0000)]
  0x0000000017996800 JavaThread "C2 CompilerThread2" daemon [_thread_in_native, id=6604, stack(0x00000000184d0000,0x00000000185d0000)]
=>0x0000000017993800 JavaThread "C2 CompilerThread1" daemon [_thread_in_native, id=9740, stack(0x00000000183d0000,0x00000000184d0000)]
  0x000000001798e800 JavaThread "C2 CompilerThread0" daemon [_thread_in_native, id=9816, stack(0x00000000182d0000,0x00000000183d0000)]
  0x000000001798c800 JavaThread "Attach Listener" daemon [_thread_blocked, id=7848, stack(0x00000000181d0000,0x00000000182d0000)]
  0x000000001798b000 JavaThread "Signal Dispatcher" daemon [_thread_blocked, id=8024, stack(0x00000000180d0000,0x00000000181d0000)]
  0x0000000017980800 JavaThread "Finalizer" daemon [_thread_blocked, id=1528, stack(0x0000000017d60000,0x0000000017e60000)]
  0x0000000015a8d800 JavaThread "Reference Handler" daemon [_thread_blocked, id=1000, stack(0x0000000017860000,0x0000000017960000)]
  0x0000000002e70800 JavaThread "main" [_thread_in_Java, id=10788, stack(0x0000000002a90000,0x0000000002b90000)]

Other Threads:
  0x0000000015a89800 VMThread [stack: 0x0000000017760000,0x0000000017860000] [id=9916]
  0x0000000017a42800 WatcherThread [stack: 0x00000000187d0000,0x00000000188d0000] [id=188]

VM state:not at safepoint (normal execution)

VM Mutex/Monitor currently owned by a thread: None

Heap:
 PSYoungGen      total 71680K, used 61057K [0x00000000eab00000, 0x00000000ef600000, 0x0000000100000000)
  eden space 66560K, 84% used [0x00000000eab00000,0x00000000ee1a4798,0x00000000eec00000)
  from space 5120K, 99% used [0x00000000eec00000,0x00000000ef0fbfa8,0x00000000ef100000)
  to   space 5120K, 0% used [0x00000000ef100000,0x00000000ef100000,0x00000000ef600000)
 ParOldGen       total 87552K, used 15466K [0x00000000c0000000, 0x00000000c5580000, 0x00000000eab00000)
  object space 87552K, 17% used [0x00000000c0000000,0x00000000c0f1a870,0x00000000c5580000)
 Metaspace       used 6015K, capacity 7088K, committed 7296K, reserved 1056768K
  class space    used 581K, capacity 616K, committed 640K, reserved 1048576K

Card table byte_map: [0x0000000012330000,0x0000000012540000] byte_map_base: 0x0000000011d30000

Marking Bits: (ParMarkBitMap*) 0x0000000058ec0600
 Begin Bits: [0x0000000012ea0000, 0x0000000013ea0000)
 End Bits:   [0x0000000013ea0000, 0x0000000014ea0000)

Polling page: 0x0000000001130000

CodeCache: size=245760Kb used=7471Kb max_used=7480Kb free=238288Kb
 bounds [0x0000000002f70000, 0x00000000036d0000, 0x0000000011f70000]
 total_blobs=2045 nmethods=1780 adapters=178
 compilation: enabled

Compilation events (10 events):
Event: 3.351 Thread 0x0000000017999000 1836       1       com.android.dx.cf.code.LocalVariableList$Item::getSignature (5 bytes)
Event: 3.351 Thread 0x0000000017999000 nmethod 1836 0x0000000003687790 code [0x00000000036878e0, 0x00000000036879f0]
Event: 3.351 Thread 0x0000000017993800 nmethod 1688 0x0000000003687310 code [0x0000000003687460, 0x0000000003687638]
Event: 3.351 Thread 0x0000000017993800 1745       4       com.android.dx.dex.code.RopToDop::dopFor (792 bytes)
Event: 3.358 Thread 0x0000000017999000 1838       2       com.android.dx.rop.cst.CstLiteral32::getLongBits (6 bytes)
Event: 3.358 Thread 0x0000000017999000 nmethod 1838 0x0000000003686f10 code [0x0000000003687060, 0x00000000036871b0]
Event: 3.401 Thread 0x0000000017999000 1846       1       com.android.dx.dex.code.RopTranslator::access$100 (5 bytes)
Event: 3.402 Thread 0x0000000017999000 nmethod 1846 0x000000000369cc90 code [0x000000000369cde0, 0x000000000369ced0]
Event: 3.460 Thread 0x0000000017999000 1848       1       com.android.dx.cf.attrib.AttInnerClasses::getInnerClasses (5 bytes)
Event: 3.460 Thread 0x0000000017999000 nmethod 1848 0x000000000369c9d0 code [0x000000000369cb20, 0x000000000369cc30]

GC Heap History (6 events):
Event: 1.150 GC heap before
{Heap before GC invocations=1 (full 0):
 PSYoungGen      total 38400K, used 33280K [0x00000000eab00000, 0x00000000ed580000, 0x0000000100000000)
  eden space 33280K, 100% used [0x00000000eab00000,0x00000000ecb80000,0x00000000ecb80000)
  from space 5120K, 0% used [0x00000000ed080000,0x00000000ed080000,0x00000000ed580000)
  to   space 5120K, 0% used [0x00000000ecb80000,0x00000000ecb80000,0x00000000ed080000)
 ParOldGen       total 87552K, used 0K [0x00000000c0000000, 0x00000000c5580000, 0x00000000eab00000)
  object space 87552K, 0% used [0x00000000c0000000,0x00000000c0000000,0x00000000c5580000)
 Metaspace       used 5673K, capacity 6896K, committed 7040K, reserved 1056768K
  class space    used 561K, capacity 616K, committed 640K, reserved 1048576K
Event: 1.164 GC heap after
Heap after GC invocations=1 (full 0):
 PSYoungGen      total 38400K, used 5114K [0x00000000eab00000, 0x00000000ef600000, 0x0000000100000000)
  eden space 33280K, 0% used [0x00000000eab00000,0x00000000eab00000,0x00000000ecb80000)
  from space 5120K, 99% used [0x00000000ecb80000,0x00000000ed07eac8,0x00000000ed080000)
  to   space 5120K, 0% used [0x00000000ef100000,0x00000000ef100000,0x00000000ef600000)
 ParOldGen       total 87552K, used 3075K [0x00000000c0000000, 0x00000000c5580000, 0x00000000eab00000)
  object space 87552K, 3% used [0x00000000c0000000,0x00000000c0300f28,0x00000000c5580000)
 Metaspace       used 5673K, capacity 6896K, committed 7040K, reserved 1056768K
  class space    used 561K, capacity 616K, committed 640K, reserved 1048576K
}
Event: 1.461 GC heap before
{Heap before GC invocations=2 (full 0):
 PSYoungGen      total 38400K, used 38394K [0x00000000eab00000, 0x00000000ef600000, 0x0000000100000000)
  eden space 33280K, 100% used [0x00000000eab00000,0x00000000ecb80000,0x00000000ecb80000)
  from space 5120K, 99% used [0x00000000ecb80000,0x00000000ed07eac8,0x00000000ed080000)
  to   space 5120K, 0% used [0x00000000ef100000,0x00000000ef100000,0x00000000ef600000)
 ParOldGen       total 87552K, used 3075K [0x00000000c0000000, 0x00000000c5580000, 0x00000000eab00000)
  object space 87552K, 3% used [0x00000000c0000000,0x00000000c0300f28,0x00000000c5580000)
 Metaspace       used 5906K, capacity 7024K, committed 7296K, reserved 1056768K
  class space    used 581K, capacity 616K, committed 640K, reserved 1048576K
Event: 1.473 GC heap after
Heap after GC invocations=2 (full 0):
 PSYoungGen      total 71680K, used 5099K [0x00000000eab00000, 0x00000000ef600000, 0x0000000100000000)
  eden space 66560K, 0% used [0x00000000eab00000,0x00000000eab00000,0x00000000eec00000)
  from space 5120K, 99% used [0x00000000ef100000,0x00000000ef5face0,0x00000000ef600000)
  to   space 5120K, 0% used [0x00000000eec00000,0x00000000eec00000,0x00000000ef100000)
 ParOldGen       total 87552K, used 5686K [0x00000000c0000000, 0x00000000c5580000, 0x00000000eab00000)
  object space 87552K, 6% used [0x00000000c0000000,0x00000000c058d998,0x00000000c5580000)
 Metaspace       used 5906K, capacity 7024K, committed 7296K, reserved 1056768K
  class space    used 581K, capacity 616K, committed 640K, reserved 1048576K
}
Event: 2.212 GC heap before
{Heap before GC invocations=3 (full 0):
 PSYoungGen      total 71680K, used 71659K [0x00000000eab00000, 0x00000000ef600000, 0x0000000100000000)
  eden space 66560K, 100% used [0x00000000eab00000,0x00000000eec00000,0x00000000eec00000)
  from space 5120K, 99% used [0x00000000ef100000,0x00000000ef5face0,0x00000000ef600000)
  to   space 5120K, 0% used [0x00000000eec00000,0x00000000eec00000,0x00000000ef100000)
 ParOldGen       total 87552K, used 5686K [0x00000000c0000000, 0x00000000c5580000, 0x00000000eab00000)
  object space 87552K, 6% used [0x00000000c0000000,0x00000000c058d998,0x00000000c5580000)
 Metaspace       used 5988K, capacity 7088K, committed 7296K, reserved 1056768K
  class space    used 581K, capacity 616K, committed 640K, reserved 1048576K
Event: 2.244 GC heap after
Heap after GC invocations=3 (full 0):
 PSYoungGen      total 71680K, used 5103K [0x00000000eab00000, 0x00000000ef600000, 0x0000000100000000)
  eden space 66560K, 0% used [0x00000000eab00000,0x00000000eab00000,0x00000000eec00000)
  from space 5120K, 99% used [0x00000000eec00000,0x00000000ef0fbfa8,0x00000000ef100000)
  to   space 5120K, 0% used [0x00000000ef100000,0x00000000ef100000,0x00000000ef600000)
 ParOldGen       total 87552K, used 15466K [0x00000000c0000000, 0x00000000c5580000, 0x00000000eab00000)
  object space 87552K, 17% used [0x00000000c0000000,0x00000000c0f1a870,0x00000000c5580000)
 Metaspace       used 5988K, capacity 7088K, committed 7296K, reserved 1056768K
  class space    used 581K, capacity 616K, committed 640K, reserved 1048576K
}

Deoptimization events (10 events):
Event: 1.385 Thread 0x0000000002e70800 Uncommon trap: reason=unstable_if action=reinterpret pc=0x00000000032ead68 method=java.util.HashMap.getNode(ILjava/lang/Object;)Ljava/util/HashMap$Node; @ 84
Event: 1.403 Thread 0x0000000002e70800 Uncommon trap: reason=unstable_if action=reinterpret pc=0x0000000003280798 method=java.util.HashMap.getNode(ILjava/lang/Object;)Ljava/util/HashMap$Node; @ 84
Event: 1.436 Thread 0x0000000002e70800 Uncommon trap: reason=unstable_if action=reinterpret pc=0x0000000003526980 method=java.util.HashMap.putVal(ILjava/lang/Object;Ljava/lang/Object;ZZ)Ljava/lang/Object; @ 162
Event: 1.598 Thread 0x0000000002e70800 Uncommon trap: reason=unstable_if action=reinterpret pc=0x0000000003585d98 method=com.android.dx.cf.code.ByteCatchList.listFor(I)Lcom/android/dx/cf/code/ByteCatchList; @ 47
Event: 2.062 Thread 0x0000000002e70800 Uncommon trap: reason=unstable_if action=reinterpret pc=0x00000000035c9e4c method=java.util.HashMap.putVal(ILjava/lang/Object;Ljava/lang/Object;ZZ)Ljava/lang/Object; @ 109
Event: 2.181 Thread 0x0000000002e70800 Uncommon trap: reason=unstable_if action=reinterpret pc=0x00000000035dbf28 method=com.android.dx.ssa.SCCP.simulateBranch(Lcom/android/dx/ssa/SsaInsn;)V @ 548
Event: 2.675 Thread 0x0000000002e70800 Uncommon trap: reason=bimorphic action=maybe_recompile pc=0x00000000035f3ebc method=com.android.dx.rop.code.RegisterSpec.withSimpleType()Lcom/android/dx/rop/code/RegisterSpec; @ 21
Event: 2.955 Thread 0x0000000002e70800 Uncommon trap: reason=bimorphic action=maybe_recompile pc=0x00000000035f3ebc method=com.android.dx.rop.code.RegisterSpec.withSimpleType()Lcom/android/dx/rop/code/RegisterSpec; @ 21
Event: 3.341 Thread 0x0000000002e70800 Uncommon trap: reason=bimorphic action=maybe_recompile pc=0x00000000035f3ebc method=com.android.dx.rop.code.RegisterSpec.withSimpleType()Lcom/android/dx/rop/code/RegisterSpec; @ 21
Event: 3.409 Thread 0x0000000002e70800 Uncommon trap: reason=bimorphic action=maybe_recompile pc=0x00000000035f3ebc method=com.android.dx.rop.code.RegisterSpec.withSimpleType()Lcom/android/dx/rop/code/RegisterSpec; @ 21

Internal exceptions (6 events):
Event: 0.103 Thread 0x0000000002e70800 Exception <a 'java/lang/NoSuchMethodError': Method sun.misc.Unsafe.defineClass(Ljava/lang/String;[BII)Ljava/lang/Class; name or signature does not match> (0x00000000eab07cc0) thrown at [D:\re\workspace\8-2-build-windows-amd64-cygwin\jdk8u77\6540\hotspot\srª§_Z®mº?
Event: 0.103 Thread 0x0000000002e70800 Exception <a 'java/lang/NoSuchMethodError': Method sun.misc.Unsafe.prefetchRead(Ljava/lang/Object;J)V name or signature does not match> (0x00000000eab07fa8) thrown at [D:\re\workspace\8-2-build-windows-amd64-cygwin\jdk8u77\6540\hotspot\src\share\vm\prims\jªM.Ktí?
Event: 0.920 Thread 0x0000000002e70800 Implicit null exception at 0x0000000003260836 to 0x00000000032620b1
Event: 1.384 Thread 0x0000000002e70800 Exception <a 'java/lang/ArrayIndexOutOfBoundsException': 18> (0x00000000ec03b858) thrown at [D:\re\workspace\8-2-build-windows-amd64-cygwin\jdk8u77\6540\hotspot\src\share\vm\interpreter\interpreterRuntime.cpp, line 366]
Event: 1.384 Thread 0x0000000002e70800 Exception <a 'java/lang/ArrayIndexOutOfBoundsException': 145> (0x00000000ec03d3d8) thrown at [D:\re\workspace\8-2-build-windows-amd64-cygwin\jdk8u77\6540\hotspot\src\share\vm\interpreter\interpreterRuntime.cpp, line 366]
Event: 1.385 Thread 0x0000000002e70800 Exception <a 'java/lang/ArrayIndexOutOfBoundsException'> (0x00000000ec03e6c0) thrown at [D:\re\workspace\8-2-build-windows-amd64-cygwin\jdk8u77\6540\hotspot\src\share\vm\runtime\sharedRuntime.cpp, line 605]

Events (10 events):
Event: 2.676 Thread 0x0000000002e70800 DEOPT UNPACKING pc=0x0000000002fb582a sp=0x0000000002b8e858 mode 2
Event: 2.955 Thread 0x0000000002e70800 Uncommon trap: trap_request=0xffffffc6 fr.pc=0x00000000035f3ebc
Event: 2.955 Thread 0x0000000002e70800 DEOPT PACKING pc=0x00000000035f3ebc sp=0x0000000002b8e8d0
Event: 2.955 Thread 0x0000000002e70800 DEOPT UNPACKING pc=0x0000000002fb582a sp=0x0000000002b8e858 mode 2
Event: 3.341 Thread 0x0000000002e70800 Uncommon trap: trap_request=0xffffffc6 fr.pc=0x00000000035f3ebc
Event: 3.341 Thread 0x0000000002e70800 DEOPT PACKING pc=0x00000000035f3ebc sp=0x0000000002b8e8d0
Event: 3.341 Thread 0x0000000002e70800 DEOPT UNPACKING pc=0x0000000002fb582a sp=0x0000000002b8e858 mode 2
Event: 3.409 Thread 0x0000000002e70800 Uncommon trap: trap_request=0xffffffc6 fr.pc=0x00000000035f3ebc
Event: 3.409 Thread 0x0000000002e70800 DEOPT PACKING pc=0x00000000035f3ebc sp=0x0000000002b8e8d0
Event: 3.409 Thread 0x0000000002e70800 DEOPT UNPACKING pc=0x0000000002fb582a sp=0x0000000002b8e858 mode 2


Dynamic libraries:
0x000007f73c840000 - 0x000007f73c877000 	C:\Program Files\Java\jdk1.8.0_77\bin\java.exe
0x000007fa6b2e0000 - 0x000007fa6b4a0000 	C:\Windows\SYSTEM32\ntdll.dll
0x000007fa69360000 - 0x000007fa69496000 	C:\Windows\system32\KERNEL32.DLL
0x000007fa68360000 - 0x000007fa68453000 	C:\Windows\system32\KERNELBASE.dll
0x000007fa68e00000 - 0x000007fa68ede000 	C:\Windows\system32\ADVAPI32.dll
0x000007fa68ee0000 - 0x000007fa6902c000 	C:\Windows\system32\USER32.dll
0x000007fa655d0000 - 0x000007fa6583a000 	C:\Windows\WinSxS\amd64_microsoft.windows.common-controls_6595b64144ccf1df_6.0.9200.16579_none_418ab7ef718b27ef\COMCTL32.dll
0x000007fa692b0000 - 0x000007fa69355000 	C:\Windows\system32\msvcrt.dll
0x000007fa690e0000 - 0x000007fa69128000 	C:\Windows\SYSTEM32\sechost.dll
0x000007fa688f0000 - 0x000007fa68a30000 	C:\Windows\system32\RPCRT4.dll
0x000007fa6aa30000 - 0x000007fa6ab70000 	C:\Windows\system32\GDI32.dll
0x000007fa691a0000 - 0x000007fa691d9000 	C:\Windows\system32\IMM32.DLL
0x000007fa687c0000 - 0x000007fa688d5000 	C:\Windows\system32\MSCTF.dll
0x0000000058190000 - 0x0000000058262000 	C:\Program Files\Java\jdk1.8.0_77\jre\bin\msvcr100.dll
0x00000000586b0000 - 0x0000000058f40000 	C:\Program Files\Java\jdk1.8.0_77\jre\bin\server\jvm.dll
0x000007fa612c0000 - 0x000007fa612c9000 	C:\Windows\SYSTEM32\WSOCK32.dll
0x000007fa66710000 - 0x000007fa66730000 	C:\Windows\SYSTEM32\WINMM.dll
0x000007fa66810000 - 0x000007fa66819000 	C:\Windows\SYSTEM32\VERSION.dll
0x000007fa688e0000 - 0x000007fa688e7000 	C:\Windows\system32\PSAPI.DLL
0x000007fa694a0000 - 0x000007fa694f8000 	C:\Windows\system32\WS2_32.dll
0x000007fa64f00000 - 0x000007fa64f32000 	C:\Windows\SYSTEM32\WINMMBASE.dll
0x000007fa687b0000 - 0x000007fa687b9000 	C:\Windows\system32\NSI.dll
0x00000000586a0000 - 0x00000000586af000 	C:\Program Files\Java\jdk1.8.0_77\jre\bin\verify.dll
0x0000000058670000 - 0x0000000058699000 	C:\Program Files\Java\jdk1.8.0_77\jre\bin\java.dll
0x0000000058650000 - 0x0000000058666000 	C:\Program Files\Java\jdk1.8.0_77\jre\bin\zip.dll
0x000007fa69510000 - 0x000007fa6a7f0000 	C:\Windows\system32\SHELL32.dll
0x000007fa6aea0000 - 0x000007fa6b050000 	C:\Windows\SYSTEM32\combase.dll
0x000007fa6acf0000 - 0x000007fa6ad40000 	C:\Windows\system32\SHLWAPI.dll
0x000007fa67370000 - 0x000007fa67406000 	C:\Windows\SYSTEM32\SHCORE.dll
0x000007fa681b0000 - 0x000007fa681c5000 	C:\Windows\SYSTEM32\profapi.dll

VM Arguments:
jvm_args: -Djava.awt.headless=true -Xmx1024M -Dfile.encoding=windows-1251 -Duser.country=RU -Duser.language=ru -Duser.variant 
java_command: com.android.dx.command.Main --dex --output C:\Users\paperrose\AndroidStudioProjects\MttPBase\app\build\intermediates\pre-dexed\debug\okhttp-3.3.0_530960b31ee1cd0a23f48a41a277cb27ca824e02.jar C:\Users\paperrose\.gradle\caches\modules-2\files-2.1\com.squareup.okhttp3\okhttp\3.3.0\2b802460eea20f8f2ad9c08c74e0f14718e88aa9\okhttp-3.3.0.jar
java_class_path (initial): C:\Users\paperrose\AppData\Local\Android\sdk\build-tools\22.0.1\lib\dx.jar
Launcher Type: SUN_STANDARD

Environment Variables:
PATH=C:\ProgramData\Oracle\Java\javapath;C:\Program Files\ImageMagick-6.9.2-Q16;C:\Inprise\vbroker\bin;C:\PROGRA~2\Borland\CBUILD~1\Bin;C:\PROGRA~2\Borland\CBUILD~1\Projects\Bpl;C:\Program Files (x86)\PC Connectivity Solution\;C:\Program Files (x86)\WinMerge;C:\Program Files\TortoiseGit\bin;C:\Program Files\Java\jdk1.8.0_77\bin;C:\Program Files\Java\jre1.8.0_77\bin;C:\Program Files\OpenVPN\bin;C:\Program Files (x86)\Skype\Phone\
USERNAME=paperrose
OS=Windows_NT
PROCESSOR_IDENTIFIER=Intel64 Family 6 Model 60 Stepping 3, GenuineIntel



---------------  S Y S T E M  ---------------

OS: Windows 8 , 64 bit Build 9200 (6.2.9200.16384)

CPU:total 8 (4 cores per cpu, 2 threads per core) family 6 model 60 stepping 3, cmov, cx8, fxsr, mmx, sse, sse2, sse3, ssse3, sse4.1, sse4.2, popcnt, avx, avx2, aes, clmul, erms, lzcnt, ht, tsc, tscinvbit, bmi1, bmi2

Memory: 4k page, physical 8266004k(1657848k free), swap 12953876k(6300k free)

vm_info: Java HotSpot(TM) 64-Bit Server VM (25.77-b03) for windows-amd64 JRE (1.8.0_77-b03), built on Mar 20 2016 22:01:33 by "java_re" with MS VC++ 10.0 (VS2010)

time: Fri Jul 15 17:58:51 2016
elapsed time: 3 seconds (0d 0h 0m 3s)

