#
# There is insufficient memory for the Java Runtime Environment to continue.
# Native memory allocation (malloc) failed to allocate 956816 bytes for Chunk::new
# Possible reasons:
#   The system is out of physical RAM or swap space
#   In 32 bit mode, the process size limit was hit
# Possible solutions:
#   Reduce memory load on the system
#   Increase physical memory or swap space
#   Check if swap backing store is full
#   Use 64 bit Java on a 64 bit OS
#   Decrease Java heap size (-Xmx/-Xms)
#   Decrease number of Java threads
#   Decrease Java thread stack sizes (-Xss)
#   Set larger code cache with -XX:ReservedCodeCacheSize=
# This output file may be truncated or incomplete.
#
#  Out of Memory Error (allocation.cpp:390), pid=2184, tid=8272
#
# JRE version: Java(TM) SE Runtime Environment (8.0_77-b03) (build 1.8.0_77-b03)
# Java VM: Java HotSpot(TM) 64-Bit Server VM (25.77-b03 mixed mode windows-amd64 compressed oops)
# Failed to write core dump. Minidumps are not enabled by default on client versions of Windows
#

---------------  T H R E A D  ---------------

Current thread (0x0000000017a14800):  JavaThread "C2 CompilerThread2" daemon [_thread_in_native, id=8272, stack(0x0000000018550000,0x0000000018650000)]

Stack: [0x0000000018550000,0x0000000018650000]
[error occurred during error reporting (printing stack bounds), id 0xc0000005]

Native frames: (J=compiled Java code, j=interpreted, Vv=VM code, C=native code)


Current CompileTask:
C2:   2217 1443       4       com.android.dx.ssa.SCCP::simulateBlock (54 bytes)


---------------  P R O C E S S  ---------------

Java Threads: ( => current thread )
  0x0000000017a7c000 JavaThread "Service Thread" daemon [_thread_blocked, id=9680, stack(0x0000000018750000,0x0000000018850000)]
  0x0000000015b1c000 JavaThread "C1 CompilerThread3" daemon [_thread_in_native, id=1040, stack(0x0000000018650000,0x0000000018750000)]
=>0x0000000017a14800 JavaThread "C2 CompilerThread2" daemon [_thread_in_native, id=8272, stack(0x0000000018550000,0x0000000018650000)]
  0x0000000017a14000 JavaThread "C2 CompilerThread1" daemon [_thread_in_native, id=11452, stack(0x0000000018450000,0x0000000018550000)]
  0x0000000017a0f000 JavaThread "C2 CompilerThread0" daemon [_thread_in_native, id=9128, stack(0x0000000018350000,0x0000000018450000)]
  0x0000000017a0d000 JavaThread "Attach Listener" daemon [_thread_blocked, id=9376, stack(0x0000000018250000,0x0000000018350000)]
  0x0000000017a0a000 JavaThread "Signal Dispatcher" daemon [_thread_blocked, id=2924, stack(0x0000000018150000,0x0000000018250000)]
  0x0000000017a00800 JavaThread "Finalizer" daemon [_thread_blocked, id=9276, stack(0x0000000017de0000,0x0000000017ee0000)]
  0x0000000015b0d800 JavaThread "Reference Handler" daemon [_thread_blocked, id=6188, stack(0x00000000178e0000,0x00000000179e0000)]
  0x0000000002ef1000 JavaThread "main" [_thread_in_Java, id=10820, stack(0x0000000002a90000,0x0000000002b90000)]

Other Threads:
  0x0000000015b09000 VMThread [stack: 0x00000000177e0000,0x00000000178e0000] [id=12088]
  0x0000000017abc000 WatcherThread [stack: 0x0000000018850000,0x0000000018950000] [id=6680]

VM state:not at safepoint (normal execution)

VM Mutex/Monitor currently owned by a thread: None

Heap:
 PSYoungGen      total 38400K, used 16622K [0x00000000eab00000, 0x00000000ed580000, 0x0000000100000000)
  eden space 33280K, 34% used [0x00000000eab00000,0x00000000eb643700,0x00000000ecb80000)
  from space 5120K, 99% used [0x00000000ecb80000,0x00000000ed0784a0,0x00000000ed080000)
  to   space 5120K, 0% used [0x00000000ed080000,0x00000000ed080000,0x00000000ed580000)
 ParOldGen       total 87552K, used 2084K [0x00000000c0000000, 0x00000000c5580000, 0x00000000eab00000)
  object space 87552K, 2% used [0x00000000c0000000,0x00000000c02092f0,0x00000000c5580000)
 Metaspace       used 5842K, capacity 7024K, committed 7296K, reserved 1056768K
  class space    used 563K, capacity 616K, committed 640K, reserved 1048576K

Card table byte_map: [0x00000000123b0000,0x00000000125c0000] byte_map_base: 0x0000000011db0000

Marking Bits: (ParMarkBitMap*) 0x0000000058ec0600
 Begin Bits: [0x0000000012f20000, 0x0000000013f20000)
 End Bits:   [0x0000000013f20000, 0x0000000014f20000)

Polling page: 0x00000000010e0000

CodeCache: size=245760Kb used=6014Kb max_used=6014Kb free=239745Kb
 bounds [0x0000000002ff0000, 0x00000000035e0000, 0x0000000011ff0000]
 total_blobs=1718 nmethods=1453 adapters=178
 compilation: enabled

Compilation events (10 events):
Event: 2.197 Thread 0x0000000015b1c000 nmethod 1455 0x00000000035d2b90 code [0x00000000035d2dc0, 0x00000000035d3998]
Event: 2.199 Thread 0x0000000015b1c000 1457       3       com.android.dx.cf.code.Frame::mergeWith (80 bytes)
Event: 2.200 Thread 0x0000000015b1c000 nmethod 1457 0x00000000035d3f10 code [0x00000000035d4140, 0x00000000035d5128]
Event: 2.203 Thread 0x0000000015b1c000 1458       3       com.android.dx.rop.code.SourcePosition::equals (46 bytes)
Event: 2.203 Thread 0x0000000015b1c000 nmethod 1458 0x00000000035cba90 code [0x00000000035cbc20, 0x00000000035cc148]
Event: 2.207 Thread 0x0000000015b1c000 1461       3       java.util.TreeMap$PrivateEntryIterator::<init> (28 bytes)
Event: 2.208 Thread 0x0000000015b1c000 nmethod 1461 0x00000000035d55d0 code [0x00000000035d5740, 0x00000000035d5950]
Event: 2.210 Thread 0x0000000015b1c000 1462       3       java.io.DataInputStream::<init> (30 bytes)
Event: 2.210 Thread 0x0000000015b1c000 nmethod 1462 0x00000000035d5a50 code [0x00000000035d5bc0, 0x00000000035d6010]
Event: 2.210 Thread 0x0000000015b1c000 1464       3       com.android.dx.cf.code.Ropper::addSetupBlocks (535 bytes)

GC Heap History (2 events):
Event: 1.648 GC heap before
{Heap before GC invocations=1 (full 0):
 PSYoungGen      total 38400K, used 33280K [0x00000000eab00000, 0x00000000ed580000, 0x0000000100000000)
  eden space 33280K, 100% used [0x00000000eab00000,0x00000000ecb80000,0x00000000ecb80000)
  from space 5120K, 0% used [0x00000000ed080000,0x00000000ed080000,0x00000000ed580000)
  to   space 5120K, 0% used [0x00000000ecb80000,0x00000000ecb80000,0x00000000ed080000)
 ParOldGen       total 87552K, used 0K [0x00000000c0000000, 0x00000000c5580000, 0x00000000eab00000)
  object space 87552K, 0% used [0x00000000c0000000,0x00000000c0000000,0x00000000c5580000)
 Metaspace       used 5760K, capacity 6960K, committed 7040K, reserved 1056768K
  class space    used 563K, capacity 616K, committed 640K, reserved 1048576K
Event: 1.718 GC heap after
Heap after GC invocations=1 (full 0):
 PSYoungGen      total 38400K, used 5089K [0x00000000eab00000, 0x00000000ed580000, 0x0000000100000000)
  eden space 33280K, 0% used [0x00000000eab00000,0x00000000eab00000,0x00000000ecb80000)
  from space 5120K, 99% used [0x00000000ecb80000,0x00000000ed0784a0,0x00000000ed080000)
  to   space 5120K, 0% used [0x00000000ed080000,0x00000000ed080000,0x00000000ed580000)
 ParOldGen       total 87552K, used 2084K [0x00000000c0000000, 0x00000000c5580000, 0x00000000eab00000)
  object space 87552K, 2% used [0x00000000c0000000,0x00000000c02092f0,0x00000000c5580000)
 Metaspace       used 5760K, capacity 6960K, committed 7040K, reserved 1056768K
  class space    used 563K, capacity 616K, committed 640K, reserved 1048576K
}

Deoptimization events (10 events):
Event: 0.844 Thread 0x0000000002ef1000 Uncommon trap: reason=bimorphic action=maybe_recompile pc=0x000000000322dd88 method=java.util.HashMap.getNode(ILjava/lang/Object;)Ljava/util/HashMap$Node; @ 126
Event: 0.844 Thread 0x0000000002ef1000 Uncommon trap: reason=bimorphic action=maybe_recompile pc=0x000000000322dd88 method=java.util.HashMap.getNode(ILjava/lang/Object;)Ljava/util/HashMap$Node; @ 126
Event: 0.844 Thread 0x0000000002ef1000 Uncommon trap: reason=bimorphic action=maybe_recompile pc=0x000000000322dd88 method=java.util.HashMap.getNode(ILjava/lang/Object;)Ljava/util/HashMap$Node; @ 126
Event: 0.844 Thread 0x0000000002ef1000 Uncommon trap: reason=bimorphic action=maybe_recompile pc=0x000000000322dd88 method=java.util.HashMap.getNode(ILjava/lang/Object;)Ljava/util/HashMap$Node; @ 126
Event: 0.844 Thread 0x0000000002ef1000 Uncommon trap: reason=bimorphic action=maybe_recompile pc=0x0000000003265e4c method=java.util.HashMap.getNode(ILjava/lang/Object;)Ljava/util/HashMap$Node; @ 126
Event: 1.443 Thread 0x0000000002ef1000 Uncommon trap: reason=unstable_if action=reinterpret pc=0x00000000034606fc method=com.android.dx.util.IntList.binarysearch(I)I @ 105
Event: 2.082 Thread 0x0000000002ef1000 Uncommon trap: reason=bimorphic action=maybe_recompile pc=0x000000000355ebb0 method=com.android.dx.ssa.LiteralOpUpgrader.tryReplacingWithConstant(Lcom/android/dx/ssa/NormalSsaInsn;)Z @ 52
Event: 2.092 Thread 0x0000000002ef1000 Uncommon trap: reason=unstable_if action=reinterpret pc=0x0000000003500284 method=java.util.BitSet.clone()Ljava/lang/Object; @ 4
Event: 2.110 Thread 0x0000000002ef1000 Uncommon trap: reason=bimorphic action=maybe_recompile pc=0x000000000358fe0c method=com.android.dx.rop.code.RegisterSpec.withSimpleType()Lcom/android/dx/rop/code/RegisterSpec; @ 21
Event: 2.183 Thread 0x0000000002ef1000 Uncommon trap: reason=bimorphic action=maybe_recompile pc=0x000000000358fe0c method=com.android.dx.rop.code.RegisterSpec.withSimpleType()Lcom/android/dx/rop/code/RegisterSpec; @ 21

Internal exceptions (2 events):
Event: 0.048 Thread 0x0000000002ef1000 Exception <a 'java/lang/NoSuchMethodError': Method sun.misc.Unsafe.defineClass(Ljava/lang/String;[BII)Ljava/lang/Class; name or signature does not match> (0x00000000eab07cc0) thrown at [D:\re\workspace\8-2-build-windows-amd64-cygwin\jdk8u77\6540\hotspot\srifL¡”¨?
Event: 0.048 Thread 0x0000000002ef1000 Exception <a 'java/lang/NoSuchMethodError': Method sun.misc.Unsafe.prefetchRead(Ljava/lang/Object;J)V name or signature does not match> (0x00000000eab07fa8) thrown at [D:\re\workspace\8-2-build-windows-amd64-cygwin\jdk8u77\6540\hotspot\src\share\vm\prims\j

Events (10 events):
Event: 2.082 Thread 0x0000000002ef1000 DEOPT UNPACKING pc=0x000000000303582a sp=0x0000000002b8e538 mode 2
Event: 2.092 Thread 0x0000000002ef1000 Uncommon trap: trap_request=0xffffff65 fr.pc=0x0000000003500284
Event: 2.092 Thread 0x0000000002ef1000 DEOPT PACKING pc=0x0000000003500284 sp=0x0000000002b8e6b0
Event: 2.092 Thread 0x0000000002ef1000 DEOPT UNPACKING pc=0x000000000303582a sp=0x0000000002b8e678 mode 2
Event: 2.110 Thread 0x0000000002ef1000 Uncommon trap: trap_request=0xffffffc6 fr.pc=0x000000000358fe0c
Event: 2.110 Thread 0x0000000002ef1000 DEOPT PACKING pc=0x000000000358fe0c sp=0x0000000002b8e680
Event: 2.110 Thread 0x0000000002ef1000 DEOPT UNPACKING pc=0x000000000303582a sp=0x0000000002b8e5e8 mode 2
Event: 2.183 Thread 0x0000000002ef1000 Uncommon trap: trap_request=0xffffffc6 fr.pc=0x000000000358fe0c
Event: 2.183 Thread 0x0000000002ef1000 DEOPT PACKING pc=0x000000000358fe0c sp=0x0000000002b8e600
Event: 2.184 Thread 0x0000000002ef1000 DEOPT UNPACKING pc=0x000000000303582a sp=0x0000000002b8e568 mode 2


Dynamic libraries:
0x000007f73c840000 - 0x000007f73c877000 	C:\Program Files\Java\jdk1.8.0_77\bin\java.exe
0x000007fa6b2e0000 - 0x000007fa6b4a0000 	C:\Windows\SYSTEM32\ntdll.dll
0x000007fa69360000 - 0x000007fa69496000 	C:\Windows\system32\KERNEL32.DLL
0x000007fa68360000 - 0x000007fa68453000 	C:\Windows\system32\KERNELBASE.dll
0x000007fa68e00000 - 0x000007fa68ede000 	C:\Windows\system32\ADVAPI32.dll
0x000007fa68ee0000 - 0x000007fa6902c000 	C:\Windows\system32\USER32.dll
0x000007fa655d0000 - 0x000007fa6583a000 	C:\Windows\WinSxS\amd64_microsoft.windows.common-controls_6595b64144ccf1df_6.0.9200.16579_none_418ab7ef718b27ef\COMCTL32.dll
0x000007fa692b0000 - 0x000007fa69355000 	C:\Windows\system32\msvcrt.dll
0x000007fa690e0000 - 0x000007fa69128000 	C:\Windows\SYSTEM32\sechost.dll
0x000007fa688f0000 - 0x000007fa68a30000 	C:\Windows\system32\RPCRT4.dll
0x000007fa6aa30000 - 0x000007fa6ab70000 	C:\Windows\system32\GDI32.dll
0x000007fa691a0000 - 0x000007fa691d9000 	C:\Windows\system32\IMM32.DLL
0x000007fa687c0000 - 0x000007fa688d5000 	C:\Windows\system32\MSCTF.dll
0x0000000058190000 - 0x0000000058262000 	C:\Program Files\Java\jdk1.8.0_77\jre\bin\msvcr100.dll
0x00000000586b0000 - 0x0000000058f40000 	C:\Program Files\Java\jdk1.8.0_77\jre\bin\server\jvm.dll
0x000007fa612c0000 - 0x000007fa612c9000 	C:\Windows\SYSTEM32\WSOCK32.dll
0x000007fa66710000 - 0x000007fa66730000 	C:\Windows\SYSTEM32\WINMM.dll
0x000007fa66810000 - 0x000007fa66819000 	C:\Windows\SYSTEM32\VERSION.dll
0x000007fa688e0000 - 0x000007fa688e7000 	C:\Windows\system32\PSAPI.DLL
0x000007fa694a0000 - 0x000007fa694f8000 	C:\Windows\system32\WS2_32.dll
0x000007fa64f00000 - 0x000007fa64f32000 	C:\Windows\SYSTEM32\WINMMBASE.dll
0x000007fa687b0000 - 0x000007fa687b9000 	C:\Windows\system32\NSI.dll
0x00000000586a0000 - 0x00000000586af000 	C:\Program Files\Java\jdk1.8.0_77\jre\bin\verify.dll
0x0000000058670000 - 0x0000000058699000 	C:\Program Files\Java\jdk1.8.0_77\jre\bin\java.dll
0x0000000058650000 - 0x0000000058666000 	C:\Program Files\Java\jdk1.8.0_77\jre\bin\zip.dll
0x000007fa69510000 - 0x000007fa6a7f0000 	C:\Windows\system32\SHELL32.dll
0x000007fa6aea0000 - 0x000007fa6b050000 	C:\Windows\SYSTEM32\combase.dll
0x000007fa6acf0000 - 0x000007fa6ad40000 	C:\Windows\system32\SHLWAPI.dll
0x000007fa67370000 - 0x000007fa67406000 	C:\Windows\SYSTEM32\SHCORE.dll
0x000007fa681b0000 - 0x000007fa681c5000 	C:\Windows\SYSTEM32\profapi.dll

VM Arguments:
jvm_args: -Djava.awt.headless=true -Xmx1024M -Dfile.encoding=windows-1251 -Duser.country=RU -Duser.language=ru -Duser.variant 
java_command: com.android.dx.command.Main --dex --output C:\Users\paperrose\AndroidStudioProjects\MttPBase\app\build\intermediates\pre-dexed\debug\httpcore_23b491e937e5e547d51481cdd004dd981896022a.jar C:\Users\paperrose\AndroidStudioProjects\MttPBase\app\libs\httpcore.jar
java_class_path (initial): C:\Users\paperrose\AppData\Local\Android\sdk\build-tools\22.0.1\lib\dx.jar
Launcher Type: SUN_STANDARD

Environment Variables:
PATH=C:\ProgramData\Oracle\Java\javapath;C:\Program Files\ImageMagick-6.9.2-Q16;C:\Inprise\vbroker\bin;C:\PROGRA~2\Borland\CBUILD~1\Bin;C:\PROGRA~2\Borland\CBUILD~1\Projects\Bpl;C:\Program Files (x86)\PC Connectivity Solution\;C:\Program Files (x86)\WinMerge;C:\Program Files\TortoiseGit\bin;C:\Program Files\Java\jdk1.8.0_77\bin;C:\Program Files\Java\jre1.8.0_77\bin;C:\Program Files\OpenVPN\bin;C:\Program Files (x86)\Skype\Phone\
USERNAME=paperrose
OS=Windows_NT
PROCESSOR_IDENTIFIER=Intel64 Family 6 Model 60 Stepping 3, GenuineIntel



---------------  S Y S T E M  ---------------

OS: Windows 8 , 64 bit Build 9200 (6.2.9200.16384)

CPU:total 8 (4 cores per cpu, 2 threads per core) family 6 model 60 stepping 3, cmov, cx8, fxsr, mmx, sse, sse2, sse3, ssse3, sse4.1, sse4.2, popcnt, avx, avx2, aes, clmul, erms, lzcnt, ht, tsc, tscinvbit, bmi1, bmi2

Memory: 4k page, physical 8266004k(1557472k free), swap 12953876k(6220k free)

vm_info: Java HotSpot(TM) 64-Bit Server VM (25.77-b03) for windows-amd64 JRE (1.8.0_77-b03), built on Mar 20 2016 22:01:33 by "java_re" with MS VC++ 10.0 (VS2010)

time: Fri Jul 15 17:58:58 2016
elapsed time: 2 seconds (0d 0h 0m 2s)

