#
# There is insufficient memory for the Java Runtime Environment to continue.
# Native memory allocation (malloc) failed to allocate 142432 bytes for Chunk::new
# Possible reasons:
#   The system is out of physical RAM or swap space
#   In 32 bit mode, the process size limit was hit
# Possible solutions:
#   Reduce memory load on the system
#   Increase physical memory or swap space
#   Check if swap backing store is full
#   Use 64 bit Java on a 64 bit OS
#   Decrease Java heap size (-Xmx/-Xms)
#   Decrease number of Java threads
#   Decrease Java thread stack sizes (-Xss)
#   Set larger code cache with -XX:ReservedCodeCacheSize=
# This output file may be truncated or incomplete.
#
#  Out of Memory Error (allocation.cpp:390), pid=7552, tid=76
#
# JRE version: Java(TM) SE Runtime Environment (8.0_77-b03) (build 1.8.0_77-b03)
# Java VM: Java HotSpot(TM) 64-Bit Server VM (25.77-b03 mixed mode windows-amd64 compressed oops)
# Failed to write core dump. Minidumps are not enabled by default on client versions of Windows
#

---------------  T H R E A D  ---------------

Current thread (0x0000000017c6d800):  JavaThread "C2 CompilerThread1" daemon [_thread_in_native, id=76, stack(0x00000000186b0000,0x00000000187b0000)]

Stack: [0x00000000186b0000,0x00000000187b0000]
[error occurred during error reporting (printing stack bounds), id 0xc0000005]

Native frames: (J=compiled Java code, j=interpreted, Vv=VM code, C=native code)


Current CompileTask:
C2:   1891 1506   !   4       com.android.dx.cf.cst.ConstantPoolParser::parse0 (731 bytes)


---------------  P R O C E S S  ---------------

Java Threads: ( => current thread )
  0x0000000017c84000 JavaThread "Service Thread" daemon [_thread_blocked, id=11096, stack(0x00000000189b0000,0x0000000018ab0000)]
  0x0000000017c72000 JavaThread "C1 CompilerThread3" daemon [_thread_blocked, id=9392, stack(0x00000000188b0000,0x00000000189b0000)]
  0x0000000017c6e800 JavaThread "C2 CompilerThread2" daemon [_thread_in_native, id=9548, stack(0x00000000187b0000,0x00000000188b0000)]
=>0x0000000017c6d800 JavaThread "C2 CompilerThread1" daemon [_thread_in_native, id=76, stack(0x00000000186b0000,0x00000000187b0000)]
  0x0000000017c69000 JavaThread "C2 CompilerThread0" daemon [_thread_in_native, id=6596, stack(0x00000000185b0000,0x00000000186b0000)]
  0x0000000017c67000 JavaThread "Attach Listener" daemon [_thread_blocked, id=4008, stack(0x00000000184b0000,0x00000000185b0000)]
  0x0000000017c66000 JavaThread "Signal Dispatcher" daemon [_thread_blocked, id=8280, stack(0x00000000183b0000,0x00000000184b0000)]
  0x0000000017c60800 JavaThread "Finalizer" daemon [_thread_blocked, id=11416, stack(0x0000000018040000,0x0000000018140000)]
  0x0000000003237000 JavaThread "Reference Handler" daemon [_thread_blocked, id=8144, stack(0x0000000017b40000,0x0000000017c40000)]
  0x0000000003140800 JavaThread "main" [_thread_in_Java, id=64, stack(0x0000000002c70000,0x0000000002d70000)]

Other Threads:
  0x0000000015d5a000 VMThread [stack: 0x0000000017a40000,0x0000000017b40000] [id=9448]
  0x0000000017d1c800 WatcherThread [stack: 0x0000000018ab0000,0x0000000018bb0000] [id=2500]

VM state:not at safepoint (normal execution)

VM Mutex/Monitor currently owned by a thread: None

Heap:
 PSYoungGen      total 38400K, used 24741K [0x00000000eab00000, 0x00000000ed580000, 0x0000000100000000)
  eden space 33280K, 58% used [0x00000000eab00000,0x00000000ebe2abb0,0x00000000ecb80000)
  from space 5120K, 99% used [0x00000000ecb80000,0x00000000ed07eac8,0x00000000ed080000)
  to   space 5120K, 0% used [0x00000000ed080000,0x00000000ed080000,0x00000000ed580000)
 ParOldGen       total 87552K, used 1802K [0x00000000c0000000, 0x00000000c5580000, 0x00000000eab00000)
  object space 87552K, 2% used [0x00000000c0000000,0x00000000c01c2ad0,0x00000000c5580000)
 Metaspace       used 5886K, capacity 7088K, committed 7296K, reserved 1056768K
  class space    used 566K, capacity 616K, committed 640K, reserved 1048576K

Card table byte_map: [0x0000000012600000,0x0000000012810000] byte_map_base: 0x0000000012000000

Marking Bits: (ParMarkBitMap*) 0x0000000058ec0600
 Begin Bits: [0x0000000013170000, 0x0000000014170000)
 End Bits:   [0x0000000014170000, 0x0000000015170000)

Polling page: 0x0000000001280000

CodeCache: size=245760Kb used=6507Kb max_used=6519Kb free=239252Kb
 bounds [0x0000000003240000, 0x00000000038b0000, 0x0000000012240000]
 total_blobs=1777 nmethods=1512 adapters=178
 compilation: enabled

Compilation events (10 events):
Event: 1.852 Thread 0x0000000017c72000 nmethod 1515 0x0000000003898510 code [0x00000000038986a0, 0x0000000003898c18]
Event: 1.853 Thread 0x0000000017c69000 1516       4       com.android.dx.cf.code.Ropper::getAvailableLabel (54 bytes)
Event: 1.855 Thread 0x0000000017c72000 1517       3       com.android.dx.rop.code.LocalVariableExtractor::<init> (59 bytes)
Event: 1.856 Thread 0x0000000017c72000 nmethod 1517 0x0000000003897b10 code [0x0000000003897cc0, 0x00000000038982c8]
Event: 1.856 Thread 0x0000000017c72000 1518       3       com.android.dx.rop.code.LocalVariableInfo::<init> (82 bytes)
Event: 1.857 Thread 0x0000000017c72000 nmethod 1518 0x0000000003896590 code [0x00000000038967e0, 0x0000000003897568]
Event: 1.857 Thread 0x0000000017c72000 1520       3       com.android.dx.dex.code.RopTranslator::translate (21 bytes)
Event: 1.857 Thread 0x0000000017c72000 nmethod 1520 0x0000000003895290 code [0x0000000003895400, 0x0000000003895638]
Event: 1.861 Thread 0x0000000017c69000 nmethod 1516 0x00000000038a3550 code [0x00000000038a36c0, 0x00000000038a3ad8]
Event: 1.861 Thread 0x0000000017c69000 1519       4       com.android.dx.rop.code.LocalVariableExtractor::processBlock (327 bytes)

GC Heap History (2 events):
Event: 1.262 GC heap before
{Heap before GC invocations=1 (full 0):
 PSYoungGen      total 38400K, used 33280K [0x00000000eab00000, 0x00000000ed580000, 0x0000000100000000)
  eden space 33280K, 100% used [0x00000000eab00000,0x00000000ecb80000,0x00000000ecb80000)
  from space 5120K, 0% used [0x00000000ed080000,0x00000000ed080000,0x00000000ed580000)
  to   space 5120K, 0% used [0x00000000ecb80000,0x00000000ecb80000,0x00000000ed080000)
 ParOldGen       total 87552K, used 0K [0x00000000c0000000, 0x00000000c5580000, 0x00000000eab00000)
  object space 87552K, 0% used [0x00000000c0000000,0x00000000c0000000,0x00000000c5580000)
 Metaspace       used 5793K, capacity 7024K, committed 7296K, reserved 1056768K
  class space    used 566K, capacity 616K, committed 640K, reserved 1048576K
Event: 1.289 GC heap after
Heap after GC invocations=1 (full 0):
 PSYoungGen      total 38400K, used 5114K [0x00000000eab00000, 0x00000000ed580000, 0x0000000100000000)
  eden space 33280K, 0% used [0x00000000eab00000,0x00000000eab00000,0x00000000ecb80000)
  from space 5120K, 99% used [0x00000000ecb80000,0x00000000ed07eac8,0x00000000ed080000)
  to   space 5120K, 0% used [0x00000000ed080000,0x00000000ed080000,0x00000000ed580000)
 ParOldGen       total 87552K, used 1802K [0x00000000c0000000, 0x00000000c5580000, 0x00000000eab00000)
  object space 87552K, 2% used [0x00000000c0000000,0x00000000c01c2ad0,0x00000000c5580000)
 Metaspace       used 5793K, capacity 7024K, committed 7296K, reserved 1056768K
  class space    used 566K, capacity 616K, committed 640K, reserved 1048576K
}

Deoptimization events (10 events):
Event: 0.927 Thread 0x0000000003140800 Uncommon trap: reason=null_check action=make_not_entrant pc=0x00000000035adf68 method=com.android.dx.rop.type.Type.equals(Ljava/lang/Object;)Z @ 8
Event: 0.929 Thread 0x0000000003140800 Uncommon trap: reason=null_check action=make_not_entrant pc=0x00000000035a43a4 method=com.android.dx.ssa.SsaRenamer.getLocalForNewReg(I)Lcom/android/dx/rop/code/LocalItem; @ 19
Event: 0.929 Thread 0x0000000003140800 Uncommon trap: reason=null_check action=make_not_entrant pc=0x0000000003592fcc method=com.android.dx.ssa.SsaRenamer.getLocalForNewReg(I)Lcom/android/dx/rop/code/LocalItem; @ 19
Event: 0.942 Thread 0x0000000003140800 Uncommon trap: reason=unstable_if action=reinterpret pc=0x0000000003598ce4 method=com.android.dx.rop.code.LocalItem.hashCode()I @ 25
Event: 0.942 Thread 0x0000000003140800 Uncommon trap: reason=unstable_if action=reinterpret pc=0x000000000359f26c method=com.android.dx.rop.code.LocalItem.hashCode()I @ 25
Event: 0.942 Thread 0x0000000003140800 Uncommon trap: reason=unstable_if action=reinterpret pc=0x00000000035a059c method=com.android.dx.rop.code.LocalItem.hashCode()I @ 25
Event: 0.942 Thread 0x0000000003140800 Uncommon trap: reason=unstable_if action=reinterpret pc=0x000000000358c5dc method=com.android.dx.rop.code.LocalItem.hashCode()I @ 25
Event: 1.122 Thread 0x0000000003140800 Uncommon trap: reason=unstable_if action=reinterpret pc=0x00000000036a97c4 method=com.android.dx.rop.code.RegisterSpecSet.<init>(I)V @ 2
Event: 1.497 Thread 0x0000000003140800 Uncommon trap: reason=unstable_if action=reinterpret pc=0x0000000003533b9c method=com.android.dx.rop.cst.Constant.compareTo(Lcom/android/dx/rop/cst/Constant;)I @ 12
Event: 1.630 Thread 0x0000000003140800 Uncommon trap: reason=unstable_if action=reinterpret pc=0x00000000038453cc method=com.android.dx.ssa.SsaRenamer$BlockRenamer.visitMoveInsn(Lcom/android/dx/ssa/NormalSsaInsn;)V @ 104

Internal exceptions (5 events):
Event: 0.036 Thread 0x0000000003140800 Exception <a 'java/lang/NoSuchMethodError': Method sun.misc.Unsafe.defineClass(Ljava/lang/String;[BII)Ljava/lang/Class; name or signature does not match> (0x00000000eab07cc0) thrown at [D:\re\workspace\8-2-build-windows-amd64-cygwin\jdk8u77\6540\hotspot\sr9ž×+uA¢?
Event: 0.036 Thread 0x0000000003140800 Exception <a 'java/lang/NoSuchMethodError': Method sun.misc.Unsafe.prefetchRead(Ljava/lang/Object;J)V name or signature does not match> (0x00000000eab07fa8) thrown at [D:\re\workspace\8-2-build-windows-amd64-cygwin\jdk8u77\6540\hotspot\src\share\vm\prims\j¬“úE­í?
Event: 0.927 Thread 0x0000000003140800 Implicit null exception at 0x00000000035ade62 to 0x00000000035adf5a
Event: 0.929 Thread 0x0000000003140800 Implicit null exception at 0x00000000035a2c2f to 0x00000000035a435d
Event: 0.929 Thread 0x0000000003140800 Implicit null exception at 0x0000000003591ab1 to 0x0000000003592fad

Events (10 events):
Event: 1.122 Thread 0x0000000003140800 DEOPT PACKING pc=0x00000000036a97c4 sp=0x0000000002d6ebd0
Event: 1.122 Thread 0x0000000003140800 DEOPT UNPACKING pc=0x000000000328582a sp=0x0000000002d6eb00 mode 2
Event: 1.261 Executing VM operation: ParallelGCFailedAllocation
Event: 1.289 Executing VM operation: ParallelGCFailedAllocation done
Event: 1.497 Thread 0x0000000003140800 Uncommon trap: trap_request=0xffffff65 fr.pc=0x0000000003533b9c
Event: 1.497 Thread 0x0000000003140800 DEOPT PACKING pc=0x0000000003533b9c sp=0x0000000002d6e420
Event: 1.497 Thread 0x0000000003140800 DEOPT UNPACKING pc=0x000000000328582a sp=0x0000000002d6e3c0 mode 2
Event: 1.630 Thread 0x0000000003140800 Uncommon trap: trap_request=0xffffff65 fr.pc=0x00000000038453cc
Event: 1.630 Thread 0x0000000003140800 DEOPT PACKING pc=0x00000000038453cc sp=0x0000000002d6e8e0
Event: 1.630 Thread 0x0000000003140800 DEOPT UNPACKING pc=0x000000000328582a sp=0x0000000002d6e750 mode 2


Dynamic libraries:
0x000007f73c840000 - 0x000007f73c877000 	C:\Program Files\Java\jdk1.8.0_77\bin\java.exe
0x000007fa6b2e0000 - 0x000007fa6b4a0000 	C:\Windows\SYSTEM32\ntdll.dll
0x000007fa69360000 - 0x000007fa69496000 	C:\Windows\system32\KERNEL32.DLL
0x000007fa68360000 - 0x000007fa68453000 	C:\Windows\system32\KERNELBASE.dll
0x000007fa68e00000 - 0x000007fa68ede000 	C:\Windows\system32\ADVAPI32.dll
0x000007fa68ee0000 - 0x000007fa6902c000 	C:\Windows\system32\USER32.dll
0x000007fa655d0000 - 0x000007fa6583a000 	C:\Windows\WinSxS\amd64_microsoft.windows.common-controls_6595b64144ccf1df_6.0.9200.16579_none_418ab7ef718b27ef\COMCTL32.dll
0x000007fa692b0000 - 0x000007fa69355000 	C:\Windows\system32\msvcrt.dll
0x000007fa690e0000 - 0x000007fa69128000 	C:\Windows\SYSTEM32\sechost.dll
0x000007fa688f0000 - 0x000007fa68a30000 	C:\Windows\system32\RPCRT4.dll
0x000007fa6aa30000 - 0x000007fa6ab70000 	C:\Windows\system32\GDI32.dll
0x000007fa691a0000 - 0x000007fa691d9000 	C:\Windows\system32\IMM32.DLL
0x000007fa687c0000 - 0x000007fa688d5000 	C:\Windows\system32\MSCTF.dll
0x0000000058190000 - 0x0000000058262000 	C:\Program Files\Java\jdk1.8.0_77\jre\bin\msvcr100.dll
0x00000000586b0000 - 0x0000000058f40000 	C:\Program Files\Java\jdk1.8.0_77\jre\bin\server\jvm.dll
0x000007fa612c0000 - 0x000007fa612c9000 	C:\Windows\SYSTEM32\WSOCK32.dll
0x000007fa66710000 - 0x000007fa66730000 	C:\Windows\SYSTEM32\WINMM.dll
0x000007fa66810000 - 0x000007fa66819000 	C:\Windows\SYSTEM32\VERSION.dll
0x000007fa688e0000 - 0x000007fa688e7000 	C:\Windows\system32\PSAPI.DLL
0x000007fa694a0000 - 0x000007fa694f8000 	C:\Windows\system32\WS2_32.dll
0x000007fa64f00000 - 0x000007fa64f32000 	C:\Windows\SYSTEM32\WINMMBASE.dll
0x000007fa687b0000 - 0x000007fa687b9000 	C:\Windows\system32\NSI.dll
0x00000000586a0000 - 0x00000000586af000 	C:\Program Files\Java\jdk1.8.0_77\jre\bin\verify.dll
0x0000000058670000 - 0x0000000058699000 	C:\Program Files\Java\jdk1.8.0_77\jre\bin\java.dll
0x0000000058650000 - 0x0000000058666000 	C:\Program Files\Java\jdk1.8.0_77\jre\bin\zip.dll
0x000007fa69510000 - 0x000007fa6a7f0000 	C:\Windows\system32\SHELL32.dll
0x000007fa6aea0000 - 0x000007fa6b050000 	C:\Windows\SYSTEM32\combase.dll
0x000007fa6acf0000 - 0x000007fa6ad40000 	C:\Windows\system32\SHLWAPI.dll
0x000007fa67370000 - 0x000007fa67406000 	C:\Windows\SYSTEM32\SHCORE.dll
0x000007fa681b0000 - 0x000007fa681c5000 	C:\Windows\SYSTEM32\profapi.dll

VM Arguments:
jvm_args: -Djava.awt.headless=true -Xmx1024M -Dfile.encoding=windows-1251 -Duser.country=RU -Duser.language=ru -Duser.variant 
java_command: com.android.dx.command.Main --dex --output C:\Users\paperrose\AndroidStudioProjects\MttPBase\app\build\intermediates\pre-dexed\debug\internal_impl-22.2.1_18d0519b66cc09c1be79743cf387402d60ee8744.jar C:\Users\paperrose\AndroidStudioProjects\MttPBase\app\build\intermediates\exploded-aar\com.android.support\support-v4\22.2.1\jars\libs\internal_impl-22.2.1.jar
java_class_path (initial): C:\Users\paperrose\AppData\Local\Android\sdk\build-tools\22.0.1\lib\dx.jar
Launcher Type: SUN_STANDARD

Environment Variables:
PATH=C:\ProgramData\Oracle\Java\javapath;C:\Program Files\ImageMagick-6.9.2-Q16;C:\Inprise\vbroker\bin;C:\PROGRA~2\Borland\CBUILD~1\Bin;C:\PROGRA~2\Borland\CBUILD~1\Projects\Bpl;C:\Program Files (x86)\PC Connectivity Solution\;C:\Program Files (x86)\WinMerge;C:\Program Files\TortoiseGit\bin;C:\Program Files\Java\jdk1.8.0_77\bin;C:\Program Files\Java\jre1.8.0_77\bin;C:\Program Files\OpenVPN\bin;C:\Program Files (x86)\Skype\Phone\
USERNAME=paperrose
OS=Windows_NT
PROCESSOR_IDENTIFIER=Intel64 Family 6 Model 60 Stepping 3, GenuineIntel



---------------  S Y S T E M  ---------------

OS: Windows 8 , 64 bit Build 9200 (6.2.9200.16384)

CPU:total 8 (4 cores per cpu, 2 threads per core) family 6 model 60 stepping 3, cmov, cx8, fxsr, mmx, sse, sse2, sse3, ssse3, sse4.1, sse4.2, popcnt, avx, avx2, aes, clmul, erms, lzcnt, ht, tsc, tscinvbit, bmi1, bmi2

Memory: 4k page, physical 8266004k(1656752k free), swap 12953876k(5204k free)

vm_info: Java HotSpot(TM) 64-Bit Server VM (25.77-b03) for windows-amd64 JRE (1.8.0_77-b03), built on Mar 20 2016 22:01:33 by "java_re" with MS VC++ 10.0 (VS2010)

time: Fri Jul 15 17:58:51 2016
elapsed time: 1 seconds (0d 0h 0m 1s)

